2025-04-12 22:19:08,320 - INFO - === 开始导入所有ETF数据 ===
2025-04-12 22:19:08,321 - INFO - 列名映射已保存到: data/etf_column_names.json
2025-04-12 22:19:08,321 - INFO - 开始导入ETF基本信息...
2025-04-12 22:19:08,327 - INFO - 使用文件: data/ETF_DATA_20250410.xlsx
2025-04-12 22:19:09,084 - INFO - 成功导入ETF基本信息，共1128条记录
2025-04-12 22:19:09,085 - INFO - 开始导入ETF价格数据...
2025-04-12 22:19:09,085 - INFO - 使用文件: data/ETF_DATA_20250410.xlsx
2025-04-12 22:19:09,586 - INFO - 成功导入ETF价格数据，共1128条记录
2025-04-12 22:19:09,586 - INFO - 开始导入ETF持有人数据...
2025-04-12 22:19:09,589 - INFO - 使用文件: data/客户ETF保有量20250410.xlsx
2025-04-12 22:19:09,599 - ERROR - 导入ETF持有人数据时出错: 'code'
Traceback (most recent call last):
  File "/Users/admin/PycharmProjects/Weekly_ETF_Data_Changes/venv/lib/python3.7/site-packages/pandas/core/indexes/base.py", line 2898, in get_loc
    return self._engine.get_loc(casted_key)
  File "pandas/_libs/index.pyx", line 70, in pandas._libs.index.IndexEngine.get_loc
  File "pandas/_libs/index.pyx", line 101, in pandas._libs.index.IndexEngine.get_loc
  File "pandas/_libs/hashtable_class_helper.pxi", line 1675, in pandas._libs.hashtable.PyObjectHashTable.get_item
  File "pandas/_libs/hashtable_class_helper.pxi", line 1683, in pandas._libs.hashtable.PyObjectHashTable.get_item
KeyError: 'code'

The above exception was the direct cause of the following exception:

Traceback (most recent call last):
  File "import_excel_data.py", line 210, in import_etf_holders
    df['code'] = df['code'].apply(normalize_etf_code)
  File "/Users/admin/PycharmProjects/Weekly_ETF_Data_Changes/venv/lib/python3.7/site-packages/pandas/core/frame.py", line 2906, in __getitem__
    indexer = self.columns.get_loc(key)
  File "/Users/admin/PycharmProjects/Weekly_ETF_Data_Changes/venv/lib/python3.7/site-packages/pandas/core/indexes/base.py", line 2900, in get_loc
    raise KeyError(key) from err
KeyError: 'code'
2025-04-12 22:19:09,602 - INFO - 开始导入ETF自选数据...
2025-04-12 22:19:09,604 - INFO - 使用文件: data/客户ETF自选人数20250410.xlsx
2025-04-12 22:19:09,615 - ERROR - 导入ETF自选数据时出错: 'code'
Traceback (most recent call last):
  File "/Users/admin/PycharmProjects/Weekly_ETF_Data_Changes/venv/lib/python3.7/site-packages/pandas/core/indexes/base.py", line 2898, in get_loc
    return self._engine.get_loc(casted_key)
  File "pandas/_libs/index.pyx", line 70, in pandas._libs.index.IndexEngine.get_loc
  File "pandas/_libs/index.pyx", line 101, in pandas._libs.index.IndexEngine.get_loc
  File "pandas/_libs/hashtable_class_helper.pxi", line 1675, in pandas._libs.hashtable.PyObjectHashTable.get_item
  File "pandas/_libs/hashtable_class_helper.pxi", line 1683, in pandas._libs.hashtable.PyObjectHashTable.get_item
KeyError: 'code'

The above exception was the direct cause of the following exception:

Traceback (most recent call last):
  File "import_excel_data.py", line 260, in import_etf_attention
    df['code'] = df['code'].apply(normalize_etf_code)
  File "/Users/admin/PycharmProjects/Weekly_ETF_Data_Changes/venv/lib/python3.7/site-packages/pandas/core/frame.py", line 2906, in __getitem__
    indexer = self.columns.get_loc(key)
  File "/Users/admin/PycharmProjects/Weekly_ETF_Data_Changes/venv/lib/python3.7/site-packages/pandas/core/indexes/base.py", line 2900, in get_loc
    raise KeyError(key) from err
KeyError: 'code'
2025-04-12 22:19:09,615 - INFO - 开始导入ETF指数分类数据...
2025-04-12 22:19:09,616 - INFO - 使用文件: data/ETF-Index-Classification_20250325.xlsx
2025-04-12 22:19:09,666 - INFO - 成功导入ETF指数分类数据，共429条记录
2025-04-12 22:19:09,667 - INFO - 开始导入ETF商务协议数据...
2025-04-12 22:19:09,670 - INFO - 使用文件: data/ETF单产品商务协议20250328.xlsx
2025-04-12 22:19:09,770 - INFO - 成功导入ETF商务协议数据，共339条记录
2025-04-12 22:19:09,770 - INFO - === ETF数据导入完成 ===
2025-04-12 22:19:09,770 - INFO - ETF基本信息: 成功
2025-04-12 22:19:09,770 - INFO - ETF价格数据: 成功
2025-04-12 22:19:09,770 - INFO - ETF持有人数据: 失败
2025-04-12 22:19:09,771 - INFO - ETF自选数据: 失败
2025-04-12 22:19:09,771 - INFO - ETF指数分类数据: 成功
2025-04-12 22:19:09,771 - INFO - ETF商务协议数据: 成功
2025-04-12 22:19:09,771 - INFO - === 数据库记录统计 ===
2025-04-12 22:19:09,771 - INFO - ETF基本信息表: 1128条记录
2025-04-12 22:19:09,772 - INFO - ETF价格数据表: 1128条记录
2025-04-12 22:19:09,772 - INFO - ETF持有人数据表: 1120条记录
2025-04-12 22:19:09,772 - INFO - ETF自选数据表: 1096条记录
2025-04-12 22:19:09,772 - INFO - ETF商务协议数据表: 339条记录
2025-04-12 22:24:17,013 - INFO - === 开始导入所有ETF数据 ===
2025-04-12 22:24:17,016 - INFO - 列名映射已保存到: data/etf_column_names.json
2025-04-12 22:24:17,016 - INFO - 开始导入ETF基本信息...
2025-04-12 22:24:17,019 - INFO - 使用文件: data/ETF_DATA_20250410.xlsx
2025-04-12 22:24:19,723 - INFO - 成功导入ETF基本信息，共1128条记录
2025-04-12 22:24:19,723 - INFO - 开始导入ETF价格数据...
2025-04-12 22:24:19,723 - INFO - 使用文件: data/ETF_DATA_20250410.xlsx
2025-04-12 22:24:20,215 - INFO - 成功导入ETF价格数据，共1128条记录
2025-04-12 22:24:20,216 - INFO - 开始导入ETF持有人数据...
2025-04-12 22:24:20,216 - INFO - 使用文件: data/客户ETF保有量20250410.xlsx
2025-04-12 22:24:20,227 - ERROR - 找不到证券代码列
2025-04-12 22:24:20,227 - ERROR - 导入ETF持有人数据时出错: 'holder_count'
Traceback (most recent call last):
  File "/Users/admin/PycharmProjects/Weekly_ETF_Data_Changes/venv/lib/python3.7/site-packages/pandas/core/indexes/base.py", line 2898, in get_loc
    return self._engine.get_loc(casted_key)
  File "pandas/_libs/index.pyx", line 70, in pandas._libs.index.IndexEngine.get_loc
  File "pandas/_libs/index.pyx", line 101, in pandas._libs.index.IndexEngine.get_loc
  File "pandas/_libs/hashtable_class_helper.pxi", line 1675, in pandas._libs.hashtable.PyObjectHashTable.get_item
  File "pandas/_libs/hashtable_class_helper.pxi", line 1683, in pandas._libs.hashtable.PyObjectHashTable.get_item
KeyError: 'holder_count'

The above exception was the direct cause of the following exception:

Traceback (most recent call last):
  File "/Users/admin/PycharmProjects/Weekly_ETF_Data_Changes/import_excel_data.py", line 217, in import_etf_holders
    df['holder_count'] = pd.to_numeric(df['holder_count'], errors='coerce').fillna(0).astype(int)
  File "/Users/admin/PycharmProjects/Weekly_ETF_Data_Changes/venv/lib/python3.7/site-packages/pandas/core/frame.py", line 2906, in __getitem__
    indexer = self.columns.get_loc(key)
  File "/Users/admin/PycharmProjects/Weekly_ETF_Data_Changes/venv/lib/python3.7/site-packages/pandas/core/indexes/base.py", line 2900, in get_loc
    raise KeyError(key) from err
KeyError: 'holder_count'
2025-04-12 22:24:20,231 - INFO - 开始导入ETF自选数据...
2025-04-12 22:24:20,231 - INFO - 使用文件: data/客户ETF自选人数20250410.xlsx
2025-04-12 22:24:20,241 - ERROR - 找不到证券代码列
2025-04-12 22:24:20,241 - ERROR - 导入ETF自选数据时出错: 'attention_count'
Traceback (most recent call last):
  File "/Users/admin/PycharmProjects/Weekly_ETF_Data_Changes/venv/lib/python3.7/site-packages/pandas/core/indexes/base.py", line 2898, in get_loc
    return self._engine.get_loc(casted_key)
  File "pandas/_libs/index.pyx", line 70, in pandas._libs.index.IndexEngine.get_loc
  File "pandas/_libs/index.pyx", line 101, in pandas._libs.index.IndexEngine.get_loc
  File "pandas/_libs/hashtable_class_helper.pxi", line 1675, in pandas._libs.hashtable.PyObjectHashTable.get_item
  File "pandas/_libs/hashtable_class_helper.pxi", line 1683, in pandas._libs.hashtable.PyObjectHashTable.get_item
KeyError: 'attention_count'

The above exception was the direct cause of the following exception:

Traceback (most recent call last):
  File "/Users/admin/PycharmProjects/Weekly_ETF_Data_Changes/import_excel_data.py", line 276, in import_etf_attention
    df['attention_count'] = pd.to_numeric(df['attention_count'], errors='coerce').fillna(0).astype(int)
  File "/Users/admin/PycharmProjects/Weekly_ETF_Data_Changes/venv/lib/python3.7/site-packages/pandas/core/frame.py", line 2906, in __getitem__
    indexer = self.columns.get_loc(key)
  File "/Users/admin/PycharmProjects/Weekly_ETF_Data_Changes/venv/lib/python3.7/site-packages/pandas/core/indexes/base.py", line 2900, in get_loc
    raise KeyError(key) from err
KeyError: 'attention_count'
2025-04-12 22:24:20,241 - INFO - 开始导入ETF指数分类数据...
2025-04-12 22:24:20,243 - INFO - 使用文件: data/ETF-Index-Classification_20250325.xlsx
2025-04-12 22:24:20,293 - INFO - 成功导入ETF指数分类数据，共429条记录
2025-04-12 22:24:20,293 - INFO - 开始导入ETF商务协议数据...
2025-04-12 22:24:20,295 - INFO - 使用文件: data/ETF单产品商务协议20250328.xlsx
2025-04-12 22:24:20,393 - INFO - 成功导入ETF商务协议数据，共339条记录
2025-04-12 22:24:20,393 - INFO - === ETF数据导入完成 ===
2025-04-12 22:24:20,393 - INFO - ETF基本信息: 成功
2025-04-12 22:24:20,393 - INFO - ETF价格数据: 成功
2025-04-12 22:24:20,393 - INFO - ETF持有人数据: 失败
2025-04-12 22:24:20,393 - INFO - ETF自选数据: 失败
2025-04-12 22:24:20,393 - INFO - ETF指数分类数据: 成功
2025-04-12 22:24:20,393 - INFO - ETF商务协议数据: 成功
2025-04-12 22:24:20,394 - INFO - === 数据库记录统计 ===
2025-04-12 22:24:20,394 - INFO - ETF基本信息表: 1128条记录
2025-04-12 22:24:20,394 - INFO - ETF价格数据表: 1128条记录
2025-04-12 22:24:20,394 - INFO - ETF持有人数据表: 1120条记录
2025-04-12 22:24:20,394 - INFO - ETF自选数据表: 1096条记录
2025-04-12 22:24:20,394 - INFO - ETF商务协议数据表: 339条记录
2025-04-12 22:25:23,682 - INFO - === 开始导入所有ETF数据 ===
2025-04-12 22:25:23,686 - INFO - 列名映射已保存到: data/etf_column_names.json
2025-04-12 22:25:23,686 - INFO - 开始导入ETF基本信息...
2025-04-12 22:25:23,688 - INFO - 使用文件: data/ETF_DATA_20250410.xlsx
2025-04-12 22:25:24,467 - INFO - 成功导入ETF基本信息，共1128条记录
2025-04-12 22:25:24,467 - INFO - 开始导入ETF价格数据...
2025-04-12 22:25:24,467 - INFO - 使用文件: data/ETF_DATA_20250410.xlsx
2025-04-12 22:25:24,967 - INFO - 成功导入ETF价格数据，共1128条记录
2025-04-12 22:25:24,967 - INFO - 开始导入ETF持有人数据...
2025-04-12 22:25:24,968 - INFO - 使用文件: data/客户ETF保有量20250410.xlsx
2025-04-12 22:25:24,978 - ERROR - 找不到证券代码列
2025-04-12 22:25:24,978 - ERROR - 导入ETF持有人数据时出错: 'holder_count'
Traceback (most recent call last):
  File "/Users/admin/PycharmProjects/Weekly_ETF_Data_Changes/venv/lib/python3.7/site-packages/pandas/core/indexes/base.py", line 2898, in get_loc
    return self._engine.get_loc(casted_key)
  File "pandas/_libs/index.pyx", line 70, in pandas._libs.index.IndexEngine.get_loc
  File "pandas/_libs/index.pyx", line 101, in pandas._libs.index.IndexEngine.get_loc
  File "pandas/_libs/hashtable_class_helper.pxi", line 1675, in pandas._libs.hashtable.PyObjectHashTable.get_item
  File "pandas/_libs/hashtable_class_helper.pxi", line 1683, in pandas._libs.hashtable.PyObjectHashTable.get_item
KeyError: 'holder_count'

The above exception was the direct cause of the following exception:

Traceback (most recent call last):
  File "/Users/admin/PycharmProjects/Weekly_ETF_Data_Changes/import_excel_data.py", line 217, in import_etf_holders
    df['holder_count'] = pd.to_numeric(df['holder_count'], errors='coerce').fillna(0).astype(int)
  File "/Users/admin/PycharmProjects/Weekly_ETF_Data_Changes/venv/lib/python3.7/site-packages/pandas/core/frame.py", line 2906, in __getitem__
    indexer = self.columns.get_loc(key)
  File "/Users/admin/PycharmProjects/Weekly_ETF_Data_Changes/venv/lib/python3.7/site-packages/pandas/core/indexes/base.py", line 2900, in get_loc
    raise KeyError(key) from err
KeyError: 'holder_count'
2025-04-12 22:25:24,981 - INFO - 开始导入ETF自选数据...
2025-04-12 22:25:24,981 - INFO - 使用文件: data/客户ETF自选人数20250410.xlsx
2025-04-12 22:25:24,993 - ERROR - 找不到证券代码列
2025-04-12 22:25:24,993 - ERROR - 导入ETF自选数据时出错: 'attention_count'
Traceback (most recent call last):
  File "/Users/admin/PycharmProjects/Weekly_ETF_Data_Changes/venv/lib/python3.7/site-packages/pandas/core/indexes/base.py", line 2898, in get_loc
    return self._engine.get_loc(casted_key)
  File "pandas/_libs/index.pyx", line 70, in pandas._libs.index.IndexEngine.get_loc
  File "pandas/_libs/index.pyx", line 101, in pandas._libs.index.IndexEngine.get_loc
  File "pandas/_libs/hashtable_class_helper.pxi", line 1675, in pandas._libs.hashtable.PyObjectHashTable.get_item
  File "pandas/_libs/hashtable_class_helper.pxi", line 1683, in pandas._libs.hashtable.PyObjectHashTable.get_item
KeyError: 'attention_count'

The above exception was the direct cause of the following exception:

Traceback (most recent call last):
  File "/Users/admin/PycharmProjects/Weekly_ETF_Data_Changes/import_excel_data.py", line 276, in import_etf_attention
    df['attention_count'] = pd.to_numeric(df['attention_count'], errors='coerce').fillna(0).astype(int)
  File "/Users/admin/PycharmProjects/Weekly_ETF_Data_Changes/venv/lib/python3.7/site-packages/pandas/core/frame.py", line 2906, in __getitem__
    indexer = self.columns.get_loc(key)
  File "/Users/admin/PycharmProjects/Weekly_ETF_Data_Changes/venv/lib/python3.7/site-packages/pandas/core/indexes/base.py", line 2900, in get_loc
    raise KeyError(key) from err
KeyError: 'attention_count'
2025-04-12 22:25:24,994 - INFO - 开始导入ETF指数分类数据...
2025-04-12 22:25:24,995 - INFO - 使用文件: data/ETF-Index-Classification_20250325.xlsx
2025-04-12 22:25:25,045 - INFO - 成功导入ETF指数分类数据，共429条记录
2025-04-12 22:25:25,045 - INFO - 开始导入ETF商务协议数据...
2025-04-12 22:25:25,047 - INFO - 使用文件: data/ETF单产品商务协议20250328.xlsx
2025-04-12 22:25:25,147 - INFO - 成功导入ETF商务协议数据，共339条记录
2025-04-12 22:25:25,147 - INFO - === ETF数据导入完成 ===
2025-04-12 22:25:25,147 - INFO - ETF基本信息: 成功
2025-04-12 22:25:25,147 - INFO - ETF价格数据: 成功
2025-04-12 22:25:25,147 - INFO - ETF持有人数据: 失败
2025-04-12 22:25:25,147 - INFO - ETF自选数据: 失败
2025-04-12 22:25:25,147 - INFO - ETF指数分类数据: 成功
2025-04-12 22:25:25,147 - INFO - ETF商务协议数据: 成功
2025-04-12 22:25:25,148 - INFO - === 数据库记录统计 ===
2025-04-12 22:25:25,148 - INFO - ETF基本信息表: 1128条记录
2025-04-12 22:25:25,148 - INFO - ETF价格数据表: 1128条记录
2025-04-12 22:25:25,149 - INFO - ETF持有人数据表: 1120条记录
2025-04-12 22:25:25,149 - INFO - ETF自选数据表: 1096条记录
2025-04-12 22:25:25,149 - INFO - ETF商务协议数据表: 339条记录
2025-04-12 22:27:31,833 - INFO - === 开始导入所有ETF数据 ===
2025-04-12 22:27:31,837 - INFO - 列名映射已保存到: data/etf_column_names.json
2025-04-12 22:27:31,838 - INFO - 开始导入ETF基本信息...
2025-04-12 22:27:31,841 - INFO - 使用文件: data/ETF_DATA_20250410.xlsx
2025-04-12 22:27:32,640 - INFO - 成功导入ETF基本信息，共1128条记录
2025-04-12 22:27:32,641 - INFO - 开始导入ETF价格数据...
2025-04-12 22:27:32,641 - INFO - 使用文件: data/ETF_DATA_20250410.xlsx
2025-04-12 22:27:33,141 - INFO - 成功导入ETF价格数据，共1128条记录
2025-04-12 22:27:33,141 - INFO - 开始导入ETF持有人数据...
2025-04-12 22:27:33,142 - INFO - 使用文件: data/客户ETF保有量20250410.xlsx
2025-04-12 22:27:33,152 - INFO - 原始列名: ['数据截止日期']
2025-04-12 22:27:33,153 - INFO - 数据前5行:
Empty DataFrame
Columns: [数据截止日期]
Index: []
2025-04-12 22:27:33,153 - INFO - 标准化后列名: ['数据截止日期']
2025-04-12 22:27:33,153 - INFO - 找到的代码列: []
2025-04-12 22:27:33,153 - INFO - 找到的持有人列: []
2025-04-12 22:27:33,153 - INFO - 找到的持仓价值列: []
2025-04-12 22:27:33,153 - ERROR - 未找到代码列
2025-04-12 22:27:33,153 - ERROR - 文件中的所有列: ['数据截止日期']
2025-04-12 22:27:33,153 - INFO - 开始导入ETF自选数据...
2025-04-12 22:27:33,154 - INFO - 使用文件: data/客户ETF自选人数20250410.xlsx
2025-04-12 22:27:33,165 - INFO - 原始列名: ['数据截止日期']
2025-04-12 22:27:33,165 - INFO - 数据前5行:
Empty DataFrame
Columns: [数据截止日期]
Index: []
2025-04-12 22:27:33,165 - INFO - 标准化后列名: ['数据截止日期']
2025-04-12 22:27:33,165 - INFO - 找到的代码列: []
2025-04-12 22:27:33,165 - INFO - 找到的自选列: []
2025-04-12 22:27:33,165 - ERROR - 未找到代码列
2025-04-12 22:27:33,166 - ERROR - 文件中的所有列: ['数据截止日期']
2025-04-12 22:27:33,166 - INFO - 开始导入ETF指数分类数据...
2025-04-12 22:27:33,167 - INFO - 使用文件: data/ETF-Index-Classification_20250325.xlsx
2025-04-12 22:27:33,218 - INFO - 成功导入ETF指数分类数据，共429条记录
2025-04-12 22:27:33,218 - INFO - 开始导入ETF商务协议数据...
2025-04-12 22:27:33,219 - INFO - 使用文件: data/ETF单产品商务协议20250328.xlsx
2025-04-12 22:27:33,320 - INFO - 成功导入ETF商务协议数据，共339条记录
2025-04-12 22:27:33,321 - INFO - === ETF数据导入完成 ===
2025-04-12 22:27:33,321 - INFO - ETF基本信息: 成功
2025-04-12 22:27:33,321 - INFO - ETF价格数据: 成功
2025-04-12 22:27:33,321 - INFO - ETF持有人数据: 失败
2025-04-12 22:27:33,321 - INFO - ETF自选数据: 失败
2025-04-12 22:27:33,321 - INFO - ETF指数分类数据: 成功
2025-04-12 22:27:33,321 - INFO - ETF商务协议数据: 成功
2025-04-12 22:27:33,322 - INFO - === 数据库记录统计 ===
2025-04-12 22:27:33,323 - INFO - ETF基本信息表: 1128条记录
2025-04-12 22:27:33,323 - INFO - ETF价格数据表: 1128条记录
2025-04-12 22:27:33,323 - INFO - ETF持有人数据表: 1120条记录
2025-04-12 22:27:33,323 - INFO - ETF自选数据表: 1096条记录
2025-04-12 22:27:33,323 - INFO - ETF商务协议数据表: 339条记录
2025-04-12 22:32:50,101 - INFO - === 开始导入所有ETF数据 ===
2025-04-12 22:32:50,102 - INFO - 列名映射已保存到: data/etf_column_names.json
2025-04-12 22:32:50,102 - INFO - 开始导入ETF基本信息...
2025-04-12 22:32:50,105 - INFO - 使用文件: data/ETF_DATA_20250410.xlsx
2025-04-12 22:32:50,858 - INFO - 成功导入ETF基本信息，共1128条记录
2025-04-12 22:32:50,858 - INFO - 开始导入ETF价格数据...
2025-04-12 22:32:50,859 - INFO - 使用文件: data/ETF_DATA_20250410.xlsx
2025-04-12 22:32:51,367 - INFO - 成功导入ETF价格数据，共1128条记录
2025-04-12 22:32:51,368 - INFO - 开始导入ETF持有人数据...
2025-04-12 22:32:51,368 - INFO - 使用文件: data/客户ETF保有量20250410.xlsx
2025-04-12 22:32:51,378 - INFO - 读取工作表：默认
2025-04-12 22:32:51,378 - INFO - 原始列名: ['数据截止日期']
2025-04-12 22:32:51,379 - INFO - 数据前5行:
Empty DataFrame
Columns: [数据截止日期]
Index: []
2025-04-12 22:32:51,379 - ERROR - Excel文件缺少以下列: ['标的代码', '持仓客户数', '持仓市值', '持仓份额']
2025-04-12 22:32:51,379 - ERROR - 实际列名: ['数据截止日期']
2025-04-12 22:32:51,379 - ERROR - 列数不足，无法识别数据结构
2025-04-12 22:32:51,379 - INFO - 开始导入ETF自选数据...
2025-04-12 22:32:51,380 - INFO - 使用文件: data/客户ETF自选人数20250410.xlsx
2025-04-12 22:32:51,390 - INFO - 读取工作表：默认
2025-04-12 22:32:51,390 - INFO - 原始列名: ['数据截止日期']
2025-04-12 22:32:51,391 - INFO - 数据前5行:
Empty DataFrame
Columns: [数据截止日期]
Index: []
2025-04-12 22:32:51,391 - ERROR - Excel文件格式不匹配。期望列名: ['标的代码', '加自选人数']
2025-04-12 22:32:51,391 - ERROR - 实际列名: ['数据截止日期']
2025-04-12 22:32:51,391 - ERROR - 列数不足，无法识别数据结构
2025-04-12 22:32:51,391 - INFO - 开始导入ETF指数分类数据...
2025-04-12 22:32:51,392 - INFO - 使用文件: data/ETF-Index-Classification_20250325.xlsx
2025-04-12 22:32:51,443 - INFO - 成功导入ETF指数分类数据，共429条记录
2025-04-12 22:32:51,443 - INFO - 开始导入ETF商务协议数据...
2025-04-12 22:32:51,445 - INFO - 使用文件: data/ETF单产品商务协议20250328.xlsx
2025-04-12 22:32:51,545 - INFO - 成功导入ETF商务协议数据，共339条记录
2025-04-12 22:32:51,545 - INFO - === ETF数据导入完成 ===
2025-04-12 22:32:51,546 - INFO - ETF基本信息: 成功
2025-04-12 22:32:51,546 - INFO - ETF价格数据: 成功
2025-04-12 22:32:51,546 - INFO - ETF持有人数据: 失败
2025-04-12 22:32:51,546 - INFO - ETF自选数据: 失败
2025-04-12 22:32:51,546 - INFO - ETF指数分类数据: 成功
2025-04-12 22:32:51,546 - INFO - ETF商务协议数据: 成功
2025-04-12 22:32:51,547 - INFO - === 数据库记录统计 ===
2025-04-12 22:32:51,547 - INFO - ETF基本信息表: 1128条记录
2025-04-12 22:32:51,547 - INFO - ETF价格数据表: 1128条记录
2025-04-12 22:32:51,547 - INFO - ETF持有人数据表: 1120条记录
2025-04-12 22:32:51,547 - INFO - ETF自选数据表: 1096条记录
2025-04-12 22:32:51,547 - INFO - ETF商务协议数据表: 339条记录
2025-04-12 22:52:24,247 - INFO - === 开始导入所有ETF数据 ===
2025-04-12 22:52:24,249 - INFO - 列名映射已保存到: data/etf_column_names.json
2025-04-12 22:52:24,249 - INFO - 开始导入ETF基本信息...
2025-04-12 22:52:24,255 - INFO - 使用文件: data/ETF_DATA_20250410.xlsx
2025-04-12 22:52:26,939 - INFO - 成功导入ETF基本信息，共1128条记录
2025-04-12 22:52:26,939 - INFO - 开始导入ETF价格数据...
2025-04-12 22:52:26,939 - INFO - 使用文件: data/ETF_DATA_20250410.xlsx
2025-04-12 22:52:27,437 - INFO - 成功导入ETF价格数据，共1128条记录
2025-04-12 22:52:27,437 - INFO - 开始导入ETF持有人数据...
2025-04-12 22:52:27,438 - INFO - 使用文件: data/客户ETF保有量20250410.xlsx
2025-04-12 22:52:27,499 - INFO - 文件中的工作表: ['客户ETF保有量', '仪表板']
2025-04-12 22:52:27,508 - INFO - 原始列名: ['数据截止日期']
2025-04-12 22:52:27,508 - INFO - 数据形状: (0, 1)
2025-04-12 22:52:27,508 - INFO - 数据前5行:
Empty DataFrame
Columns: [数据截止日期]
Index: []
2025-04-12 22:52:27,509 - WARNING - 标准读取方式返回空数据或只有单列，尝试读取所有单元格...
2025-04-12 22:52:27,612 - INFO - 尝试读取工作表: 客户ETF保有量
2025-04-12 22:52:27,618 - INFO - 找到的标题行: ('数据截止日期', '标的代码', '标的名称', '持仓份额', '持仓客户数', '持仓市值')
2025-04-12 22:52:27,620 - INFO - 成功读取数据，形状: (1104, 6)
2025-04-12 22:52:27,622 - INFO - 处理后列名: ['数据截止日期', 'code', '标的名称', 'holding_amount', 'holder_count', 'holding_value']
2025-04-12 22:52:27,626 - INFO - 处理后数据前5行:
     数据截止日期    code        标的名称  holding_amount  holder_count  holding_value
0  20250410  159001       货币ETF         54105.0            11     5410554.10
1      None  159003     招商快线ETF           853.0             4       85300.00
2      None  159005    汇添富快钱ETF          1300.0            12      129998.70
3      None  159150  深证50ETF易方达       1804366.0            37     1977585.17
4      None  159201    自由现金流ETF      26854940.0           560    25270498.53
2025-04-12 22:52:27,662 - INFO - 成功导入ETF持有人数据，共1104条记录
2025-04-12 22:52:27,662 - INFO - 开始导入ETF自选数据...
2025-04-12 22:52:27,663 - INFO - 使用文件: data/客户ETF自选人数20250410.xlsx
2025-04-12 22:52:27,689 - INFO - 文件中的工作表: ['客户ETF自选人数', '仪表板']
2025-04-12 22:52:27,697 - INFO - 原始列名: ['数据截止日期']
2025-04-12 22:52:27,698 - INFO - 数据形状: (0, 1)
2025-04-12 22:52:27,698 - INFO - 数据前5行:
Empty DataFrame
Columns: [数据截止日期]
Index: []
2025-04-12 22:52:27,698 - WARNING - 标准读取方式返回空数据或只有单列，尝试读取所有单元格...
2025-04-12 22:52:27,772 - INFO - 尝试读取工作表: 客户ETF自选人数
2025-04-12 22:52:27,775 - INFO - 找到的标题行: ('数据截止日期', '标的代码', '加自选人数')
2025-04-12 22:52:27,776 - INFO - 成功读取数据，形状: (1114, 3)
2025-04-12 22:52:27,777 - INFO - 处理后列名: ['数据截止日期', 'code', 'attention_count']
2025-04-12 22:52:27,780 - INFO - 处理后数据前5行:
     数据截止日期    code  attention_count
0  20250410  159001              100
1      None  159003               97
2      None  159005               43
3      None  159150              248
4      None  159201              867
2025-04-12 22:52:27,811 - INFO - 成功导入ETF自选数据，共1114条记录
2025-04-12 22:52:27,811 - INFO - 开始导入ETF指数分类数据...
2025-04-12 22:52:27,812 - INFO - 使用文件: data/ETF-Index-Classification_20250325.xlsx
2025-04-12 22:52:27,861 - INFO - 成功导入ETF指数分类数据，共429条记录
2025-04-12 22:52:27,861 - INFO - 开始导入ETF商务协议数据...
2025-04-12 22:52:27,863 - INFO - 使用文件: data/ETF单产品商务协议20250328.xlsx
2025-04-12 22:52:27,958 - INFO - 成功导入ETF商务协议数据，共339条记录
2025-04-12 22:52:27,959 - INFO - === ETF数据导入完成 ===
2025-04-12 22:52:27,959 - INFO - ETF基本信息: 成功
2025-04-12 22:52:27,959 - INFO - ETF价格数据: 成功
2025-04-12 22:52:27,959 - INFO - ETF持有人数据: 成功
2025-04-12 22:52:27,959 - INFO - ETF自选数据: 成功
2025-04-12 22:52:27,959 - INFO - ETF指数分类数据: 成功
2025-04-12 22:52:27,959 - INFO - ETF商务协议数据: 成功
2025-04-12 22:52:27,960 - INFO - === 数据库记录统计 ===
2025-04-12 22:52:27,960 - INFO - ETF基本信息表: 1128条记录
2025-04-12 22:52:27,960 - INFO - ETF价格数据表: 1128条记录
2025-04-12 22:52:27,960 - INFO - ETF持有人数据表: 1104条记录
2025-04-12 22:52:27,960 - INFO - ETF自选数据表: 1114条记录
2025-04-12 22:52:27,960 - INFO - ETF商务协议数据表: 339条记录
2025-04-12 23:02:28,390 - INFO - === 开始导入所有ETF数据 ===
2025-04-12 23:02:28,392 - INFO - 列名映射已保存到: data/etf_column_names.json
2025-04-12 23:02:28,392 - INFO - 开始导入ETF基本信息...
2025-04-12 23:02:28,395 - INFO - 使用文件: data/ETF_DATA_20250410.xlsx
2025-04-12 23:02:31,585 - INFO - 成功导入ETF基本信息，共1128条记录
2025-04-12 23:02:31,586 - INFO - 开始导入ETF价格数据...
2025-04-12 23:02:31,586 - INFO - 使用文件: data/ETF_DATA_20250410.xlsx
2025-04-12 23:02:32,470 - INFO - 成功导入ETF价格数据，共1128条记录
2025-04-12 23:02:32,472 - INFO - 开始导入ETF持有人数据...
2025-04-12 23:02:32,479 - INFO - 使用文件: data/客户ETF保有量20250410.xlsx
2025-04-12 23:02:32,571 - INFO - 文件中的工作表: ['客户ETF保有量', '仪表板']
2025-04-12 23:02:32,583 - INFO - 原始列名: ['数据截止日期']
2025-04-12 23:02:32,583 - INFO - 数据形状: (0, 1)
2025-04-12 23:02:32,584 - INFO - 数据前5行:
Empty DataFrame
Columns: [数据截止日期]
Index: []
2025-04-12 23:02:32,584 - WARNING - 标准读取方式返回空数据或只有单列，尝试读取所有单元格...
2025-04-12 23:02:32,721 - INFO - 尝试读取工作表: 客户ETF保有量
2025-04-12 23:02:32,727 - INFO - 找到的标题行: ('数据截止日期', '标的代码', '标的名称', '持仓份额', '持仓客户数', '持仓市值')
2025-04-12 23:02:32,733 - INFO - 成功读取数据，形状: (1104, 6)
2025-04-12 23:02:32,735 - INFO - 处理后列名: ['数据截止日期', 'code', '标的名称', 'holding_amount', 'holder_count', 'holding_value']
2025-04-12 23:02:32,742 - INFO - 处理后数据前5行:
     数据截止日期  ... holding_value
0  20250410  ...    5410554.10
1      None  ...      85300.00
2      None  ...     129998.70
3      None  ...    1977585.17
4      None  ...   25270498.53

[5 rows x 6 columns]
2025-04-12 23:02:32,778 - ERROR - 导入ETF持有人数据失败
2025-04-12 23:02:32,778 - INFO - 开始导入ETF自选数据...
2025-04-12 23:02:32,779 - INFO - 使用文件: data/客户ETF自选人数20250410.xlsx
2025-04-12 23:02:32,779 - INFO - 从文件名中提取的日期: 2025-04-10
2025-04-12 23:02:32,814 - INFO - 文件中的工作表: ['客户ETF自选人数', '仪表板']
2025-04-12 23:02:32,823 - INFO - 原始列名: ['数据截止日期']
2025-04-12 23:02:32,823 - INFO - 数据形状: (0, 1)
2025-04-12 23:02:32,824 - INFO - 数据前5行:
Empty DataFrame
Columns: [数据截止日期]
Index: []
2025-04-12 23:02:32,824 - WARNING - 标准读取方式返回空数据或只有单列，尝试读取所有单元格...
2025-04-12 23:02:32,921 - INFO - 尝试读取工作表: 客户ETF自选人数
2025-04-12 23:02:32,925 - INFO - 找到的标题行: ('数据截止日期', '标的代码', '加自选人数')
2025-04-12 23:02:32,926 - INFO - 成功读取数据，形状: (1114, 3)
2025-04-12 23:02:32,928 - INFO - 处理后列名: ['数据截止日期', 'code', 'attention_count', 'date']
2025-04-12 23:02:32,932 - INFO - 处理后数据前5行:
     数据截止日期  ...        date
0  20250410  ...  2025-04-10
1      None  ...  2025-04-10
2      None  ...  2025-04-10
3      None  ...  2025-04-10
4      None  ...  2025-04-10

[5 rows x 4 columns]
2025-04-12 23:02:32,956 - ERROR - 导入ETF自选数据失败
2025-04-12 23:02:32,956 - INFO - 开始导入ETF指数分类数据...
2025-04-12 23:02:32,959 - INFO - 使用文件: data/ETF-Index-Classification_20250325.xlsx
2025-04-12 23:02:33,014 - INFO - 成功导入ETF指数分类数据，共429条记录
2025-04-12 23:02:33,014 - INFO - 开始导入ETF商务协议数据...
2025-04-12 23:02:33,018 - INFO - 使用文件: data/ETF单产品商务协议20250328.xlsx
2025-04-12 23:02:33,124 - INFO - 成功导入ETF商务协议数据，共339条记录
2025-04-12 23:02:33,124 - INFO - === ETF数据导入完成 ===
2025-04-12 23:02:33,124 - INFO - ETF基本信息: 成功
2025-04-12 23:02:33,124 - INFO - ETF价格数据: 成功
2025-04-12 23:02:33,124 - INFO - ETF持有人数据: 失败
2025-04-12 23:02:33,124 - INFO - ETF自选数据: 失败
2025-04-12 23:02:33,124 - INFO - ETF指数分类数据: 成功
2025-04-12 23:02:33,125 - INFO - ETF商务协议数据: 成功
2025-04-12 23:02:33,125 - INFO - === 数据库记录统计 ===
2025-04-12 23:02:33,125 - INFO - ETF基本信息表: 1128条记录
2025-04-12 23:02:33,125 - INFO - ETF价格数据表: 1128条记录
2025-04-12 23:02:33,125 - INFO - ETF持有人数据表: 1104条记录
2025-04-12 23:02:33,125 - INFO - ETF自选数据表: 1114条记录
2025-04-12 23:02:33,125 - INFO - ETF商务协议数据表: 339条记录
2025-04-12 23:04:57,088 - INFO - === 开始导入所有ETF数据 ===
2025-04-12 23:04:57,093 - INFO - 列名映射已保存到: data/etf_column_names.json
2025-04-12 23:04:57,094 - INFO - 开始导入ETF基本信息...
2025-04-12 23:04:57,099 - INFO - 使用文件: data/ETF_DATA_20250410.xlsx
2025-04-12 23:04:57,885 - INFO - 成功导入ETF基本信息，共1128条记录
2025-04-12 23:04:57,885 - INFO - 开始导入ETF价格数据...
2025-04-12 23:04:57,885 - INFO - 使用文件: data/ETF_DATA_20250410.xlsx
2025-04-12 23:04:58,376 - INFO - 成功导入ETF价格数据，共1128条记录
2025-04-12 23:04:58,376 - INFO - 开始导入ETF持有人数据...
2025-04-12 23:04:58,377 - INFO - 使用文件: data/客户ETF保有量20250410.xlsx
2025-04-12 23:04:58,377 - INFO - 从文件名中提取的日期: 2025-04-10
2025-04-12 23:04:58,439 - INFO - 文件中的工作表: ['客户ETF保有量', '仪表板']
2025-04-12 23:04:58,449 - INFO - 原始列名: ['数据截止日期']
2025-04-12 23:04:58,449 - INFO - 数据形状: (0, 1)
2025-04-12 23:04:58,449 - INFO - 数据前5行:
Empty DataFrame
Columns: [数据截止日期]
Index: []
2025-04-12 23:04:58,449 - WARNING - 标准读取方式返回空数据或只有单列，尝试读取所有单元格...
2025-04-12 23:04:58,557 - INFO - 尝试读取工作表: 客户ETF保有量
2025-04-12 23:04:58,562 - INFO - 找到的标题行: ('数据截止日期', '标的代码', '标的名称', '持仓份额', '持仓客户数', '持仓市值')
2025-04-12 23:04:58,565 - INFO - 成功读取数据，形状: (1104, 6)
2025-04-12 23:04:58,567 - INFO - 处理后列名: ['数据截止日期', 'code', '标的名称', 'holding_amount', 'holder_count', 'holding_value', 'date']
2025-04-12 23:04:58,572 - INFO - 处理后数据前5行:
     数据截止日期    code        标的名称  holding_amount  holder_count  holding_value        date
0  20250410  159001       货币ETF         54105.0            11     5410554.10  2025-04-10
1      None  159003     招商快线ETF           853.0             4       85300.00  2025-04-10
2      None  159005    汇添富快钱ETF          1300.0            12      129998.70  2025-04-10
3      None  159150  深证50ETF易方达       1804366.0            37     1977585.17  2025-04-10
4      None  159201    自由现金流ETF      26854940.0           560    25270498.53  2025-04-10
2025-04-12 23:04:58,624 - INFO - 成功导入ETF持有人数据，共1104条记录
2025-04-12 23:04:58,624 - INFO - 开始导入ETF自选数据...
2025-04-12 23:04:58,625 - INFO - 使用文件: data/客户ETF自选人数20250410.xlsx
2025-04-12 23:04:58,625 - INFO - 从文件名中提取的日期: 2025-04-10
2025-04-12 23:04:58,652 - INFO - 文件中的工作表: ['客户ETF自选人数', '仪表板']
2025-04-12 23:04:58,660 - INFO - 原始列名: ['数据截止日期']
2025-04-12 23:04:58,660 - INFO - 数据形状: (0, 1)
2025-04-12 23:04:58,660 - INFO - 数据前5行:
Empty DataFrame
Columns: [数据截止日期]
Index: []
2025-04-12 23:04:58,660 - WARNING - 标准读取方式返回空数据或只有单列，尝试读取所有单元格...
2025-04-12 23:04:58,734 - INFO - 尝试读取工作表: 客户ETF自选人数
2025-04-12 23:04:58,737 - INFO - 找到的标题行: ('数据截止日期', '标的代码', '加自选人数')
2025-04-12 23:04:58,738 - INFO - 成功读取数据，形状: (1114, 3)
2025-04-12 23:04:58,740 - INFO - 处理后列名: ['数据截止日期', 'code', 'attention_count', 'date']
2025-04-12 23:04:58,743 - INFO - 处理后数据前5行:
     数据截止日期    code  attention_count        date
0  20250410  159001              100  2025-04-10
1      None  159003               97  2025-04-10
2      None  159005               43  2025-04-10
3      None  159150              248  2025-04-10
4      None  159201              867  2025-04-10
2025-04-12 23:04:58,781 - INFO - 成功导入ETF自选数据，共1114条记录
2025-04-12 23:04:58,781 - INFO - 开始导入ETF指数分类数据...
2025-04-12 23:04:58,783 - INFO - 使用文件: data/ETF-Index-Classification_20250325.xlsx
2025-04-12 23:04:58,831 - INFO - 成功导入ETF指数分类数据，共429条记录
2025-04-12 23:04:58,831 - INFO - 开始导入ETF商务协议数据...
2025-04-12 23:04:58,833 - INFO - 使用文件: data/ETF单产品商务协议20250328.xlsx
2025-04-12 23:04:58,927 - INFO - 成功导入ETF商务协议数据，共339条记录
2025-04-12 23:04:58,927 - INFO - === ETF数据导入完成 ===
2025-04-12 23:04:58,927 - INFO - ETF基本信息: 成功
2025-04-12 23:04:58,927 - INFO - ETF价格数据: 成功
2025-04-12 23:04:58,928 - INFO - ETF持有人数据: 成功
2025-04-12 23:04:58,928 - INFO - ETF自选数据: 成功
2025-04-12 23:04:58,928 - INFO - ETF指数分类数据: 成功
2025-04-12 23:04:58,928 - INFO - ETF商务协议数据: 成功
2025-04-12 23:04:58,928 - INFO - === 数据库记录统计 ===
2025-04-12 23:04:58,928 - INFO - ETF基本信息表: 1128条记录
2025-04-12 23:04:58,928 - INFO - ETF价格数据表: 1128条记录
2025-04-12 23:04:58,929 - INFO - ETF持有人数据表: 1104条记录
2025-04-12 23:04:58,929 - INFO - ETF自选数据表: 1114条记录
2025-04-12 23:04:58,929 - INFO - ETF商务协议数据表: 339条记录
2025-04-12 23:18:45,398 - INFO - 开始导入ETF持有人数据...
2025-04-12 23:18:45,399 - INFO - 使用文件: data/客户ETF保有量20250410.xlsx
2025-04-12 23:18:45,399 - INFO - 从文件名中提取的日期: 2025-04-10
2025-04-12 23:18:45,475 - INFO - 文件中的工作表: ['客户ETF保有量', '仪表板']
2025-04-12 23:18:45,637 - INFO - 原始列名: ['数据截止日期']
2025-04-12 23:18:45,638 - INFO - 数据形状: (0, 1)
2025-04-12 23:18:45,638 - INFO - 数据前5行:
Empty DataFrame
Columns: [数据截止日期]
Index: []
2025-04-12 23:18:45,638 - WARNING - 标准读取方式返回空数据或只有单列，尝试读取所有单元格...
2025-04-12 23:18:45,748 - INFO - 尝试读取工作表: 客户ETF保有量
2025-04-12 23:18:45,754 - INFO - 找到的标题行: ('数据截止日期', '标的代码', '标的名称', '持仓份额', '持仓客户数', '持仓市值')
2025-04-12 23:18:45,757 - INFO - 成功读取数据，形状: (1104, 6)
2025-04-12 23:18:45,761 - INFO - 处理后列名: ['数据截止日期', 'code', '标的名称', 'holding_amount', 'holder_count', 'holding_value', 'date']
2025-04-12 23:18:45,768 - INFO - 处理后数据前5行:
     数据截止日期    code        标的名称  holding_amount  holder_count  holding_value        date
0  20250410  159001       货币ETF         54105.0            11     5410554.10  2025-04-10
1      None  159003     招商快线ETF           853.0             4       85300.00  2025-04-10
2      None  159005    汇添富快钱ETF          1300.0            12      129998.70  2025-04-10
3      None  159150  深证50ETF易方达       1804366.0            37     1977585.17  2025-04-10
4      None  159201    自由现金流ETF      26854940.0           560    25270498.53  2025-04-10
2025-04-12 23:18:45,827 - INFO - 成功导入ETF持有人数据，共1104条记录
2025-04-12 23:18:55,146 - INFO - 开始导入ETF自选数据...
2025-04-12 23:18:55,147 - INFO - 使用文件: data/客户ETF自选人数20250410.xlsx
2025-04-12 23:18:55,147 - INFO - 从文件名中提取的日期: 2025-04-10
2025-04-12 23:18:55,191 - INFO - 文件中的工作表: ['客户ETF自选人数', '仪表板']
2025-04-12 23:18:55,350 - INFO - 原始列名: ['数据截止日期']
2025-04-12 23:18:55,350 - INFO - 数据形状: (0, 1)
2025-04-12 23:18:55,351 - INFO - 数据前5行:
Empty DataFrame
Columns: [数据截止日期]
Index: []
2025-04-12 23:18:55,351 - WARNING - 标准读取方式返回空数据或只有单列，尝试读取所有单元格...
2025-04-12 23:18:55,425 - INFO - 尝试读取工作表: 客户ETF自选人数
2025-04-12 23:18:55,428 - INFO - 找到的标题行: ('数据截止日期', '标的代码', '加自选人数')
2025-04-12 23:18:55,431 - INFO - 成功读取数据，形状: (1114, 3)
2025-04-12 23:18:55,436 - INFO - 处理后列名: ['数据截止日期', 'code', 'attention_count', 'date']
2025-04-12 23:18:55,441 - INFO - 处理后数据前5行:
     数据截止日期    code  attention_count        date
0  20250410  159001              100  2025-04-10
1      None  159003               97  2025-04-10
2      None  159005               43  2025-04-10
3      None  159150              248  2025-04-10
4      None  159201              867  2025-04-10
2025-04-12 23:18:55,492 - INFO - 成功导入ETF自选数据，共1114条记录
2025-04-13 00:30:14,712 - INFO - === 开始导入所有ETF数据 ===
2025-04-13 00:30:14,727 - INFO - 列名映射已保存到: data/etf_column_names.json
2025-04-13 00:30:14,727 - INFO - 开始导入ETF基本信息...
2025-04-13 00:30:14,741 - INFO - 使用文件: data/ETF_DATA_20250410.xlsx
2025-04-13 00:30:14,741 - INFO - 从文件名中提取的日期: 2025-04-10
2025-04-13 00:30:17,713 - INFO - 成功导入ETF基本信息，共1128条记录
2025-04-13 00:30:17,713 - INFO - 开始导入ETF价格数据...
2025-04-13 00:30:17,714 - INFO - 使用文件: data/ETF_DATA_20250410.xlsx
2025-04-13 00:30:17,714 - INFO - 从文件名中提取的日期: 2025-04-10
2025-04-13 00:30:18,204 - ERROR - ETF价格数据文件缺少以下列: ['最新价', '涨跌幅', '成交量', '成交额']
2025-04-13 00:30:18,204 - INFO - 开始导入ETF持有人数据...
2025-04-13 00:30:18,205 - INFO - 使用文件: data/客户ETF保有量20250410.xlsx
2025-04-13 00:30:18,205 - INFO - 从文件名中提取的日期: 2025-04-10
2025-04-13 00:30:18,266 - INFO - 文件中的工作表: ['客户ETF保有量', '仪表板']
2025-04-13 00:30:18,275 - INFO - 原始列名: ['数据截止日期']
2025-04-13 00:30:18,275 - INFO - 数据形状: (0, 1)
2025-04-13 00:30:18,275 - INFO - 数据前5行:
Empty DataFrame
Columns: [数据截止日期]
Index: []
2025-04-13 00:30:18,275 - WARNING - 标准读取方式返回空数据或只有单列，尝试读取所有单元格...
2025-04-13 00:30:18,380 - INFO - 尝试读取工作表: 客户ETF保有量
2025-04-13 00:30:18,386 - INFO - 找到的标题行: ('数据截止日期', '标的代码', '标的名称', '持仓份额', '持仓客户数', '持仓市值')
2025-04-13 00:30:18,388 - INFO - 成功读取数据，形状: (1104, 6)
2025-04-13 00:30:18,390 - INFO - 处理后列名: ['数据截止日期', 'code', '标的名称', 'holding_amount', 'holder_count', 'holding_value', 'date']
2025-04-13 00:30:18,396 - INFO - 处理后数据前5行:
     数据截止日期    code        标的名称  holding_amount  holder_count  holding_value        date
0  20250410  159001       货币ETF         54105.0            11     5410554.10  2025-04-10
1      None  159003     招商快线ETF           853.0             4       85300.00  2025-04-10
2      None  159005    汇添富快钱ETF          1300.0            12      129998.70  2025-04-10
3      None  159150  深证50ETF易方达       1804366.0            37     1977585.17  2025-04-10
4      None  159201    自由现金流ETF      26854940.0           560    25270498.53  2025-04-10
2025-04-13 00:30:18,449 - INFO - 成功导入ETF持有人数据，共1104条记录
2025-04-13 00:30:18,450 - INFO - 开始导入ETF自选数据...
2025-04-13 00:30:18,450 - INFO - 使用文件: data/客户ETF自选人数20250410.xlsx
2025-04-13 00:30:18,450 - INFO - 从文件名中提取的日期: 2025-04-10
2025-04-13 00:30:18,459 - INFO - 原始列名: ['数据截止日期']
2025-04-13 00:30:18,460 - INFO - 数据形状: (0, 1)
2025-04-13 00:30:18,460 - INFO - 数据前5行:
Empty DataFrame
Columns: [数据截止日期]
Index: []
2025-04-13 00:30:18,460 - ERROR - ETF自选数据文件缺少以下列: ['标的代码', '加自选人数']
2025-04-13 00:30:18,460 - INFO - 开始导入ETF指数分类数据...
2025-04-13 00:30:18,461 - INFO - 使用文件: data/ETF-Index-Classification_20250325.xlsx
2025-04-13 00:30:18,511 - INFO - 成功导入ETF指数分类数据，共429条记录
2025-04-13 00:30:18,512 - INFO - 开始导入ETF商务协议数据...
2025-04-13 00:30:18,513 - INFO - 使用文件: data/ETF单产品商务协议20250328.xlsx
2025-04-13 00:30:18,626 - INFO - 成功导入ETF商务协议数据，共339条记录
2025-04-13 00:30:18,627 - INFO - 开始导入ETF规模数据到历史表...
2025-04-13 00:30:18,627 - INFO - 使用文件: data/ETF_DATA_20250410.xlsx
2025-04-13 00:30:18,627 - INFO - 从文件名中提取的日期: 2025-04-10
2025-04-13 00:30:19,103 - INFO - 使用列: 代码=证券代码, 规模=基金规模(合计)
[交易日期] S_cal_date(now(),0,D,0)
[单位] 亿元
2025-04-13 00:30:19,165 - INFO - 成功导入 1126 条 2025-04-10 的ETF规模历史数据
2025-04-13 00:30:19,165 - INFO - === ETF数据导入完成 ===
2025-04-13 00:30:19,165 - INFO - ETF基本信息: 成功
2025-04-13 00:30:19,165 - INFO - ETF价格数据: 失败
2025-04-13 00:30:19,165 - INFO - ETF持有人数据: 成功
2025-04-13 00:30:19,165 - INFO - ETF自选数据: 失败
2025-04-13 00:30:19,165 - INFO - ETF指数分类数据: 成功
2025-04-13 00:30:19,165 - INFO - ETF商务协议数据: 成功
2025-04-13 00:30:19,165 - INFO - ETF规模数据: 成功
2025-04-13 00:30:19,166 - INFO - === 数据库记录统计 ===
2025-04-13 00:30:19,166 - INFO - ETF基本信息表: 1128条记录
2025-04-13 00:30:19,166 - INFO - ETF价格数据表: 1128条记录
2025-04-13 00:30:19,166 - INFO - ETF持有人数据表: 1104条记录
2025-04-13 00:30:19,166 - INFO - ETF自选数据表: 1114条记录
2025-04-13 00:30:19,166 - INFO - ETF商务协议数据表: 339条记录
2025-04-13 00:32:13,810 - INFO - === 开始导入所有ETF数据 ===
2025-04-13 00:32:13,813 - INFO - 列名映射已保存到: data/etf_column_names.json
2025-04-13 00:32:13,813 - INFO - 开始导入ETF基本信息...
2025-04-13 00:32:13,817 - INFO - 使用文件: data/ETF_DATA_20250410.xlsx
2025-04-13 00:32:13,818 - INFO - 从文件名中提取的日期: 2025-04-10
2025-04-13 00:32:14,568 - INFO - 成功导入ETF基本信息，共1128条记录
2025-04-13 00:32:14,568 - INFO - 开始导入ETF价格数据...
2025-04-13 00:32:14,568 - INFO - 使用文件: data/ETF_DATA_20250410.xlsx
2025-04-13 00:32:14,568 - INFO - 从文件名中提取的日期: 2025-04-10
2025-04-13 00:32:15,359 - ERROR - ETF价格数据文件缺少以下列: ['最新价', '涨跌幅', '成交量', '成交额']
2025-04-13 00:32:15,359 - INFO - 开始导入ETF持有人数据...
2025-04-13 00:32:15,360 - INFO - 使用文件: data/客户ETF保有量20250410.xlsx
2025-04-13 00:32:15,360 - INFO - 从文件名中提取的日期: 2025-04-10
2025-04-13 00:32:15,428 - INFO - 文件中的工作表: ['客户ETF保有量', '仪表板']
2025-04-13 00:32:15,443 - INFO - 原始列名: ['数据截止日期']
2025-04-13 00:32:15,443 - INFO - 数据形状: (0, 1)
2025-04-13 00:32:15,446 - INFO - 数据前5行:
Empty DataFrame
Columns: [数据截止日期]
Index: []
2025-04-13 00:32:15,446 - WARNING - 标准读取方式返回空数据或只有单列，尝试读取所有单元格...
2025-04-13 00:32:15,566 - INFO - 尝试读取工作表: 客户ETF保有量
2025-04-13 00:32:15,572 - INFO - 找到的标题行: ('数据截止日期', '标的代码', '标的名称', '持仓份额', '持仓客户数', '持仓市值')
2025-04-13 00:32:15,575 - INFO - 成功读取数据，形状: (1104, 6)
2025-04-13 00:32:15,577 - INFO - 处理后列名: ['数据截止日期', 'code', '标的名称', 'holding_amount', 'holder_count', 'holding_value', 'date']
2025-04-13 00:32:15,582 - INFO - 处理后数据前5行:
     数据截止日期    code        标的名称  holding_amount  holder_count  holding_value        date
0  20250410  159001       货币ETF         54105.0            11     5410554.10  2025-04-10
1      None  159003     招商快线ETF           853.0             4       85300.00  2025-04-10
2      None  159005    汇添富快钱ETF          1300.0            12      129998.70  2025-04-10
3      None  159150  深证50ETF易方达       1804366.0            37     1977585.17  2025-04-10
4      None  159201    自由现金流ETF      26854940.0           560    25270498.53  2025-04-10
2025-04-13 00:32:15,635 - INFO - 成功导入ETF持有人数据，共1104条记录
2025-04-13 00:32:15,635 - INFO - 开始导入ETF自选数据...
2025-04-13 00:32:15,636 - INFO - 使用文件: data/客户ETF自选人数20250410.xlsx
2025-04-13 00:32:15,636 - INFO - 从文件名中提取的日期: 2025-04-10
2025-04-13 00:32:15,646 - INFO - 原始列名: ['数据截止日期']
2025-04-13 00:32:15,646 - INFO - 数据形状: (0, 1)
2025-04-13 00:32:15,647 - INFO - 数据前5行:
Empty DataFrame
Columns: [数据截止日期]
Index: []
2025-04-13 00:32:15,647 - ERROR - ETF自选数据文件缺少以下列: ['标的代码', '加自选人数']
2025-04-13 00:32:15,647 - INFO - 开始导入ETF指数分类数据...
2025-04-13 00:32:15,653 - INFO - 使用文件: data/ETF-Index-Classification_20250325.xlsx
2025-04-13 00:32:15,908 - INFO - 成功导入ETF指数分类数据，共429条记录
2025-04-13 00:32:15,910 - INFO - 开始导入ETF商务协议数据...
2025-04-13 00:32:15,944 - INFO - 使用文件: data/ETF单产品商务协议20250328.xlsx
2025-04-13 00:32:16,134 - INFO - 成功导入ETF商务协议数据，共339条记录
2025-04-13 00:32:16,135 - INFO - 开始导入ETF规模数据到历史表...
2025-04-13 00:32:16,136 - INFO - 使用文件: data/ETF_DATA_20250410.xlsx
2025-04-13 00:32:16,136 - INFO - 从文件名中提取的日期: 2025-04-10
2025-04-13 00:32:16,142 - INFO - 日期 2025-04-10 的ETF规模历史数据已存在，跳过导入
2025-04-13 00:32:16,143 - INFO - === ETF数据导入完成 ===
2025-04-13 00:32:16,143 - INFO - ETF基本信息: 成功
2025-04-13 00:32:16,143 - INFO - ETF价格数据: 失败
2025-04-13 00:32:16,143 - INFO - ETF持有人数据: 成功
2025-04-13 00:32:16,143 - INFO - ETF自选数据: 失败
2025-04-13 00:32:16,143 - INFO - ETF指数分类数据: 成功
2025-04-13 00:32:16,143 - INFO - ETF商务协议数据: 成功
2025-04-13 00:32:16,143 - INFO - ETF规模数据: 成功
2025-04-13 00:32:16,144 - INFO - === 数据库记录统计 ===
2025-04-13 00:32:16,144 - INFO - ETF基本信息表: 1128条记录
2025-04-13 00:32:16,144 - INFO - ETF价格数据表: 1128条记录
2025-04-13 00:32:16,144 - INFO - ETF持有人数据表: 1104条记录
2025-04-13 00:32:16,144 - INFO - ETF自选数据表: 1114条记录
2025-04-13 00:32:16,144 - INFO - ETF商务协议数据表: 339条记录
2025-04-14 10:09:31,455 - INFO - === 开始导入所有ETF数据 ===
2025-04-14 10:09:31,493 - INFO - 列名映射已保存到: data/etf_column_names.json
2025-04-14 10:09:31,493 - INFO - 开始导入ETF基本信息...
2025-04-14 10:09:31,499 - INFO - 使用文件: data/ETF_DATA_20250411.xlsx
2025-04-14 10:09:31,499 - INFO - 从文件名中提取的日期: 2025-04-11
2025-04-14 10:09:32,297 - INFO - 成功导入ETF基本信息，共1132条记录
2025-04-14 10:09:32,297 - INFO - 开始导入ETF价格数据...
2025-04-14 10:09:32,297 - INFO - 使用文件: data/ETF_DATA_20250411.xlsx
2025-04-14 10:09:32,297 - INFO - 从文件名中提取的日期: 2025-04-11
2025-04-14 10:09:32,872 - ERROR - ETF价格数据文件缺少以下列: ['最新价', '涨跌幅', '成交量', '成交额']
2025-04-14 10:09:32,872 - INFO - 开始导入ETF持有人数据...
2025-04-14 10:09:32,873 - INFO - 使用文件: data/客户ETF保有量20250411.xlsx
2025-04-14 10:09:32,873 - INFO - 从文件名中提取的日期: 2025-04-11
2025-04-14 10:09:32,930 - INFO - 文件中的工作表: ['客户ETF保有量', '仪表板']
2025-04-14 10:09:32,941 - INFO - 原始列名: ['数据截止日期']
2025-04-14 10:09:32,941 - INFO - 数据形状: (0, 1)
2025-04-14 10:09:32,941 - INFO - 数据前5行:
Empty DataFrame
Columns: [数据截止日期]
Index: []
2025-04-14 10:09:32,941 - WARNING - 标准读取方式返回空数据或只有单列，尝试读取所有单元格...
2025-04-14 10:09:33,042 - INFO - 尝试读取工作表: 客户ETF保有量
2025-04-14 10:09:33,049 - INFO - 找到的标题行: ('数据截止日期', '标的代码', '标的名称', '持仓份额', '持仓客户数', '持仓市值')
2025-04-14 10:09:33,050 - INFO - 成功读取数据，形状: (1104, 6)
2025-04-14 10:09:33,052 - INFO - 处理后列名: ['数据截止日期', 'code', '标的名称', 'holding_amount', 'holder_count', 'holding_value', 'date']
2025-04-14 10:09:33,059 - INFO - 处理后数据前5行:
     数据截止日期    code        标的名称  holding_amount  holder_count  holding_value        date
0  20250410  159001       货币ETF         54105.0            11     5410554.10  2025-04-11
1      None  159003     招商快线ETF           853.0             4       85300.00  2025-04-11
2      None  159005    汇添富快钱ETF          1300.0            12      129998.70  2025-04-11
3      None  159150  深证50ETF易方达       1804366.0            37     1977585.17  2025-04-11
4      None  159201    自由现金流ETF      26854940.0           560    25270498.53  2025-04-11
2025-04-14 10:09:33,116 - INFO - 成功导入ETF持有人数据，共1104条记录
2025-04-14 10:09:33,116 - INFO - 开始导入ETF自选数据...
2025-04-14 10:09:33,116 - INFO - 使用文件: data/客户ETF自选人数20250411.xlsx
2025-04-14 10:09:33,116 - INFO - 从文件名中提取的日期: 2025-04-11
2025-04-14 10:09:33,126 - INFO - 原始列名: ['数据截止日期']
2025-04-14 10:09:33,127 - INFO - 数据形状: (0, 1)
2025-04-14 10:09:33,127 - INFO - 数据前5行:
Empty DataFrame
Columns: [数据截止日期]
Index: []
2025-04-14 10:09:33,127 - ERROR - ETF自选数据文件缺少以下列: ['标的代码', '加自选人数']
2025-04-14 10:09:33,127 - INFO - 开始导入ETF指数分类数据...
2025-04-14 10:09:33,128 - INFO - 使用文件: data/ETF-Index-Classification_20250325.xlsx
2025-04-14 10:09:33,192 - INFO - 成功导入ETF指数分类数据，共429条记录
2025-04-14 10:09:33,192 - INFO - 开始导入ETF商务协议数据...
2025-04-14 10:09:33,193 - INFO - 使用文件: data/ETF单产品商务协议20250328.xlsx
2025-04-14 10:09:33,290 - INFO - 成功导入ETF商务协议数据，共339条记录
2025-04-14 10:09:33,291 - INFO - 开始导入ETF规模数据到历史表...
2025-04-14 10:09:33,291 - INFO - 使用文件: data/ETF_DATA_20250411.xlsx
2025-04-14 10:09:33,291 - INFO - 从文件名中提取的日期: 2025-04-11
2025-04-14 10:09:33,774 - INFO - 使用列: 代码=证券代码, 规模=基金规模(合计)
[交易日期] S_cal_date(now(),0,D,0)
[单位] 亿元
2025-04-14 10:09:33,836 - INFO - 成功导入 1130 条 2025-04-11 的ETF规模历史数据
2025-04-14 10:09:33,837 - INFO - === ETF数据导入完成 ===
2025-04-14 10:09:33,837 - INFO - ETF基本信息: 成功
2025-04-14 10:09:33,837 - INFO - ETF价格数据: 失败
2025-04-14 10:09:33,837 - INFO - ETF持有人数据: 成功
2025-04-14 10:09:33,837 - INFO - ETF自选数据: 失败
2025-04-14 10:09:33,837 - INFO - ETF指数分类数据: 成功
2025-04-14 10:09:33,837 - INFO - ETF商务协议数据: 成功
2025-04-14 10:09:33,837 - INFO - ETF规模数据: 成功
2025-04-14 10:09:33,837 - INFO - === 数据库记录统计 ===
2025-04-14 10:09:33,837 - INFO - ETF基本信息表: 1132条记录
2025-04-14 10:09:33,837 - INFO - ETF价格数据表: 1128条记录
2025-04-14 10:09:33,837 - INFO - ETF持有人数据表: 1104条记录
2025-04-14 10:09:33,837 - INFO - ETF自选数据表: 1114条记录
2025-04-14 10:09:33,838 - INFO - ETF商务协议数据表: 339条记录
2025-04-14 10:12:31,190 - INFO - === 开始导入所有ETF数据 ===
2025-04-14 10:12:31,193 - INFO - 列名映射已保存到: data/etf_column_names.json
2025-04-14 10:12:31,193 - INFO - 开始导入ETF基本信息...
2025-04-14 10:12:31,197 - INFO - 使用文件: data/ETF_DATA_20250411.xlsx
2025-04-14 10:12:31,197 - INFO - 从文件名中提取的日期: 2025-04-11
2025-04-14 10:12:32,007 - INFO - 成功导入ETF基本信息，共1132条记录
2025-04-14 10:12:32,007 - INFO - 开始导入ETF价格数据...
2025-04-14 10:12:32,007 - INFO - 使用文件: data/ETF_DATA_20250411.xlsx
2025-04-14 10:12:32,007 - INFO - 从文件名中提取的日期: 2025-04-11
2025-04-14 10:12:32,522 - ERROR - ETF价格数据文件缺少以下列: ['最新价', '涨跌幅', '成交量', '成交额']
2025-04-14 10:12:32,522 - INFO - 开始导入ETF持有人数据...
2025-04-14 10:12:32,523 - INFO - 使用文件: data/客户ETF保有量20250411.xlsx
2025-04-14 10:12:32,523 - INFO - 从文件名中提取的日期: 2025-04-11
2025-04-14 10:12:32,585 - INFO - 文件中的工作表: ['客户ETF保有量', '仪表板']
2025-04-14 10:12:32,595 - INFO - 原始列名: ['数据截止日期']
2025-04-14 10:12:32,595 - INFO - 数据形状: (0, 1)
2025-04-14 10:12:32,596 - INFO - 数据前5行:
Empty DataFrame
Columns: [数据截止日期]
Index: []
2025-04-14 10:12:32,596 - WARNING - 标准读取方式返回空数据或只有单列，尝试读取所有单元格...
2025-04-14 10:12:32,709 - INFO - 尝试读取工作表: 客户ETF保有量
2025-04-14 10:12:32,715 - INFO - 找到的标题行: ('数据截止日期', '标的代码', '标的名称', '持仓份额', '持仓客户数', '持仓市值')
2025-04-14 10:12:32,716 - INFO - 成功读取数据，形状: (1104, 6)
2025-04-14 10:12:32,719 - INFO - 处理后列名: ['数据截止日期', 'code', '标的名称', 'holding_amount', 'holder_count', 'holding_value', 'date']
2025-04-14 10:12:32,728 - INFO - 处理后数据前5行:
     数据截止日期    code        标的名称  holding_amount  holder_count  holding_value        date
0  20250410  159001       货币ETF         54105.0            11     5410554.10  2025-04-11
1      None  159003     招商快线ETF           853.0             4       85300.00  2025-04-11
2      None  159005    汇添富快钱ETF          1300.0            12      129998.70  2025-04-11
3      None  159150  深证50ETF易方达       1804366.0            37     1977585.17  2025-04-11
4      None  159201    自由现金流ETF      26854940.0           560    25270498.53  2025-04-11
2025-04-14 10:12:32,783 - INFO - 成功导入ETF持有人数据，共1104条记录
2025-04-14 10:12:32,784 - INFO - 开始导入ETF自选数据...
2025-04-14 10:12:32,784 - INFO - 使用文件: data/客户ETF自选人数20250411.xlsx
2025-04-14 10:12:32,784 - INFO - 从文件名中提取的日期: 2025-04-11
2025-04-14 10:12:32,795 - INFO - 原始列名: ['数据截止日期']
2025-04-14 10:12:32,795 - INFO - 数据形状: (0, 1)
2025-04-14 10:12:32,796 - INFO - 数据前5行:
Empty DataFrame
Columns: [数据截止日期]
Index: []
2025-04-14 10:12:32,796 - ERROR - ETF自选数据文件缺少以下列: ['标的代码', '加自选人数']
2025-04-14 10:12:32,796 - INFO - 开始导入ETF指数分类数据...
2025-04-14 10:12:32,796 - INFO - 使用文件: data/ETF-Index-Classification_20250325.xlsx
2025-04-14 10:12:32,855 - INFO - 成功导入ETF指数分类数据，共429条记录
2025-04-14 10:12:32,855 - INFO - 开始导入ETF商务协议数据...
2025-04-14 10:12:32,856 - INFO - 使用文件: data/ETF单产品商务协议20250328.xlsx
2025-04-14 10:12:32,975 - INFO - 成功导入ETF商务协议数据，共339条记录
2025-04-14 10:12:32,975 - INFO - 开始导入ETF规模数据到历史表...
2025-04-14 10:12:32,976 - INFO - 使用文件: data/ETF_DATA_20250411.xlsx
2025-04-14 10:12:32,977 - INFO - 从文件名中提取的日期: 2025-04-11
2025-04-14 10:12:32,980 - INFO - 日期 2025-04-11 的ETF规模历史数据已存在，跳过导入
2025-04-14 10:12:32,980 - INFO - === ETF数据导入完成 ===
2025-04-14 10:12:32,980 - INFO - ETF基本信息: 成功
2025-04-14 10:12:32,981 - INFO - ETF价格数据: 失败
2025-04-14 10:12:32,981 - INFO - ETF持有人数据: 成功
2025-04-14 10:12:32,981 - INFO - ETF自选数据: 失败
2025-04-14 10:12:32,981 - INFO - ETF指数分类数据: 成功
2025-04-14 10:12:32,981 - INFO - ETF商务协议数据: 成功
2025-04-14 10:12:32,981 - INFO - ETF规模数据: 成功
2025-04-14 10:12:32,981 - INFO - === 数据库记录统计 ===
2025-04-14 10:12:32,981 - INFO - ETF基本信息表: 1132条记录
2025-04-14 10:12:32,981 - INFO - ETF价格数据表: 1128条记录
2025-04-14 10:12:32,981 - INFO - ETF持有人数据表: 1104条记录
2025-04-14 10:12:32,982 - INFO - ETF自选数据表: 1114条记录
2025-04-14 10:12:32,982 - INFO - ETF商务协议数据表: 339条记录
2025-04-14 10:15:14,803 - INFO - 开始导入ETF自选数据...
2025-04-14 10:15:14,804 - INFO - 使用文件: data/客户ETF自选人数20250411.xlsx
2025-04-14 10:15:14,804 - INFO - 从文件名中提取的日期: 2025-04-11
2025-04-14 10:15:14,962 - INFO - 原始列名: ['数据截止日期']
2025-04-14 10:15:14,962 - INFO - 数据形状: (0, 1)
2025-04-14 10:15:14,962 - INFO - 数据前5行:
Empty DataFrame
Columns: [数据截止日期]
Index: []
2025-04-14 10:15:14,963 - ERROR - ETF自选数据文件缺少以下列: ['标的代码', '加自选人数']
2025-04-14 10:16:30,180 - INFO - 开始导入ETF自选数据...
2025-04-14 10:16:30,181 - INFO - 使用文件: data/客户ETF自选人数20250411.xlsx
2025-04-14 10:16:30,181 - INFO - 从文件名中提取的日期: 2025-04-11
2025-04-14 10:16:30,372 - INFO - 原始列名: ['数据截止日期']
2025-04-14 10:16:30,372 - INFO - 数据形状: (0, 1)
2025-04-14 10:16:30,373 - INFO - 数据前5行:
Empty DataFrame
Columns: [数据截止日期]
Index: []
2025-04-14 10:16:30,374 - ERROR - ETF自选数据文件缺少以下列: ['标的代码', '加自选人数']
2025-04-14 10:17:34,118 - INFO - 开始导入ETF自选数据...
2025-04-14 10:17:34,119 - INFO - 使用文件: data/客户ETF自选人数20250411.xlsx
2025-04-14 10:17:34,120 - INFO - 从文件名中提取的日期: 2025-04-11
2025-04-14 10:17:34,120 - INFO - 读取Excel文件
2025-04-14 10:17:34,281 - INFO - 原始列名: ['数据截止日期']
2025-04-14 10:17:34,281 - INFO - 数据形状: (0, 1)
2025-04-14 10:17:34,282 - INFO - 数据前5行:
Empty DataFrame
Columns: [数据截止日期]
Index: []
2025-04-14 10:17:34,283 - ERROR - ETF自选数据文件缺少以下列: ['标的代码', '加自选人数']
2025-04-14 10:18:46,010 - INFO - 使用测试数据模式
2025-04-14 10:18:46,011 - INFO - 开始导入ETF自选数据...
2025-04-14 10:18:46,011 - INFO - 使用测试文件: test/test_attention.csv
2025-04-14 10:18:46,011 - INFO - 使用文件: test/test_attention.csv
2025-04-14 10:18:46,011 - WARNING - 无法从文件名中提取日期，使用当前日期: 2025-04-14
2025-04-14 10:18:46,011 - INFO - 读取CSV文件
2025-04-14 10:18:46,019 - INFO - 原始列名: ['标的代码', '加自选人数']
2025-04-14 10:18:46,019 - INFO - 数据形状: (2, 2)
2025-04-14 10:18:46,026 - INFO - 数据前5行:
     标的代码  加自选人数
0  510050   1234
1  159915   5678
2025-04-14 10:18:46,028 - INFO - 处理后列名: ['code', 'attention_count', 'date']
2025-04-14 10:18:46,031 - INFO - 处理后数据前5行:
     code  attention_count        date
0  510050             1234  2025-04-14
1  159915             5678  2025-04-14
2025-04-14 10:18:46,087 - INFO - 成功导入ETF自选数据，共2条记录
2025-04-14 10:18:46,088 - INFO - 导入完成，成功 1/1 个任务
2025-04-14 10:19:31,452 - INFO - === 开始导入所有ETF数据 ===
2025-04-14 10:19:31,488 - INFO - 列名映射已保存到: data/etf_column_names.json
2025-04-14 10:19:31,488 - INFO - 开始导入ETF基本信息...
2025-04-14 10:19:31,493 - INFO - 使用文件: data/ETF_DATA_20250411.xlsx
2025-04-14 10:19:31,493 - INFO - 从文件名中提取的日期: 2025-04-11
2025-04-14 10:19:32,223 - INFO - 成功导入ETF基本信息，共1132条记录
2025-04-14 10:19:32,223 - INFO - 开始导入ETF价格数据...
2025-04-14 10:19:32,224 - INFO - 使用文件: data/ETF_DATA_20250411.xlsx
2025-04-14 10:19:32,224 - INFO - 从文件名中提取的日期: 2025-04-11
2025-04-14 10:19:32,776 - ERROR - ETF价格数据文件缺少以下列: ['最新价', '涨跌幅', '成交量', '成交额']
2025-04-14 10:19:32,776 - INFO - 开始导入ETF持有人数据...
2025-04-14 10:19:32,776 - INFO - 使用文件: data/客户ETF保有量20250411.xlsx
2025-04-14 10:19:32,776 - INFO - 从文件名中提取的日期: 2025-04-11
2025-04-14 10:19:32,830 - INFO - 文件中的工作表: ['客户ETF保有量', '仪表板']
2025-04-14 10:19:32,838 - INFO - 原始列名: ['数据截止日期']
2025-04-14 10:19:32,838 - INFO - 数据形状: (0, 1)
2025-04-14 10:19:32,839 - INFO - 数据前5行:
Empty DataFrame
Columns: [数据截止日期]
Index: []
2025-04-14 10:19:32,839 - WARNING - 标准读取方式返回空数据或只有单列，尝试读取所有单元格...
2025-04-14 10:19:32,940 - INFO - 尝试读取工作表: 客户ETF保有量
2025-04-14 10:19:32,945 - INFO - 找到的标题行: ('数据截止日期', '标的代码', '标的名称', '持仓份额', '持仓客户数', '持仓市值')
2025-04-14 10:19:32,947 - INFO - 成功读取数据，形状: (1104, 6)
2025-04-14 10:19:32,949 - INFO - 处理后列名: ['数据截止日期', 'code', '标的名称', 'holding_amount', 'holder_count', 'holding_value', 'date']
2025-04-14 10:19:32,954 - INFO - 处理后数据前5行:
     数据截止日期    code        标的名称  holding_amount  holder_count  holding_value        date
0  20250410  159001       货币ETF         54105.0            11     5410554.10  2025-04-11
1      None  159003     招商快线ETF           853.0             4       85300.00  2025-04-11
2      None  159005    汇添富快钱ETF          1300.0            12      129998.70  2025-04-11
3      None  159150  深证50ETF易方达       1804366.0            37     1977585.17  2025-04-11
4      None  159201    自由现金流ETF      26854940.0           560    25270498.53  2025-04-11
2025-04-14 10:19:33,012 - INFO - 成功导入ETF持有人数据，共1104条记录
2025-04-14 10:19:33,012 - INFO - 开始导入ETF自选数据...
2025-04-14 10:19:33,017 - INFO - 使用文件: data/客户ETF自选人数20250411.xlsx
2025-04-14 10:19:33,017 - INFO - 从文件名中提取的日期: 2025-04-11
2025-04-14 10:19:33,027 - INFO - 原始列名: ['数据截止日期']
2025-04-14 10:19:33,027 - INFO - 数据形状: (0, 1)
2025-04-14 10:19:33,027 - INFO - 数据前5行:
Empty DataFrame
Columns: [数据截止日期]
Index: []
2025-04-14 10:19:33,027 - ERROR - ETF自选数据文件缺少以下列: ['标的代码', '加自选人数']
2025-04-14 10:19:33,027 - INFO - 开始导入ETF指数分类数据...
2025-04-14 10:19:33,028 - INFO - 使用文件: data/ETF-Index-Classification_20250325.xlsx
2025-04-14 10:19:33,094 - INFO - 成功导入ETF指数分类数据，共429条记录
2025-04-14 10:19:33,094 - INFO - 开始导入ETF商务协议数据...
2025-04-14 10:19:33,095 - INFO - 使用文件: data/ETF单产品商务协议20250328.xlsx
2025-04-14 10:19:33,193 - INFO - 成功导入ETF商务协议数据，共339条记录
2025-04-14 10:19:33,193 - INFO - 开始导入ETF规模数据到历史表...
2025-04-14 10:19:33,193 - INFO - 使用文件: data/ETF_DATA_20250411.xlsx
2025-04-14 10:19:33,193 - INFO - 从文件名中提取的日期: 2025-04-11
2025-04-14 10:19:33,198 - INFO - 日期 2025-04-11 的ETF规模历史数据已存在，跳过导入
2025-04-14 10:19:33,198 - INFO - === ETF数据导入完成 ===
2025-04-14 10:19:33,198 - INFO - ETF基本信息: 成功
2025-04-14 10:19:33,198 - INFO - ETF价格数据: 失败
2025-04-14 10:19:33,198 - INFO - ETF持有人数据: 成功
2025-04-14 10:19:33,198 - INFO - ETF自选数据: 失败
2025-04-14 10:19:33,198 - INFO - ETF指数分类数据: 成功
2025-04-14 10:19:33,199 - INFO - ETF商务协议数据: 成功
2025-04-14 10:19:33,199 - INFO - ETF规模数据: 成功
2025-04-14 10:19:33,199 - INFO - === 数据库记录统计 ===
2025-04-14 10:19:33,199 - INFO - ETF基本信息表: 1132条记录
2025-04-14 10:19:33,200 - INFO - ETF价格数据表: 1128条记录
2025-04-14 10:19:33,200 - INFO - ETF持有人数据表: 1104条记录
2025-04-14 10:19:33,200 - INFO - ETF自选数据表: 2条记录
2025-04-14 10:19:33,200 - INFO - ETF商务协议数据表: 339条记录
2025-04-14 10:40:24,227 - INFO - 开始导入ETF自选数据...
2025-04-14 10:40:24,228 - INFO - 使用文件: data/客户ETF自选人数20250411.xlsx
2025-04-14 10:40:24,228 - INFO - 从文件名中提取的日期: 2025-04-11
2025-04-14 10:40:24,394 - INFO - 原始列名: ['数据截止日期']
2025-04-14 10:40:24,394 - INFO - 数据形状: (0, 1)
2025-04-14 10:40:24,395 - INFO - 数据前5行:
Empty DataFrame
Columns: [数据截止日期]
Index: []
2025-04-14 10:40:24,396 - ERROR - ETF自选数据文件缺少以下列: ['标的代码', '加自选人数']
2025-04-14 10:42:05,249 - INFO - 开始导入ETF自选数据...
2025-04-14 10:42:05,250 - INFO - 使用文件: data/客户ETF自选人数20250411.xlsx
2025-04-14 10:42:05,250 - INFO - 从文件名中提取的日期: 2025-04-11
2025-04-14 10:42:05,411 - INFO - 原始列名: ['数据截止日期']
2025-04-14 10:42:05,411 - INFO - 数据形状: (0, 1)
2025-04-14 10:42:05,412 - INFO - 数据前5行:
Empty DataFrame
Columns: [数据截止日期]
Index: []
2025-04-14 10:42:05,413 - ERROR - ETF自选数据文件缺少以下列: ['标的代码', '加自选人数']
2025-04-14 10:49:35,074 - INFO - 开始导入ETF规模数据到历史表...
2025-04-14 10:49:35,078 - INFO - 使用文件: data/ETF_DATA_20250411.xlsx
2025-04-14 10:49:35,078 - INFO - 从文件名中提取的日期: 2025-04-11
2025-04-14 10:49:35,103 - INFO - 日期 2025-04-11 的ETF规模历史数据已存在，跳过导入
2025-04-14 10:51:00,435 - INFO - 开始导入ETF自选数据...
2025-04-14 10:51:00,436 - INFO - 使用文件: data/客户ETF自选人数20250411_restore.xlsx
2025-04-14 10:51:00,437 - INFO - 从文件名中提取的日期: 2025-04-11
2025-04-14 10:51:00,483 - INFO - 文件中的工作表: ['客户ETF自选人数', '仪表板']
2025-04-14 10:51:00,653 - INFO - 原始列名: ['数据截止日期']
2025-04-14 10:51:00,653 - INFO - 数据形状: (0, 1)
2025-04-14 10:51:00,654 - INFO - 数据前5行:
Empty DataFrame
Columns: [数据截止日期]
Index: []
2025-04-14 10:51:00,654 - WARNING - 标准读取方式返回空数据或只有单列，尝试读取所有单元格...
2025-04-14 10:51:00,726 - INFO - 尝试读取工作表: 客户ETF自选人数
2025-04-14 10:51:00,730 - INFO - 找到的标题行: ('数据截止日期', '标的代码', '加自选人数')
2025-04-14 10:51:00,733 - INFO - 成功读取数据，形状: (1113, 3)
2025-04-14 10:51:00,733 - INFO - 标准化后列名: ['数据截止日期', '标的代码', '加自选人数']
2025-04-14 10:51:00,733 - INFO - 找到的代码列: ['标的代码']
2025-04-14 10:51:00,733 - INFO - 找到的自选列: ['加自选人数']
2025-04-14 10:51:00,737 - INFO - 处理后列名: ['数据截止日期', 'code', 'attention_count', 'date']
2025-04-14 10:51:00,742 - INFO - 处理后数据前5行:
     数据截止日期    code  attention_count        date
0  20250409  159001              100  2025-04-11
1      None  159003               97  2025-04-11
2      None  159005               42  2025-04-11
3      None  159150              250  2025-04-11
4      None  159201              853  2025-04-11
2025-04-14 10:51:00,807 - INFO - 成功导入ETF自选数据，共1113条记录
2025-04-14 10:52:47,115 - INFO - === 开始导入所有ETF数据 ===
2025-04-14 10:52:47,116 - INFO - 列名映射已保存到: data/etf_column_names.json
2025-04-14 10:52:47,116 - INFO - 开始导入ETF基本信息...
2025-04-14 10:52:47,118 - INFO - 使用文件: data/ETF_DATA_20250411.xlsx
2025-04-14 10:52:47,118 - INFO - 从文件名中提取的日期: 2025-04-11
2025-04-14 10:52:47,934 - INFO - 成功导入ETF基本信息，共1132条记录
2025-04-14 10:52:47,934 - INFO - 开始导入ETF价格数据...
2025-04-14 10:52:47,935 - INFO - 使用文件: data/ETF_DATA_20250411.xlsx
2025-04-14 10:52:47,935 - INFO - 从文件名中提取的日期: 2025-04-11
2025-04-14 10:52:48,463 - ERROR - ETF价格数据文件缺少以下列: ['最新价', '涨跌幅', '成交量', '成交额']
2025-04-14 10:52:48,463 - INFO - 开始导入ETF持有人数据...
2025-04-14 10:52:48,464 - INFO - 使用文件: data/客户ETF保有量20250411.xlsx
2025-04-14 10:52:48,464 - INFO - 从文件名中提取的日期: 2025-04-11
2025-04-14 10:52:48,527 - INFO - 文件中的工作表: ['客户ETF保有量', '仪表板']
2025-04-14 10:52:48,536 - INFO - 原始列名: ['数据截止日期']
2025-04-14 10:52:48,536 - INFO - 数据形状: (0, 1)
2025-04-14 10:52:48,536 - INFO - 数据前5行:
Empty DataFrame
Columns: [数据截止日期]
Index: []
2025-04-14 10:52:48,537 - WARNING - 标准读取方式返回空数据或只有单列，尝试读取所有单元格...
2025-04-14 10:52:48,649 - INFO - 尝试读取工作表: 客户ETF保有量
2025-04-14 10:52:48,655 - INFO - 找到的标题行: ('数据截止日期', '标的代码', '标的名称', '持仓份额', '持仓客户数', '持仓市值')
2025-04-14 10:52:48,657 - INFO - 成功读取数据，形状: (1104, 6)
2025-04-14 10:52:48,659 - INFO - 处理后列名: ['数据截止日期', 'code', '标的名称', 'holding_amount', 'holder_count', 'holding_value', 'date']
2025-04-14 10:52:48,666 - INFO - 处理后数据前5行:
     数据截止日期    code        标的名称  holding_amount  holder_count  holding_value        date
0  20250410  159001       货币ETF         54105.0            11     5410554.10  2025-04-11
1      None  159003     招商快线ETF           853.0             4       85300.00  2025-04-11
2      None  159005    汇添富快钱ETF          1300.0            12      129998.70  2025-04-11
3      None  159150  深证50ETF易方达       1804366.0            37     1977585.17  2025-04-11
4      None  159201    自由现金流ETF      26854940.0           560    25270498.53  2025-04-11
2025-04-14 10:52:48,725 - INFO - 成功导入ETF持有人数据，共1104条记录
2025-04-14 10:52:48,726 - INFO - 开始导入ETF自选数据...
2025-04-14 10:52:48,726 - INFO - 使用文件: data/客户ETF自选人数20250411_restore.xlsx
2025-04-14 10:52:48,726 - INFO - 从文件名中提取的日期: 2025-04-11
2025-04-14 10:52:48,757 - INFO - 文件中的工作表: ['客户ETF自选人数', '仪表板']
2025-04-14 10:52:48,769 - INFO - 原始列名: ['数据截止日期']
2025-04-14 10:52:48,769 - INFO - 数据形状: (0, 1)
2025-04-14 10:52:48,769 - INFO - 数据前5行:
Empty DataFrame
Columns: [数据截止日期]
Index: []
2025-04-14 10:52:48,769 - WARNING - 标准读取方式返回空数据或只有单列，尝试读取所有单元格...
2025-04-14 10:52:48,849 - INFO - 尝试读取工作表: 客户ETF自选人数
2025-04-14 10:52:48,853 - INFO - 找到的标题行: ('数据截止日期', '标的代码', '加自选人数')
2025-04-14 10:52:48,853 - INFO - 成功读取数据，形状: (1113, 3)
2025-04-14 10:52:48,853 - INFO - 标准化后列名: ['数据截止日期', '标的代码', '加自选人数']
2025-04-14 10:52:48,853 - INFO - 找到的代码列: ['标的代码']
2025-04-14 10:52:48,854 - INFO - 找到的自选列: ['加自选人数']
2025-04-14 10:52:48,855 - INFO - 处理后列名: ['数据截止日期', 'code', 'attention_count', 'date']
2025-04-14 10:52:48,859 - INFO - 处理后数据前5行:
     数据截止日期    code  attention_count        date
0  20250409  159001              100  2025-04-11
1      None  159003               97  2025-04-11
2      None  159005               42  2025-04-11
3      None  159150              250  2025-04-11
4      None  159201              853  2025-04-11
2025-04-14 10:52:48,900 - INFO - 成功导入ETF自选数据，共1113条记录
2025-04-14 10:52:48,900 - INFO - 开始导入ETF指数分类数据...
2025-04-14 10:52:48,900 - INFO - 使用文件: data/ETF-Index-Classification_20250325.xlsx
2025-04-14 10:52:48,953 - INFO - 成功导入ETF指数分类数据，共429条记录
2025-04-14 10:52:48,953 - INFO - 开始导入ETF商务协议数据...
2025-04-14 10:52:48,953 - INFO - 使用文件: data/ETF单产品商务协议20250328.xlsx
2025-04-14 10:52:49,061 - INFO - 成功导入ETF商务协议数据，共339条记录
2025-04-14 10:52:49,061 - INFO - 开始导入ETF规模数据到历史表...
2025-04-14 10:52:49,061 - INFO - 使用文件: data/ETF_DATA_20250411.xlsx
2025-04-14 10:52:49,061 - INFO - 从文件名中提取的日期: 2025-04-11
2025-04-14 10:52:49,067 - INFO - 日期 2025-04-11 的ETF规模历史数据已存在，跳过导入
2025-04-14 10:52:49,067 - INFO - === ETF数据导入完成 ===
2025-04-14 10:52:49,067 - INFO - ETF基本信息: 成功
2025-04-14 10:52:49,067 - INFO - ETF价格数据: 失败
2025-04-14 10:52:49,067 - INFO - ETF持有人数据: 成功
2025-04-14 10:52:49,067 - INFO - ETF自选数据: 成功
2025-04-14 10:52:49,067 - INFO - ETF指数分类数据: 成功
2025-04-14 10:52:49,067 - INFO - ETF商务协议数据: 成功
2025-04-14 10:52:49,068 - INFO - ETF规模数据: 成功
2025-04-14 10:52:49,068 - INFO - === 数据库记录统计 ===
2025-04-14 10:52:49,068 - INFO - ETF基本信息表: 1132条记录
2025-04-14 10:52:49,068 - INFO - ETF价格数据表: 1128条记录
2025-04-14 10:52:49,068 - INFO - ETF持有人数据表: 1104条记录
2025-04-14 10:52:49,068 - INFO - ETF自选数据表: 1113条记录
2025-04-14 10:52:49,068 - INFO - ETF商务协议数据表: 339条记录
2025-04-14 10:55:02,137 - INFO - === 开始导入所有ETF数据 ===
2025-04-14 10:55:02,140 - INFO - 列名映射已保存到: data/etf_column_names.json
2025-04-14 10:55:02,140 - INFO - 开始导入ETF基本信息...
2025-04-14 10:55:02,142 - INFO - 使用文件: data/ETF_DATA_20250411.xlsx
2025-04-14 10:55:02,143 - INFO - 从文件名中提取的日期: 2025-04-11
2025-04-14 10:55:02,927 - INFO - 成功导入ETF基本信息，共1132条记录
2025-04-14 10:55:02,928 - INFO - 开始导入ETF价格数据...
2025-04-14 10:55:02,928 - INFO - 使用文件: data/ETF_DATA_20250411.xlsx
2025-04-14 10:55:02,928 - INFO - 从文件名中提取的日期: 2025-04-11
2025-04-14 10:55:03,429 - ERROR - ETF价格数据文件缺少以下列: ['最新价', '涨跌幅', '成交量', '成交额']
2025-04-14 10:55:03,430 - INFO - 开始导入ETF持有人数据...
2025-04-14 10:55:03,430 - INFO - 使用文件: data/客户ETF保有量20250411.xlsx
2025-04-14 10:55:03,430 - INFO - 从文件名中提取的日期: 2025-04-11
2025-04-14 10:55:03,491 - INFO - 文件中的工作表: ['客户ETF保有量', '仪表板']
2025-04-14 10:55:03,500 - INFO - 原始列名: ['数据截止日期']
2025-04-14 10:55:03,500 - INFO - 数据形状: (0, 1)
2025-04-14 10:55:03,501 - INFO - 数据前5行:
Empty DataFrame
Columns: [数据截止日期]
Index: []
2025-04-14 10:55:03,501 - WARNING - 标准读取方式返回空数据或只有单列，尝试读取所有单元格...
2025-04-14 10:55:03,608 - INFO - 尝试读取工作表: 客户ETF保有量
2025-04-14 10:55:03,613 - INFO - 找到的标题行: ('数据截止日期', '标的代码', '标的名称', '持仓份额', '持仓客户数', '持仓市值')
2025-04-14 10:55:03,616 - INFO - 成功读取数据，形状: (1104, 6)
2025-04-14 10:55:03,618 - INFO - 处理后列名: ['数据截止日期', 'code', '标的名称', 'holding_amount', 'holder_count', 'holding_value', 'date']
2025-04-14 10:55:03,624 - INFO - 处理后数据前5行:
     数据截止日期    code        标的名称  holding_amount  holder_count  holding_value        date
0  20250410  159001       货币ETF         54105.0            11     5410554.10  2025-04-11
1      None  159003     招商快线ETF           853.0             4       85300.00  2025-04-11
2      None  159005    汇添富快钱ETF          1300.0            12      129998.70  2025-04-11
3      None  159150  深证50ETF易方达       1804366.0            37     1977585.17  2025-04-11
4      None  159201    自由现金流ETF      26854940.0           560    25270498.53  2025-04-11
2025-04-14 10:55:03,679 - INFO - 成功导入ETF持有人数据，共1104条记录
2025-04-14 10:55:03,679 - INFO - 开始导入ETF自选数据...
2025-04-14 10:55:03,680 - INFO - 使用文件: data/客户ETF自选人数20250411.xlsx
2025-04-14 10:55:03,680 - INFO - 从文件名中提取的日期: 2025-04-11
2025-04-14 10:55:03,708 - INFO - 文件中的工作表: ['客户ETF自选人数', '仪表板']
2025-04-14 10:55:03,716 - INFO - 原始列名: ['数据截止日期']
2025-04-14 10:55:03,716 - INFO - 数据形状: (0, 1)
2025-04-14 10:55:03,717 - INFO - 数据前5行:
Empty DataFrame
Columns: [数据截止日期]
Index: []
2025-04-14 10:55:03,717 - WARNING - 标准读取方式返回空数据或只有单列，尝试读取所有单元格...
2025-04-14 10:55:03,808 - INFO - 尝试读取工作表: 客户ETF自选人数
2025-04-14 10:55:03,811 - INFO - 找到的标题行: ('数据截止日期', '标的代码', '加自选人数')
2025-04-14 10:55:03,812 - INFO - 成功读取数据，形状: (1113, 3)
2025-04-14 10:55:03,812 - INFO - 标准化后列名: ['数据截止日期', '标的代码', '加自选人数']
2025-04-14 10:55:03,812 - INFO - 找到的代码列: ['标的代码']
2025-04-14 10:55:03,812 - INFO - 找到的自选列: ['加自选人数']
2025-04-14 10:55:03,814 - INFO - 处理后列名: ['数据截止日期', 'code', 'attention_count', 'date']
2025-04-14 10:55:03,818 - INFO - 处理后数据前5行:
     数据截止日期    code  attention_count        date
0  20250409  159001              100  2025-04-11
1      None  159003               97  2025-04-11
2      None  159005               42  2025-04-11
3      None  159150              250  2025-04-11
4      None  159201              853  2025-04-11
2025-04-14 10:55:03,860 - INFO - 成功导入ETF自选数据，共1113条记录
2025-04-14 10:55:03,860 - INFO - 开始导入ETF指数分类数据...
2025-04-14 10:55:03,861 - INFO - 使用文件: data/ETF-Index-Classification_20250325.xlsx
2025-04-14 10:55:03,912 - INFO - 成功导入ETF指数分类数据，共429条记录
2025-04-14 10:55:03,913 - INFO - 开始导入ETF商务协议数据...
2025-04-14 10:55:03,913 - INFO - 使用文件: data/ETF单产品商务协议20250328.xlsx
2025-04-14 10:55:04,012 - INFO - 成功导入ETF商务协议数据，共339条记录
2025-04-14 10:55:04,012 - INFO - 开始导入ETF规模数据到历史表...
2025-04-14 10:55:04,013 - INFO - 使用文件: data/ETF_DATA_20250411.xlsx
2025-04-14 10:55:04,013 - INFO - 从文件名中提取的日期: 2025-04-11
2025-04-14 10:55:04,018 - INFO - 日期 2025-04-11 的ETF规模历史数据已存在，跳过导入
2025-04-14 10:55:04,019 - INFO - === ETF数据导入完成 ===
2025-04-14 10:55:04,019 - INFO - ETF基本信息: 成功
2025-04-14 10:55:04,019 - INFO - ETF价格数据: 失败
2025-04-14 10:55:04,019 - INFO - ETF持有人数据: 成功
2025-04-14 10:55:04,019 - INFO - ETF自选数据: 成功
2025-04-14 10:55:04,019 - INFO - ETF指数分类数据: 成功
2025-04-14 10:55:04,019 - INFO - ETF商务协议数据: 成功
2025-04-14 10:55:04,019 - INFO - ETF规模数据: 成功
2025-04-14 10:55:04,019 - INFO - === 数据库记录统计 ===
2025-04-14 10:55:04,019 - INFO - ETF基本信息表: 1132条记录
2025-04-14 10:55:04,019 - INFO - ETF价格数据表: 1128条记录
2025-04-14 10:55:04,020 - INFO - ETF持有人数据表: 1104条记录
2025-04-14 10:55:04,020 - INFO - ETF自选数据表: 1113条记录
2025-04-14 10:55:04,020 - INFO - ETF商务协议数据表: 339条记录
2025-04-14 14:16:05,328 - INFO - 开始导入ETF基本信息...
2025-04-14 14:16:05,333 - INFO - 使用文件: data/ETF_DATA_20250411.xlsx
2025-04-14 14:16:05,333 - INFO - 从文件名中提取的日期: 2025-04-11
2025-04-14 14:16:11,294 - ERROR - 导入ETF基本信息失败
2025-04-14 14:16:26,488 - INFO - 开始导入ETF基本信息...
2025-04-14 14:16:26,489 - INFO - 使用文件: data/ETF_DATA_20250411.xlsx
2025-04-14 14:16:26,489 - INFO - 从文件名中提取的日期: 2025-04-11
2025-04-14 14:16:27,279 - INFO - 成功导入ETF基本信息，共1132条记录
2025-04-14 18:11:52,528 - INFO - === 开始导入所有ETF数据 ===
2025-04-14 18:11:52,530 - INFO - 列名映射已保存到: data/etf_column_names.json
2025-04-14 18:11:52,530 - INFO - 开始导入ETF基本信息...
2025-04-14 18:11:52,538 - INFO - 使用文件: data/ETF_DATA_20250411.xlsx
2025-04-14 18:11:52,538 - INFO - 从文件名中提取的日期: 2025-04-11
2025-04-14 18:11:53,366 - INFO - 成功导入ETF基本信息，共1132条记录
2025-04-14 18:11:53,367 - INFO - 开始导入ETF价格数据...
2025-04-14 18:11:53,367 - INFO - 使用文件: data/ETF_DATA_20250411.xlsx
2025-04-14 18:11:53,367 - INFO - 从文件名中提取的日期: 2025-04-11
2025-04-14 18:11:53,871 - ERROR - ETF价格数据文件缺少以下列: ['最新价', '涨跌幅', '成交量', '成交额']
2025-04-14 18:11:53,871 - INFO - 开始导入ETF持有人数据...
2025-04-14 18:11:53,872 - INFO - 使用文件: data/客户ETF保有量20250411.xlsx
2025-04-14 18:11:53,872 - INFO - 从文件名中提取的日期: 2025-04-11
2025-04-14 18:11:53,935 - INFO - 文件中的工作表: ['客户ETF保有量', '仪表板']
2025-04-14 18:11:53,944 - INFO - 原始列名: ['数据截止日期']
2025-04-14 18:11:53,944 - INFO - 数据形状: (0, 1)
2025-04-14 18:11:53,945 - INFO - 数据前5行:
Empty DataFrame
Columns: [数据截止日期]
Index: []
2025-04-14 18:11:53,945 - WARNING - 标准读取方式返回空数据或只有单列，尝试读取所有单元格...
2025-04-14 18:11:54,055 - INFO - 尝试读取工作表: 客户ETF保有量
2025-04-14 18:11:54,060 - INFO - 找到的标题行: ('数据截止日期', '标的代码', '标的名称', '持仓份额', '持仓客户数', '持仓市值')
2025-04-14 18:11:54,062 - INFO - 成功读取数据，形状: (1102, 6)
2025-04-14 18:11:54,064 - INFO - 处理后列名: ['数据截止日期', 'code', '标的名称', 'holding_amount', 'holder_count', 'holding_value', 'date']
2025-04-14 18:11:54,071 - INFO - 处理后数据前5行:
     数据截止日期    code        标的名称  holding_amount  holder_count  holding_value        date
0  20250411  159001       货币ETF         54205.0            11     5420500.00  2025-04-11
1      None  159003     招商快线ETF           853.0             4       85300.00  2025-04-11
2      None  159005    汇添富快钱ETF          2100.0            13      209997.90  2025-04-11
3      None  159150  深证50ETF易方达       1769366.0            37     1946302.60  2025-04-11
4      None  159201    自由现金流ETF      28220532.0           576    26499079.57  2025-04-11
2025-04-14 18:11:54,122 - INFO - 成功导入ETF持有人数据，共1102条记录
2025-04-14 18:11:54,123 - INFO - 开始导入ETF自选数据...
2025-04-14 18:11:54,123 - INFO - 使用文件: data/客户ETF自选人数20250411.xlsx
2025-04-14 18:11:54,123 - INFO - 从文件名中提取的日期: 2025-04-11
2025-04-14 18:11:54,151 - INFO - 文件中的工作表: ['客户ETF自选人数', '仪表板']
2025-04-14 18:11:54,160 - INFO - 原始列名: ['数据截止日期']
2025-04-14 18:11:54,160 - INFO - 数据形状: (0, 1)
2025-04-14 18:11:54,160 - INFO - 数据前5行:
Empty DataFrame
Columns: [数据截止日期]
Index: []
2025-04-14 18:11:54,160 - WARNING - 标准读取方式返回空数据或只有单列，尝试读取所有单元格...
2025-04-14 18:11:54,239 - INFO - 尝试读取工作表: 客户ETF自选人数
2025-04-14 18:11:54,242 - INFO - 找到的标题行: ('数据截止日期', '标的代码', '加自选人数')
2025-04-14 18:11:54,243 - INFO - 成功读取数据，形状: (1116, 3)
2025-04-14 18:11:54,243 - INFO - 标准化后列名: ['数据截止日期', '标的代码', '加自选人数']
2025-04-14 18:11:54,243 - INFO - 找到的代码列: ['标的代码']
2025-04-14 18:11:54,243 - INFO - 找到的自选列: ['加自选人数']
2025-04-14 18:11:54,245 - INFO - 处理后列名: ['数据截止日期', 'code', 'attention_count', 'date']
2025-04-14 18:11:54,248 - INFO - 处理后数据前5行:
     数据截止日期    code  attention_count        date
0  20250411  159001               99  2025-04-11
1      None  159003               98  2025-04-11
2      None  159005               43  2025-04-11
3      None  159150              248  2025-04-11
4      None  159201              880  2025-04-11
2025-04-14 18:11:54,287 - INFO - 成功导入ETF自选数据，共1116条记录
2025-04-14 18:11:54,287 - INFO - 开始导入ETF指数分类数据...
2025-04-14 18:11:54,287 - INFO - 使用文件: data/ETF-Index-Classification_20250325.xlsx
2025-04-14 18:11:54,338 - INFO - 成功导入ETF指数分类数据，共429条记录
2025-04-14 18:11:54,338 - INFO - 开始导入ETF商务协议数据...
2025-04-14 18:11:54,339 - INFO - 使用文件: data/ETF单产品商务协议20250328.xlsx
2025-04-14 18:11:54,438 - INFO - 成功导入ETF商务协议数据，共339条记录
2025-04-14 18:11:54,439 - INFO - 开始导入ETF规模数据到历史表...
2025-04-14 18:11:54,439 - INFO - 使用文件: data/ETF_DATA_20250411.xlsx
2025-04-14 18:11:54,439 - INFO - 从文件名中提取的日期: 2025-04-11
2025-04-14 18:11:54,445 - INFO - 日期 2025-04-11 的ETF规模历史数据已存在，跳过导入
2025-04-14 18:11:54,445 - INFO - === ETF数据导入完成 ===
2025-04-14 18:11:54,445 - INFO - ETF基本信息: 成功
2025-04-14 18:11:54,445 - INFO - ETF价格数据: 失败
2025-04-14 18:11:54,445 - INFO - ETF持有人数据: 成功
2025-04-14 18:11:54,445 - INFO - ETF自选数据: 成功
2025-04-14 18:11:54,445 - INFO - ETF指数分类数据: 成功
2025-04-14 18:11:54,445 - INFO - ETF商务协议数据: 成功
2025-04-14 18:11:54,446 - INFO - ETF规模数据: 成功
2025-04-14 18:11:54,446 - INFO - === 数据库记录统计 ===
2025-04-14 18:11:54,446 - INFO - ETF基本信息表: 1132条记录
2025-04-14 18:11:54,446 - INFO - ETF价格数据表: 1128条记录
2025-04-14 18:11:54,446 - INFO - ETF持有人数据表: 1102条记录
2025-04-14 18:11:54,446 - INFO - ETF自选数据表: 1116条记录
2025-04-14 18:11:54,446 - INFO - ETF商务协议数据表: 339条记录
2025-04-14 21:45:14,494 - INFO - === 开始导入所有ETF数据 ===
2025-04-14 21:45:14,498 - INFO - 列名映射已保存到: data/etf_column_names.json
2025-04-14 21:45:14,498 - INFO - 开始导入ETF基本信息...
2025-04-14 21:45:14,501 - INFO - 使用文件: data/ETF_DATA_20250411.xlsx
2025-04-14 21:45:14,502 - INFO - 从文件名中提取的日期: 2025-04-11
2025-04-14 21:45:17,433 - INFO - 成功导入ETF基本信息，共1132条记录
2025-04-14 21:45:17,433 - INFO - 开始导入ETF价格数据...
2025-04-14 21:45:17,434 - INFO - 使用文件: data/ETF_DATA_20250411.xlsx
2025-04-14 21:45:17,434 - INFO - 从文件名中提取的日期: 2025-04-11
2025-04-14 21:45:18,137 - ERROR - ETF价格数据文件缺少以下列: ['最新价', '涨跌幅', '成交量', '成交额']
2025-04-14 21:45:18,137 - INFO - 开始导入ETF持有人数据...
2025-04-14 21:45:18,142 - INFO - 使用文件: data/客户ETF保有量20250411.xlsx
2025-04-14 21:45:18,143 - INFO - 从文件名中提取的日期: 2025-04-11
2025-04-14 21:45:18,221 - INFO - 文件中的工作表: ['客户ETF保有量', '仪表板']
2025-04-14 21:45:18,236 - INFO - 原始列名: ['数据截止日期']
2025-04-14 21:45:18,236 - INFO - 数据形状: (0, 1)
2025-04-14 21:45:18,237 - INFO - 数据前5行:
Empty DataFrame
Columns: [数据截止日期]
Index: []
2025-04-14 21:45:18,237 - WARNING - 标准读取方式返回空数据或只有单列，尝试读取所有单元格...
2025-04-14 21:45:18,368 - INFO - 尝试读取工作表: 客户ETF保有量
2025-04-14 21:45:18,381 - INFO - 找到的标题行: ('数据截止日期', '标的代码', '标的名称', '持仓份额', '持仓客户数', '持仓市值')
2025-04-14 21:45:18,390 - INFO - 成功读取数据，形状: (1102, 6)
2025-04-14 21:45:18,400 - INFO - 处理后列名: ['数据截止日期', 'code', '标的名称', 'holding_amount', 'holder_count', 'holding_value', 'date']
2025-04-14 21:45:18,452 - INFO - 处理后数据前5行:
     数据截止日期    code        标的名称  holding_amount  holder_count  holding_value        date
0  20250411  159001       货币ETF         54205.0            11     5420500.00  2025-04-11
1      None  159003     招商快线ETF           853.0             4       85300.00  2025-04-11
2      None  159005    汇添富快钱ETF          2100.0            13      209997.90  2025-04-11
3      None  159150  深证50ETF易方达       1769366.0            37     1946302.60  2025-04-11
4      None  159201    自由现金流ETF      28220532.0           576    26499079.57  2025-04-11
2025-04-14 21:45:18,620 - INFO - 成功导入ETF持有人数据，共1102条记录
2025-04-14 21:45:18,621 - INFO - 开始导入ETF自选数据...
2025-04-14 21:45:18,622 - INFO - 使用文件: data/客户ETF自选人数20250411.xlsx
2025-04-14 21:45:18,622 - INFO - 从文件名中提取的日期: 2025-04-11
2025-04-14 21:45:18,666 - INFO - 文件中的工作表: ['客户ETF自选人数', '仪表板']
2025-04-14 21:45:18,681 - INFO - 原始列名: ['数据截止日期']
2025-04-14 21:45:18,682 - INFO - 数据形状: (0, 1)
2025-04-14 21:45:18,682 - INFO - 数据前5行:
Empty DataFrame
Columns: [数据截止日期]
Index: []
2025-04-14 21:45:18,682 - WARNING - 标准读取方式返回空数据或只有单列，尝试读取所有单元格...
2025-04-14 21:45:18,787 - INFO - 尝试读取工作表: 客户ETF自选人数
2025-04-14 21:45:18,791 - INFO - 找到的标题行: ('数据截止日期', '标的代码', '加自选人数')
2025-04-14 21:45:18,792 - INFO - 成功读取数据，形状: (1116, 3)
2025-04-14 21:45:18,792 - INFO - 标准化后列名: ['数据截止日期', '标的代码', '加自选人数']
2025-04-14 21:45:18,792 - INFO - 找到的代码列: ['标的代码']
2025-04-14 21:45:18,792 - INFO - 找到的自选列: ['加自选人数']
2025-04-14 21:45:18,795 - INFO - 处理后列名: ['数据截止日期', 'code', 'attention_count', 'date']
2025-04-14 21:45:18,801 - INFO - 处理后数据前5行:
     数据截止日期    code  attention_count        date
0  20250411  159001               99  2025-04-11
1      None  159003               98  2025-04-11
2      None  159005               43  2025-04-11
3      None  159150              248  2025-04-11
4      None  159201              880  2025-04-11
2025-04-14 21:45:18,830 - INFO - 成功导入ETF自选数据，共1116条记录
2025-04-14 21:45:18,831 - INFO - 开始导入ETF指数分类数据...
2025-04-14 21:45:18,831 - INFO - 使用文件: data/ETF-Index-Classification_20250325.xlsx
2025-04-14 21:45:18,890 - INFO - 成功导入ETF指数分类数据，共429条记录
2025-04-14 21:45:18,891 - INFO - 开始导入ETF商务协议数据...
2025-04-14 21:45:18,891 - INFO - 使用文件: data/ETF单产品商务协议20250328.xlsx
2025-04-14 21:45:19,015 - INFO - 成功导入ETF商务协议数据，共339条记录
2025-04-14 21:45:19,015 - INFO - === ETF数据导入完成 ===
2025-04-14 21:45:19,015 - INFO - ETF基本信息: 成功
2025-04-14 21:45:19,015 - INFO - ETF价格数据: 失败
2025-04-14 21:45:19,015 - INFO - ETF持有人数据: 成功
2025-04-14 21:45:19,015 - INFO - ETF自选数据: 成功
2025-04-14 21:45:19,015 - INFO - ETF指数分类数据: 成功
2025-04-14 21:45:19,015 - INFO - ETF商务协议数据: 成功
2025-04-14 21:45:19,016 - INFO - === 数据库记录统计 ===
2025-04-14 21:45:19,016 - INFO - ETF基本信息表: 1132条记录
2025-04-14 21:45:19,016 - INFO - ETF价格数据表: 1128条记录
2025-04-14 21:45:19,016 - INFO - ETF持有人数据表: 1102条记录
2025-04-14 21:45:19,016 - INFO - ETF自选数据表: 1116条记录
2025-04-14 21:45:19,016 - INFO - ETF商务协议数据表: 339条记录
2025-04-14 22:00:39,207 - INFO - 开始导入ETF价格数据...
2025-04-14 22:00:39,208 - INFO - 使用文件: data/ETF_DATA_20250411.xlsx
2025-04-14 22:00:39,209 - INFO - 从文件名中提取的日期: 2025-04-11
2025-04-14 22:00:39,943 - INFO - 原始列名: ['证券代码', '证券简称', '业绩比较基准', '成立年限\n[单位] 年', '基金上市地点', '基金成立日', '基金管理人', '管理费率\n[单位] %', '托管费率\n[单位] %', '指数使用费率', '跟踪指数代码', '日均跟踪偏离度阈值(业绩基准)\n[单位] %', '年化跟踪误差阈值(业绩基准)\n[单位] %', '跟踪误差\n[起始交易日期] S_cal_date(enddate,-52,W,0)\n[截止交易日期] 最新收盘日\n[计算周期] 日\n[收益率计算方法] 普通收益率\n[标的指数] 上证综合指数\n[单位] %', '跟踪误差(跟踪指数)\n[起始交易日期] S_cal_date(enddate,-52,W,0)\n[截止交易日期] 最新收盘日\n[计算周期] 日\n[收益率计算方法] 普通收益率\n[单位] %', '信息比率(年化)\n[起始交易日期] S_cal_date(enddate,-52,W,0)\n[截止交易日期] 最新收盘日\n[计算周期] 日\n[收益率计算方法] 普通收益率\n[无风险收益率] 一年定存利率（税前）\n[标的指数] 上证综合指数', '跟踪误差(年化)\n[起始交易日期] S_cal_date(enddate,-52,W,0)\n[截止交易日期] 最新收盘日\n[计算周期] 日\n[收益率计算方法] 普通收益率\n[标的指数] 上证综合指数\n[单位] %', '基金规模(合计)\n[交易日期] S_cal_date(now(),0,D,0)\n[单位] 亿元', '基金份额持有人户数\n[报告期] 20240630\n[单位] 户', '基金份额持有人户数(合计)\n[报告期] 20240630\n[单位] 户', '区间日均成交额\n[起始交易日期] S_cal_date(enddate,-1,M,0)\n[截止交易日期] 最新收盘日\n[单位] 亿元', '基金管理人简称', '基金场内简称', '跟踪指数名称', '月成交额\n[交易日期] 最新收盘日\n[单位] 百万元', '涨跌幅\n[交易日期] 最新收盘日\n[单位] %', '换手率\n[交易日期] 最新收盘日\n[单位] %', '成交额\n[交易日期] 最新收盘日\n[单位] 亿元', '成交笔数\n[交易日期] 最新收盘日\n[单位] 笔', '总市值\n[交易日期] 最新收盘日\n[单位] 亿元', '开盘价\n[交易日期] 最新收盘日\n[复权方式] 不复权\n[单位] 元', '最高价\n[交易日期] 最新收盘日\n[复权方式] 不复权\n[单位] 元', '最低价\n[交易日期] 最新收盘日\n[复权方式] 不复权\n[单位] 元', '收盘价\n[交易日期] 最新收盘日\n[复权方式] 不复权\n[单位] 元', '振幅\n[交易日期] 最新收盘日\n[单位] %', '升贴水\n[交易日期] 最新收盘日\n[单位] 元', '升贴水率\n[交易日期] 最新收盘日\n[单位] %']
2025-04-14 22:00:39,943 - INFO - 匹配到的列映射: {'证券代码': 'code', '涨跌幅\n[交易日期] 最新收盘日\n[单位] %': 'change_rate', '换手率\n[交易日期] 最新收盘日\n[单位] %': 'turnover_rate', '成交额\n[交易日期] 最新收盘日\n[单位] 亿元': 'amount', '成交笔数\n[交易日期] 最新收盘日\n[单位] 笔': 'transaction_count', '总市值\n[交易日期] 最新收盘日\n[单位] 亿元': 'total_market_value', '开盘价\n[交易日期] 最新收盘日\n[复权方式] 不复权\n[单位] 元': 'open_price', '最高价\n[交易日期] 最新收盘日\n[复权方式] 不复权\n[单位] 元': 'high_price', '最低价\n[交易日期] 最新收盘日\n[复权方式] 不复权\n[单位] 元': 'low_price', '收盘价\n[交易日期] 最新收盘日\n[复权方式] 不复权\n[单位] 元': 'close_price', '振幅\n[交易日期] 最新收盘日\n[单位] %': 'amplitude', '升贴水\n[交易日期] 最新收盘日\n[单位] 元': 'premium_discount', '升贴水率\n[交易日期] 最新收盘日\n[单位] %': 'premium_discount_rate'}
2025-04-14 22:00:39,950 - INFO - 最终列名: ['code', '证券简称', '业绩比较基准', '成立年限\n[单位] 年', '基金上市地点', '基金成立日', '基金管理人', '管理费率\n[单位] %', '托管费率\n[单位] %', '指数使用费率', '跟踪指数代码', '日均跟踪偏离度阈值(业绩基准)\n[单位] %', '年化跟踪误差阈值(业绩基准)\n[单位] %', '跟踪误差\n[起始交易日期] S_cal_date(enddate,-52,W,0)\n[截止交易日期] 最新收盘日\n[计算周期] 日\n[收益率计算方法] 普通收益率\n[标的指数] 上证综合指数\n[单位] %', '跟踪误差(跟踪指数)\n[起始交易日期] S_cal_date(enddate,-52,W,0)\n[截止交易日期] 最新收盘日\n[计算周期] 日\n[收益率计算方法] 普通收益率\n[单位] %', '信息比率(年化)\n[起始交易日期] S_cal_date(enddate,-52,W,0)\n[截止交易日期] 最新收盘日\n[计算周期] 日\n[收益率计算方法] 普通收益率\n[无风险收益率] 一年定存利率（税前）\n[标的指数] 上证综合指数', '跟踪误差(年化)\n[起始交易日期] S_cal_date(enddate,-52,W,0)\n[截止交易日期] 最新收盘日\n[计算周期] 日\n[收益率计算方法] 普通收益率\n[标的指数] 上证综合指数\n[单位] %', '基金规模(合计)\n[交易日期] S_cal_date(now(),0,D,0)\n[单位] 亿元', '基金份额持有人户数\n[报告期] 20240630\n[单位] 户', '基金份额持有人户数(合计)\n[报告期] 20240630\n[单位] 户', '区间日均成交额\n[起始交易日期] S_cal_date(enddate,-1,M,0)\n[截止交易日期] 最新收盘日\n[单位] 亿元', '基金管理人简称', '基金场内简称', '跟踪指数名称', '月成交额\n[交易日期] 最新收盘日\n[单位] 百万元', 'change_rate', 'turnover_rate', 'amount', 'transaction_count', 'total_market_value', 'open_price', 'high_price', 'low_price', 'close_price', 'amplitude', 'premium_discount', 'premium_discount_rate', 'date', 'update_time']
2025-04-14 22:00:39,984 - INFO - 数据示例:
     code         证券简称                     业绩比较基准  ...  premium_discount_rate        date          update_time
0  159005     汇添富快钱ETF                 活期存款利率(税后)  ...                -0.0010  2025-04-11  2025-04-14 22:00:39
1  159321      黄金股票ETF           中证沪深港黄金产业股票指数收益率  ...                -0.0874  2025-04-11  2025-04-14 22:00:39
2  159597  创业板成长ETF易方达                 创业板成长指数收益率  ...                 0.0942  2025-04-11  2025-04-14 22:00:39
3  159788    港股通100ETF  中证港股通中国100指数收益率(使用估值汇率折算)  ...                 0.9636  2025-04-11  2025-04-14 22:00:39
4  159797    医疗器械ETF基金              中证全指医疗器械指数收益率  ...                -0.2099  2025-04-11  2025-04-14 22:00:39

[5 rows x 39 columns]
2025-04-14 22:00:40,008 - ERROR - 导入ETF价格数据失败
2025-04-14 22:01:48,748 - INFO - 开始导入ETF价格数据...
2025-04-14 22:01:48,765 - INFO - 使用文件: data/ETF_DATA_20250411.xlsx
2025-04-14 22:01:48,766 - INFO - 从文件名中提取的日期: 2025-04-11
2025-04-14 22:01:49,469 - INFO - 原始列名: ['证券代码', '证券简称', '业绩比较基准', '成立年限\n[单位] 年', '基金上市地点', '基金成立日', '基金管理人', '管理费率\n[单位] %', '托管费率\n[单位] %', '指数使用费率', '跟踪指数代码', '日均跟踪偏离度阈值(业绩基准)\n[单位] %', '年化跟踪误差阈值(业绩基准)\n[单位] %', '跟踪误差\n[起始交易日期] S_cal_date(enddate,-52,W,0)\n[截止交易日期] 最新收盘日\n[计算周期] 日\n[收益率计算方法] 普通收益率\n[标的指数] 上证综合指数\n[单位] %', '跟踪误差(跟踪指数)\n[起始交易日期] S_cal_date(enddate,-52,W,0)\n[截止交易日期] 最新收盘日\n[计算周期] 日\n[收益率计算方法] 普通收益率\n[单位] %', '信息比率(年化)\n[起始交易日期] S_cal_date(enddate,-52,W,0)\n[截止交易日期] 最新收盘日\n[计算周期] 日\n[收益率计算方法] 普通收益率\n[无风险收益率] 一年定存利率（税前）\n[标的指数] 上证综合指数', '跟踪误差(年化)\n[起始交易日期] S_cal_date(enddate,-52,W,0)\n[截止交易日期] 最新收盘日\n[计算周期] 日\n[收益率计算方法] 普通收益率\n[标的指数] 上证综合指数\n[单位] %', '基金规模(合计)\n[交易日期] S_cal_date(now(),0,D,0)\n[单位] 亿元', '基金份额持有人户数\n[报告期] 20240630\n[单位] 户', '基金份额持有人户数(合计)\n[报告期] 20240630\n[单位] 户', '区间日均成交额\n[起始交易日期] S_cal_date(enddate,-1,M,0)\n[截止交易日期] 最新收盘日\n[单位] 亿元', '基金管理人简称', '基金场内简称', '跟踪指数名称', '月成交额\n[交易日期] 最新收盘日\n[单位] 百万元', '涨跌幅\n[交易日期] 最新收盘日\n[单位] %', '换手率\n[交易日期] 最新收盘日\n[单位] %', '成交额\n[交易日期] 最新收盘日\n[单位] 亿元', '成交笔数\n[交易日期] 最新收盘日\n[单位] 笔', '总市值\n[交易日期] 最新收盘日\n[单位] 亿元', '开盘价\n[交易日期] 最新收盘日\n[复权方式] 不复权\n[单位] 元', '最高价\n[交易日期] 最新收盘日\n[复权方式] 不复权\n[单位] 元', '最低价\n[交易日期] 最新收盘日\n[复权方式] 不复权\n[单位] 元', '收盘价\n[交易日期] 最新收盘日\n[复权方式] 不复权\n[单位] 元', '振幅\n[交易日期] 最新收盘日\n[单位] %', '升贴水\n[交易日期] 最新收盘日\n[单位] 元', '升贴水率\n[交易日期] 最新收盘日\n[单位] %']
2025-04-14 22:01:49,469 - INFO - 匹配到的列映射: {'证券代码': 'code', '涨跌幅\n[交易日期] 最新收盘日\n[单位] %': 'change_rate', '换手率\n[交易日期] 最新收盘日\n[单位] %': 'turnover_rate', '成交额\n[交易日期] 最新收盘日\n[单位] 亿元': 'amount', '成交笔数\n[交易日期] 最新收盘日\n[单位] 笔': 'transaction_count', '总市值\n[交易日期] 最新收盘日\n[单位] 亿元': 'total_market_value', '开盘价\n[交易日期] 最新收盘日\n[复权方式] 不复权\n[单位] 元': 'open_price', '最高价\n[交易日期] 最新收盘日\n[复权方式] 不复权\n[单位] 元': 'high_price', '最低价\n[交易日期] 最新收盘日\n[复权方式] 不复权\n[单位] 元': 'low_price', '收盘价\n[交易日期] 最新收盘日\n[复权方式] 不复权\n[单位] 元': 'close_price', '振幅\n[交易日期] 最新收盘日\n[单位] %': 'amplitude', '升贴水\n[交易日期] 最新收盘日\n[单位] 元': 'premium_discount', '升贴水率\n[交易日期] 最新收盘日\n[单位] %': 'premium_discount_rate'}
2025-04-14 22:01:49,475 - INFO - 最终列名: ['code', '证券简称', '业绩比较基准', '成立年限\n[单位] 年', '基金上市地点', '基金成立日', '基金管理人', '管理费率\n[单位] %', '托管费率\n[单位] %', '指数使用费率', '跟踪指数代码', '日均跟踪偏离度阈值(业绩基准)\n[单位] %', '年化跟踪误差阈值(业绩基准)\n[单位] %', '跟踪误差\n[起始交易日期] S_cal_date(enddate,-52,W,0)\n[截止交易日期] 最新收盘日\n[计算周期] 日\n[收益率计算方法] 普通收益率\n[标的指数] 上证综合指数\n[单位] %', '跟踪误差(跟踪指数)\n[起始交易日期] S_cal_date(enddate,-52,W,0)\n[截止交易日期] 最新收盘日\n[计算周期] 日\n[收益率计算方法] 普通收益率\n[单位] %', '信息比率(年化)\n[起始交易日期] S_cal_date(enddate,-52,W,0)\n[截止交易日期] 最新收盘日\n[计算周期] 日\n[收益率计算方法] 普通收益率\n[无风险收益率] 一年定存利率（税前）\n[标的指数] 上证综合指数', '跟踪误差(年化)\n[起始交易日期] S_cal_date(enddate,-52,W,0)\n[截止交易日期] 最新收盘日\n[计算周期] 日\n[收益率计算方法] 普通收益率\n[标的指数] 上证综合指数\n[单位] %', '基金规模(合计)\n[交易日期] S_cal_date(now(),0,D,0)\n[单位] 亿元', '基金份额持有人户数\n[报告期] 20240630\n[单位] 户', '基金份额持有人户数(合计)\n[报告期] 20240630\n[单位] 户', '区间日均成交额\n[起始交易日期] S_cal_date(enddate,-1,M,0)\n[截止交易日期] 最新收盘日\n[单位] 亿元', '基金管理人简称', '基金场内简称', '跟踪指数名称', '月成交额\n[交易日期] 最新收盘日\n[单位] 百万元', 'change_rate', 'turnover_rate', 'amount', 'transaction_count', 'total_market_value', 'open_price', 'high_price', 'low_price', 'close_price', 'amplitude', 'premium_discount', 'premium_discount_rate', 'date', 'update_time']
2025-04-14 22:01:49,506 - INFO - 数据示例:
     code         证券简称                     业绩比较基准  ...  premium_discount_rate        date          update_time
0  159005     汇添富快钱ETF                 活期存款利率(税后)  ...                -0.0010  2025-04-11  2025-04-14 22:01:49
1  159321      黄金股票ETF           中证沪深港黄金产业股票指数收益率  ...                -0.0874  2025-04-11  2025-04-14 22:01:49
2  159597  创业板成长ETF易方达                 创业板成长指数收益率  ...                 0.0942  2025-04-11  2025-04-14 22:01:49
3  159788    港股通100ETF  中证港股通中国100指数收益率(使用估值汇率折算)  ...                 0.9636  2025-04-11  2025-04-14 22:01:49
4  159797    医疗器械ETF基金              中证全指医疗器械指数收益率  ...                -0.2099  2025-04-11  2025-04-14 22:01:49

[5 rows x 39 columns]
2025-04-14 22:01:49,550 - ERROR - 导入ETF价格数据失败
2025-04-14 22:02:33,602 - INFO - 开始导入ETF价格数据...
2025-04-14 22:02:33,604 - INFO - 使用文件: data/ETF_DATA_20250411.xlsx
2025-04-14 22:02:33,605 - INFO - 从文件名中提取的日期: 2025-04-11
2025-04-14 22:02:34,225 - INFO - 原始列名: ['证券代码', '证券简称', '业绩比较基准', '成立年限\n[单位] 年', '基金上市地点', '基金成立日', '基金管理人', '管理费率\n[单位] %', '托管费率\n[单位] %', '指数使用费率', '跟踪指数代码', '日均跟踪偏离度阈值(业绩基准)\n[单位] %', '年化跟踪误差阈值(业绩基准)\n[单位] %', '跟踪误差\n[起始交易日期] S_cal_date(enddate,-52,W,0)\n[截止交易日期] 最新收盘日\n[计算周期] 日\n[收益率计算方法] 普通收益率\n[标的指数] 上证综合指数\n[单位] %', '跟踪误差(跟踪指数)\n[起始交易日期] S_cal_date(enddate,-52,W,0)\n[截止交易日期] 最新收盘日\n[计算周期] 日\n[收益率计算方法] 普通收益率\n[单位] %', '信息比率(年化)\n[起始交易日期] S_cal_date(enddate,-52,W,0)\n[截止交易日期] 最新收盘日\n[计算周期] 日\n[收益率计算方法] 普通收益率\n[无风险收益率] 一年定存利率（税前）\n[标的指数] 上证综合指数', '跟踪误差(年化)\n[起始交易日期] S_cal_date(enddate,-52,W,0)\n[截止交易日期] 最新收盘日\n[计算周期] 日\n[收益率计算方法] 普通收益率\n[标的指数] 上证综合指数\n[单位] %', '基金规模(合计)\n[交易日期] S_cal_date(now(),0,D,0)\n[单位] 亿元', '基金份额持有人户数\n[报告期] 20240630\n[单位] 户', '基金份额持有人户数(合计)\n[报告期] 20240630\n[单位] 户', '区间日均成交额\n[起始交易日期] S_cal_date(enddate,-1,M,0)\n[截止交易日期] 最新收盘日\n[单位] 亿元', '基金管理人简称', '基金场内简称', '跟踪指数名称', '月成交额\n[交易日期] 最新收盘日\n[单位] 百万元', '涨跌幅\n[交易日期] 最新收盘日\n[单位] %', '换手率\n[交易日期] 最新收盘日\n[单位] %', '成交额\n[交易日期] 最新收盘日\n[单位] 亿元', '成交笔数\n[交易日期] 最新收盘日\n[单位] 笔', '总市值\n[交易日期] 最新收盘日\n[单位] 亿元', '开盘价\n[交易日期] 最新收盘日\n[复权方式] 不复权\n[单位] 元', '最高价\n[交易日期] 最新收盘日\n[复权方式] 不复权\n[单位] 元', '最低价\n[交易日期] 最新收盘日\n[复权方式] 不复权\n[单位] 元', '收盘价\n[交易日期] 最新收盘日\n[复权方式] 不复权\n[单位] 元', '振幅\n[交易日期] 最新收盘日\n[单位] %', '升贴水\n[交易日期] 最新收盘日\n[单位] 元', '升贴水率\n[交易日期] 最新收盘日\n[单位] %']
2025-04-14 22:02:34,226 - INFO - 匹配到的列映射: {'证券代码': 'code', '涨跌幅\n[交易日期] 最新收盘日\n[单位] %': 'change_rate', '换手率\n[交易日期] 最新收盘日\n[单位] %': 'turnover_rate', '成交额\n[交易日期] 最新收盘日\n[单位] 亿元': 'amount', '成交笔数\n[交易日期] 最新收盘日\n[单位] 笔': 'transaction_count', '总市值\n[交易日期] 最新收盘日\n[单位] 亿元': 'total_market_value', '开盘价\n[交易日期] 最新收盘日\n[复权方式] 不复权\n[单位] 元': 'open_price', '最高价\n[交易日期] 最新收盘日\n[复权方式] 不复权\n[单位] 元': 'high_price', '最低价\n[交易日期] 最新收盘日\n[复权方式] 不复权\n[单位] 元': 'low_price', '收盘价\n[交易日期] 最新收盘日\n[复权方式] 不复权\n[单位] 元': 'close_price', '振幅\n[交易日期] 最新收盘日\n[单位] %': 'amplitude', '升贴水\n[交易日期] 最新收盘日\n[单位] 元': 'premium_discount', '升贴水率\n[交易日期] 最新收盘日\n[单位] %': 'premium_discount_rate'}
2025-04-14 22:02:34,228 - INFO - 最终列名: ['code', '证券简称', '业绩比较基准', '成立年限\n[单位] 年', '基金上市地点', '基金成立日', '基金管理人', '管理费率\n[单位] %', '托管费率\n[单位] %', '指数使用费率', '跟踪指数代码', '日均跟踪偏离度阈值(业绩基准)\n[单位] %', '年化跟踪误差阈值(业绩基准)\n[单位] %', '跟踪误差\n[起始交易日期] S_cal_date(enddate,-52,W,0)\n[截止交易日期] 最新收盘日\n[计算周期] 日\n[收益率计算方法] 普通收益率\n[标的指数] 上证综合指数\n[单位] %', '跟踪误差(跟踪指数)\n[起始交易日期] S_cal_date(enddate,-52,W,0)\n[截止交易日期] 最新收盘日\n[计算周期] 日\n[收益率计算方法] 普通收益率\n[单位] %', '信息比率(年化)\n[起始交易日期] S_cal_date(enddate,-52,W,0)\n[截止交易日期] 最新收盘日\n[计算周期] 日\n[收益率计算方法] 普通收益率\n[无风险收益率] 一年定存利率（税前）\n[标的指数] 上证综合指数', '跟踪误差(年化)\n[起始交易日期] S_cal_date(enddate,-52,W,0)\n[截止交易日期] 最新收盘日\n[计算周期] 日\n[收益率计算方法] 普通收益率\n[标的指数] 上证综合指数\n[单位] %', '基金规模(合计)\n[交易日期] S_cal_date(now(),0,D,0)\n[单位] 亿元', '基金份额持有人户数\n[报告期] 20240630\n[单位] 户', '基金份额持有人户数(合计)\n[报告期] 20240630\n[单位] 户', '区间日均成交额\n[起始交易日期] S_cal_date(enddate,-1,M,0)\n[截止交易日期] 最新收盘日\n[单位] 亿元', '基金管理人简称', '基金场内简称', '跟踪指数名称', '月成交额\n[交易日期] 最新收盘日\n[单位] 百万元', 'change_rate', 'turnover_rate', 'amount', 'transaction_count', 'total_market_value', 'open_price', 'high_price', 'low_price', 'close_price', 'amplitude', 'premium_discount', 'premium_discount_rate', 'date', 'update_time']
2025-04-14 22:02:34,252 - INFO - 数据示例:
     code         证券简称                     业绩比较基准  ...  premium_discount_rate        date          update_time
0  159005     汇添富快钱ETF                 活期存款利率(税后)  ...                -0.0010  2025-04-11  2025-04-14 22:02:34
1  159321      黄金股票ETF           中证沪深港黄金产业股票指数收益率  ...                -0.0874  2025-04-11  2025-04-14 22:02:34
2  159597  创业板成长ETF易方达                 创业板成长指数收益率  ...                 0.0942  2025-04-11  2025-04-14 22:02:34
3  159788    港股通100ETF  中证港股通中国100指数收益率(使用估值汇率折算)  ...                 0.9636  2025-04-11  2025-04-14 22:02:34
4  159797    医疗器械ETF基金              中证全指医疗器械指数收益率  ...                -0.2099  2025-04-11  2025-04-14 22:02:34

[5 rows x 39 columns]
2025-04-14 22:02:34,286 - INFO - 成功导入ETF价格数据，共1132条记录
2025-04-14 22:02:45,101 - INFO - === 开始导入所有ETF数据 ===
2025-04-14 22:02:45,101 - INFO - 列名映射已保存到: data/etf_column_names.json
2025-04-14 22:02:45,102 - INFO - 开始导入ETF基本信息...
2025-04-14 22:02:45,104 - INFO - 使用文件: data/ETF_DATA_20250411.xlsx
2025-04-14 22:02:45,105 - INFO - 从文件名中提取的日期: 2025-04-11
2025-04-14 22:02:46,014 - INFO - 成功导入ETF基本信息，共1132条记录
2025-04-14 22:02:46,015 - INFO - 开始导入ETF价格数据...
2025-04-14 22:02:46,016 - INFO - 使用文件: data/ETF_DATA_20250411.xlsx
2025-04-14 22:02:46,016 - INFO - 从文件名中提取的日期: 2025-04-11
2025-04-14 22:02:46,576 - INFO - 原始列名: ['证券代码', '证券简称', '业绩比较基准', '成立年限\n[单位] 年', '基金上市地点', '基金成立日', '基金管理人', '管理费率\n[单位] %', '托管费率\n[单位] %', '指数使用费率', '跟踪指数代码', '日均跟踪偏离度阈值(业绩基准)\n[单位] %', '年化跟踪误差阈值(业绩基准)\n[单位] %', '跟踪误差\n[起始交易日期] S_cal_date(enddate,-52,W,0)\n[截止交易日期] 最新收盘日\n[计算周期] 日\n[收益率计算方法] 普通收益率\n[标的指数] 上证综合指数\n[单位] %', '跟踪误差(跟踪指数)\n[起始交易日期] S_cal_date(enddate,-52,W,0)\n[截止交易日期] 最新收盘日\n[计算周期] 日\n[收益率计算方法] 普通收益率\n[单位] %', '信息比率(年化)\n[起始交易日期] S_cal_date(enddate,-52,W,0)\n[截止交易日期] 最新收盘日\n[计算周期] 日\n[收益率计算方法] 普通收益率\n[无风险收益率] 一年定存利率（税前）\n[标的指数] 上证综合指数', '跟踪误差(年化)\n[起始交易日期] S_cal_date(enddate,-52,W,0)\n[截止交易日期] 最新收盘日\n[计算周期] 日\n[收益率计算方法] 普通收益率\n[标的指数] 上证综合指数\n[单位] %', '基金规模(合计)\n[交易日期] S_cal_date(now(),0,D,0)\n[单位] 亿元', '基金份额持有人户数\n[报告期] 20240630\n[单位] 户', '基金份额持有人户数(合计)\n[报告期] 20240630\n[单位] 户', '区间日均成交额\n[起始交易日期] S_cal_date(enddate,-1,M,0)\n[截止交易日期] 最新收盘日\n[单位] 亿元', '基金管理人简称', '基金场内简称', '跟踪指数名称', '月成交额\n[交易日期] 最新收盘日\n[单位] 百万元', '涨跌幅\n[交易日期] 最新收盘日\n[单位] %', '换手率\n[交易日期] 最新收盘日\n[单位] %', '成交额\n[交易日期] 最新收盘日\n[单位] 亿元', '成交笔数\n[交易日期] 最新收盘日\n[单位] 笔', '总市值\n[交易日期] 最新收盘日\n[单位] 亿元', '开盘价\n[交易日期] 最新收盘日\n[复权方式] 不复权\n[单位] 元', '最高价\n[交易日期] 最新收盘日\n[复权方式] 不复权\n[单位] 元', '最低价\n[交易日期] 最新收盘日\n[复权方式] 不复权\n[单位] 元', '收盘价\n[交易日期] 最新收盘日\n[复权方式] 不复权\n[单位] 元', '振幅\n[交易日期] 最新收盘日\n[单位] %', '升贴水\n[交易日期] 最新收盘日\n[单位] 元', '升贴水率\n[交易日期] 最新收盘日\n[单位] %']
2025-04-14 22:02:46,577 - INFO - 匹配到的列映射: {'证券代码': 'code', '涨跌幅\n[交易日期] 最新收盘日\n[单位] %': 'change_rate', '换手率\n[交易日期] 最新收盘日\n[单位] %': 'turnover_rate', '成交额\n[交易日期] 最新收盘日\n[单位] 亿元': 'amount', '成交笔数\n[交易日期] 最新收盘日\n[单位] 笔': 'transaction_count', '总市值\n[交易日期] 最新收盘日\n[单位] 亿元': 'total_market_value', '开盘价\n[交易日期] 最新收盘日\n[复权方式] 不复权\n[单位] 元': 'open_price', '最高价\n[交易日期] 最新收盘日\n[复权方式] 不复权\n[单位] 元': 'high_price', '最低价\n[交易日期] 最新收盘日\n[复权方式] 不复权\n[单位] 元': 'low_price', '收盘价\n[交易日期] 最新收盘日\n[复权方式] 不复权\n[单位] 元': 'close_price', '振幅\n[交易日期] 最新收盘日\n[单位] %': 'amplitude', '升贴水\n[交易日期] 最新收盘日\n[单位] 元': 'premium_discount', '升贴水率\n[交易日期] 最新收盘日\n[单位] %': 'premium_discount_rate'}
2025-04-14 22:02:46,579 - INFO - 最终列名: ['code', '证券简称', '业绩比较基准', '成立年限\n[单位] 年', '基金上市地点', '基金成立日', '基金管理人', '管理费率\n[单位] %', '托管费率\n[单位] %', '指数使用费率', '跟踪指数代码', '日均跟踪偏离度阈值(业绩基准)\n[单位] %', '年化跟踪误差阈值(业绩基准)\n[单位] %', '跟踪误差\n[起始交易日期] S_cal_date(enddate,-52,W,0)\n[截止交易日期] 最新收盘日\n[计算周期] 日\n[收益率计算方法] 普通收益率\n[标的指数] 上证综合指数\n[单位] %', '跟踪误差(跟踪指数)\n[起始交易日期] S_cal_date(enddate,-52,W,0)\n[截止交易日期] 最新收盘日\n[计算周期] 日\n[收益率计算方法] 普通收益率\n[单位] %', '信息比率(年化)\n[起始交易日期] S_cal_date(enddate,-52,W,0)\n[截止交易日期] 最新收盘日\n[计算周期] 日\n[收益率计算方法] 普通收益率\n[无风险收益率] 一年定存利率（税前）\n[标的指数] 上证综合指数', '跟踪误差(年化)\n[起始交易日期] S_cal_date(enddate,-52,W,0)\n[截止交易日期] 最新收盘日\n[计算周期] 日\n[收益率计算方法] 普通收益率\n[标的指数] 上证综合指数\n[单位] %', '基金规模(合计)\n[交易日期] S_cal_date(now(),0,D,0)\n[单位] 亿元', '基金份额持有人户数\n[报告期] 20240630\n[单位] 户', '基金份额持有人户数(合计)\n[报告期] 20240630\n[单位] 户', '区间日均成交额\n[起始交易日期] S_cal_date(enddate,-1,M,0)\n[截止交易日期] 最新收盘日\n[单位] 亿元', '基金管理人简称', '基金场内简称', '跟踪指数名称', '月成交额\n[交易日期] 最新收盘日\n[单位] 百万元', 'change_rate', 'turnover_rate', 'amount', 'transaction_count', 'total_market_value', 'open_price', 'high_price', 'low_price', 'close_price', 'amplitude', 'premium_discount', 'premium_discount_rate', 'date', 'update_time']
2025-04-14 22:02:46,604 - INFO - 数据示例:
     code         证券简称                     业绩比较基准  ...  premium_discount_rate        date          update_time
0  159005     汇添富快钱ETF                 活期存款利率(税后)  ...                -0.0010  2025-04-11  2025-04-14 22:02:46
1  159321      黄金股票ETF           中证沪深港黄金产业股票指数收益率  ...                -0.0874  2025-04-11  2025-04-14 22:02:46
2  159597  创业板成长ETF易方达                 创业板成长指数收益率  ...                 0.0942  2025-04-11  2025-04-14 22:02:46
3  159788    港股通100ETF  中证港股通中国100指数收益率(使用估值汇率折算)  ...                 0.9636  2025-04-11  2025-04-14 22:02:46
4  159797    医疗器械ETF基金              中证全指医疗器械指数收益率  ...                -0.2099  2025-04-11  2025-04-14 22:02:46

[5 rows x 39 columns]
2025-04-14 22:02:46,661 - INFO - 成功导入ETF价格数据，共1132条记录
2025-04-14 22:02:46,661 - INFO - 开始导入ETF持有人数据...
2025-04-14 22:02:46,662 - INFO - 使用文件: data/客户ETF保有量20250411.xlsx
2025-04-14 22:02:46,662 - INFO - 从文件名中提取的日期: 2025-04-11
2025-04-14 22:02:46,740 - INFO - 文件中的工作表: ['客户ETF保有量', '仪表板']
2025-04-14 22:02:46,750 - INFO - 原始列名: ['数据截止日期']
2025-04-14 22:02:46,750 - INFO - 数据形状: (0, 1)
2025-04-14 22:02:46,750 - INFO - 数据前5行:
Empty DataFrame
Columns: [数据截止日期]
Index: []
2025-04-14 22:02:46,750 - WARNING - 标准读取方式返回空数据或只有单列，尝试读取所有单元格...
2025-04-14 22:02:46,858 - INFO - 尝试读取工作表: 客户ETF保有量
2025-04-14 22:02:46,863 - INFO - 找到的标题行: ('数据截止日期', '标的代码', '标的名称', '持仓份额', '持仓客户数', '持仓市值')
2025-04-14 22:02:46,865 - INFO - 成功读取数据，形状: (1102, 6)
2025-04-14 22:02:46,867 - INFO - 处理后列名: ['数据截止日期', 'code', '标的名称', 'holding_amount', 'holder_count', 'holding_value', 'date']
2025-04-14 22:02:46,873 - INFO - 处理后数据前5行:
     数据截止日期    code        标的名称  holding_amount  holder_count  holding_value        date
0  20250411  159001       货币ETF         54205.0            11     5420500.00  2025-04-11
1      None  159003     招商快线ETF           853.0             4       85300.00  2025-04-11
2      None  159005    汇添富快钱ETF          2100.0            13      209997.90  2025-04-11
3      None  159150  深证50ETF易方达       1769366.0            37     1946302.60  2025-04-11
4      None  159201    自由现金流ETF      28220532.0           576    26499079.57  2025-04-11
2025-04-14 22:02:46,925 - INFO - 成功导入ETF持有人数据，共1102条记录
2025-04-14 22:02:46,926 - INFO - 开始导入ETF自选数据...
2025-04-14 22:02:46,926 - INFO - 使用文件: data/客户ETF自选人数20250411.xlsx
2025-04-14 22:02:46,926 - INFO - 从文件名中提取的日期: 2025-04-11
2025-04-14 22:02:46,955 - INFO - 文件中的工作表: ['客户ETF自选人数', '仪表板']
2025-04-14 22:02:46,965 - INFO - 原始列名: ['数据截止日期']
2025-04-14 22:02:46,965 - INFO - 数据形状: (0, 1)
2025-04-14 22:02:46,965 - INFO - 数据前5行:
Empty DataFrame
Columns: [数据截止日期]
Index: []
2025-04-14 22:02:46,965 - WARNING - 标准读取方式返回空数据或只有单列，尝试读取所有单元格...
2025-04-14 22:02:47,041 - INFO - 尝试读取工作表: 客户ETF自选人数
2025-04-14 22:02:47,045 - INFO - 找到的标题行: ('数据截止日期', '标的代码', '加自选人数')
2025-04-14 22:02:47,045 - INFO - 成功读取数据，形状: (1116, 3)
2025-04-14 22:02:47,046 - INFO - 标准化后列名: ['数据截止日期', '标的代码', '加自选人数']
2025-04-14 22:02:47,046 - INFO - 找到的代码列: ['标的代码']
2025-04-14 22:02:47,046 - INFO - 找到的自选列: ['加自选人数']
2025-04-14 22:02:47,047 - INFO - 处理后列名: ['数据截止日期', 'code', 'attention_count', 'date']
2025-04-14 22:02:47,051 - INFO - 处理后数据前5行:
     数据截止日期    code  attention_count        date
0  20250411  159001               99  2025-04-11
1      None  159003               98  2025-04-11
2      None  159005               43  2025-04-11
3      None  159150              248  2025-04-11
4      None  159201              880  2025-04-11
2025-04-14 22:02:47,088 - INFO - 成功导入ETF自选数据，共1116条记录
2025-04-14 22:02:47,089 - INFO - 开始导入ETF指数分类数据...
2025-04-14 22:02:47,089 - INFO - 使用文件: data/ETF-Index-Classification_20250325.xlsx
2025-04-14 22:02:47,142 - INFO - 成功导入ETF指数分类数据，共429条记录
2025-04-14 22:02:47,142 - INFO - 开始导入ETF商务协议数据...
2025-04-14 22:02:47,143 - INFO - 使用文件: data/ETF单产品商务协议20250328.xlsx
2025-04-14 22:02:47,243 - INFO - 成功导入ETF商务协议数据，共339条记录
2025-04-14 22:02:47,243 - INFO - === ETF数据导入完成 ===
2025-04-14 22:02:47,243 - INFO - ETF基本信息: 成功
2025-04-14 22:02:47,243 - INFO - ETF价格数据: 成功
2025-04-14 22:02:47,243 - INFO - ETF持有人数据: 成功
2025-04-14 22:02:47,243 - INFO - ETF自选数据: 成功
2025-04-14 22:02:47,243 - INFO - ETF指数分类数据: 成功
2025-04-14 22:02:47,243 - INFO - ETF商务协议数据: 成功
2025-04-14 22:02:47,244 - INFO - === 数据库记录统计 ===
2025-04-14 22:02:47,244 - INFO - ETF基本信息表: 1132条记录
2025-04-14 22:02:47,244 - INFO - ETF价格数据表: 1132条记录
2025-04-14 22:02:47,244 - INFO - ETF持有人数据表: 1102条记录
2025-04-14 22:02:47,244 - INFO - ETF自选数据表: 1116条记录
2025-04-14 22:02:47,244 - INFO - ETF商务协议数据表: 339条记录
2025-04-14 22:04:24,568 - INFO - === 开始导入所有ETF数据 ===
2025-04-14 22:04:24,572 - INFO - 列名映射已保存到: data/etf_column_names.json
2025-04-14 22:04:24,572 - INFO - 开始导入ETF基本信息...
2025-04-14 22:04:24,575 - INFO - 使用文件: data/ETF_DATA_20250411.xlsx
2025-04-14 22:04:24,576 - INFO - 从文件名中提取的日期: 2025-04-11
2025-04-14 22:04:25,327 - INFO - 成功导入ETF基本信息，共1132条记录
2025-04-14 22:04:25,327 - INFO - 开始导入ETF价格数据...
2025-04-14 22:04:25,327 - INFO - 使用文件: data/ETF_DATA_20250411.xlsx
2025-04-14 22:04:25,327 - INFO - 从文件名中提取的日期: 2025-04-11
2025-04-14 22:04:25,819 - INFO - 原始列名: ['证券代码', '证券简称', '业绩比较基准', '成立年限\n[单位] 年', '基金上市地点', '基金成立日', '基金管理人', '管理费率\n[单位] %', '托管费率\n[单位] %', '指数使用费率', '跟踪指数代码', '日均跟踪偏离度阈值(业绩基准)\n[单位] %', '年化跟踪误差阈值(业绩基准)\n[单位] %', '跟踪误差\n[起始交易日期] S_cal_date(enddate,-52,W,0)\n[截止交易日期] 最新收盘日\n[计算周期] 日\n[收益率计算方法] 普通收益率\n[标的指数] 上证综合指数\n[单位] %', '跟踪误差(跟踪指数)\n[起始交易日期] S_cal_date(enddate,-52,W,0)\n[截止交易日期] 最新收盘日\n[计算周期] 日\n[收益率计算方法] 普通收益率\n[单位] %', '信息比率(年化)\n[起始交易日期] S_cal_date(enddate,-52,W,0)\n[截止交易日期] 最新收盘日\n[计算周期] 日\n[收益率计算方法] 普通收益率\n[无风险收益率] 一年定存利率（税前）\n[标的指数] 上证综合指数', '跟踪误差(年化)\n[起始交易日期] S_cal_date(enddate,-52,W,0)\n[截止交易日期] 最新收盘日\n[计算周期] 日\n[收益率计算方法] 普通收益率\n[标的指数] 上证综合指数\n[单位] %', '基金规模(合计)\n[交易日期] S_cal_date(now(),0,D,0)\n[单位] 亿元', '基金份额持有人户数\n[报告期] 20240630\n[单位] 户', '基金份额持有人户数(合计)\n[报告期] 20240630\n[单位] 户', '区间日均成交额\n[起始交易日期] S_cal_date(enddate,-1,M,0)\n[截止交易日期] 最新收盘日\n[单位] 亿元', '基金管理人简称', '基金场内简称', '跟踪指数名称', '月成交额\n[交易日期] 最新收盘日\n[单位] 百万元', '涨跌幅\n[交易日期] 最新收盘日\n[单位] %', '换手率\n[交易日期] 最新收盘日\n[单位] %', '成交额\n[交易日期] 最新收盘日\n[单位] 亿元', '成交笔数\n[交易日期] 最新收盘日\n[单位] 笔', '总市值\n[交易日期] 最新收盘日\n[单位] 亿元', '开盘价\n[交易日期] 最新收盘日\n[复权方式] 不复权\n[单位] 元', '最高价\n[交易日期] 最新收盘日\n[复权方式] 不复权\n[单位] 元', '最低价\n[交易日期] 最新收盘日\n[复权方式] 不复权\n[单位] 元', '收盘价\n[交易日期] 最新收盘日\n[复权方式] 不复权\n[单位] 元', '振幅\n[交易日期] 最新收盘日\n[单位] %', '升贴水\n[交易日期] 最新收盘日\n[单位] 元', '升贴水率\n[交易日期] 最新收盘日\n[单位] %']
2025-04-14 22:04:25,820 - INFO - 匹配到的列映射: {'证券代码': 'code', '涨跌幅\n[交易日期] 最新收盘日\n[单位] %': 'change_rate', '换手率\n[交易日期] 最新收盘日\n[单位] %': 'turnover_rate', '成交额\n[交易日期] 最新收盘日\n[单位] 亿元': 'amount', '成交笔数\n[交易日期] 最新收盘日\n[单位] 笔': 'transaction_count', '总市值\n[交易日期] 最新收盘日\n[单位] 亿元': 'total_market_value', '开盘价\n[交易日期] 最新收盘日\n[复权方式] 不复权\n[单位] 元': 'open_price', '最高价\n[交易日期] 最新收盘日\n[复权方式] 不复权\n[单位] 元': 'high_price', '最低价\n[交易日期] 最新收盘日\n[复权方式] 不复权\n[单位] 元': 'low_price', '收盘价\n[交易日期] 最新收盘日\n[复权方式] 不复权\n[单位] 元': 'close_price', '振幅\n[交易日期] 最新收盘日\n[单位] %': 'amplitude', '升贴水\n[交易日期] 最新收盘日\n[单位] 元': 'premium_discount', '升贴水率\n[交易日期] 最新收盘日\n[单位] %': 'premium_discount_rate'}
2025-04-14 22:04:25,821 - INFO - 最终列名: ['code', '证券简称', '业绩比较基准', '成立年限\n[单位] 年', '基金上市地点', '基金成立日', '基金管理人', '管理费率\n[单位] %', '托管费率\n[单位] %', '指数使用费率', '跟踪指数代码', '日均跟踪偏离度阈值(业绩基准)\n[单位] %', '年化跟踪误差阈值(业绩基准)\n[单位] %', '跟踪误差\n[起始交易日期] S_cal_date(enddate,-52,W,0)\n[截止交易日期] 最新收盘日\n[计算周期] 日\n[收益率计算方法] 普通收益率\n[标的指数] 上证综合指数\n[单位] %', '跟踪误差(跟踪指数)\n[起始交易日期] S_cal_date(enddate,-52,W,0)\n[截止交易日期] 最新收盘日\n[计算周期] 日\n[收益率计算方法] 普通收益率\n[单位] %', '信息比率(年化)\n[起始交易日期] S_cal_date(enddate,-52,W,0)\n[截止交易日期] 最新收盘日\n[计算周期] 日\n[收益率计算方法] 普通收益率\n[无风险收益率] 一年定存利率（税前）\n[标的指数] 上证综合指数', '跟踪误差(年化)\n[起始交易日期] S_cal_date(enddate,-52,W,0)\n[截止交易日期] 最新收盘日\n[计算周期] 日\n[收益率计算方法] 普通收益率\n[标的指数] 上证综合指数\n[单位] %', '基金规模(合计)\n[交易日期] S_cal_date(now(),0,D,0)\n[单位] 亿元', '基金份额持有人户数\n[报告期] 20240630\n[单位] 户', '基金份额持有人户数(合计)\n[报告期] 20240630\n[单位] 户', '区间日均成交额\n[起始交易日期] S_cal_date(enddate,-1,M,0)\n[截止交易日期] 最新收盘日\n[单位] 亿元', '基金管理人简称', '基金场内简称', '跟踪指数名称', '月成交额\n[交易日期] 最新收盘日\n[单位] 百万元', 'change_rate', 'turnover_rate', 'amount', 'transaction_count', 'total_market_value', 'open_price', 'high_price', 'low_price', 'close_price', 'amplitude', 'premium_discount', 'premium_discount_rate', 'date', 'update_time']
2025-04-14 22:04:25,846 - INFO - 数据示例:
     code         证券简称                     业绩比较基准  成立年限\n[单位] 年  ... premium_discount premium_discount_rate        date          update_time
0  159005     汇添富快钱ETF                 活期存款利率(税后)       10.3151  ...          -0.0010               -0.0010  2025-04-11  2025-04-14 22:04:25
1  159321      黄金股票ETF           中证沪深港黄金产业股票指数收益率        0.9315  ...          -0.0009               -0.0874  2025-04-11  2025-04-14 22:04:25
2  159597  创业板成长ETF易方达                 创业板成长指数收益率        0.9342  ...           0.0010                0.0942  2025-04-11  2025-04-14 22:04:25
3  159788    港股通100ETF  中证港股通中国100指数收益率(使用估值汇率折算)        3.1425  ...           0.0111                0.9636  2025-04-11  2025-04-14 22:04:25
4  159797    医疗器械ETF基金              中证全指医疗器械指数收益率        2.9644  ...          -0.0015               -0.2099  2025-04-11  2025-04-14 22:04:25

[5 rows x 39 columns]
2025-04-14 22:04:25,882 - INFO - 成功导入ETF价格数据，共1132条记录
2025-04-14 22:04:25,882 - INFO - 开始导入ETF持有人数据...
2025-04-14 22:04:25,883 - INFO - 使用文件: data/客户ETF保有量20250411.xlsx
2025-04-14 22:04:25,883 - INFO - 从文件名中提取的日期: 2025-04-11
2025-04-14 22:04:25,942 - INFO - 文件中的工作表: ['客户ETF保有量', '仪表板']
2025-04-14 22:04:25,951 - INFO - 原始列名: ['数据截止日期']
2025-04-14 22:04:25,951 - INFO - 数据形状: (0, 1)
2025-04-14 22:04:25,952 - INFO - 数据前5行:
Empty DataFrame
Columns: [数据截止日期]
Index: []
2025-04-14 22:04:25,952 - WARNING - 标准读取方式返回空数据或只有单列，尝试读取所有单元格...
2025-04-14 22:04:26,056 - INFO - 尝试读取工作表: 客户ETF保有量
2025-04-14 22:04:26,061 - INFO - 找到的标题行: ('数据截止日期', '标的代码', '标的名称', '持仓份额', '持仓客户数', '持仓市值')
2025-04-14 22:04:26,063 - INFO - 成功读取数据，形状: (1102, 6)
2025-04-14 22:04:26,065 - INFO - 处理后列名: ['数据截止日期', 'code', '标的名称', 'holding_amount', 'holder_count', 'holding_value', 'date']
2025-04-14 22:04:26,070 - INFO - 处理后数据前5行:
     数据截止日期    code        标的名称  holding_amount  holder_count  holding_value        date
0  20250411  159001       货币ETF         54205.0            11     5420500.00  2025-04-11
1      None  159003     招商快线ETF           853.0             4       85300.00  2025-04-11
2      None  159005    汇添富快钱ETF          2100.0            13      209997.90  2025-04-11
3      None  159150  深证50ETF易方达       1769366.0            37     1946302.60  2025-04-11
4      None  159201    自由现金流ETF      28220532.0           576    26499079.57  2025-04-11
2025-04-14 22:04:26,119 - INFO - 成功导入ETF持有人数据，共1102条记录
2025-04-14 22:04:26,119 - INFO - 开始导入ETF自选数据...
2025-04-14 22:04:26,119 - INFO - 使用文件: data/客户ETF自选人数20250411.xlsx
2025-04-14 22:04:26,120 - INFO - 从文件名中提取的日期: 2025-04-11
2025-04-14 22:04:26,147 - INFO - 文件中的工作表: ['客户ETF自选人数', '仪表板']
2025-04-14 22:04:26,155 - INFO - 原始列名: ['数据截止日期']
2025-04-14 22:04:26,156 - INFO - 数据形状: (0, 1)
2025-04-14 22:04:26,156 - INFO - 数据前5行:
Empty DataFrame
Columns: [数据截止日期]
Index: []
2025-04-14 22:04:26,156 - WARNING - 标准读取方式返回空数据或只有单列，尝试读取所有单元格...
2025-04-14 22:04:26,235 - INFO - 尝试读取工作表: 客户ETF自选人数
2025-04-14 22:04:26,238 - INFO - 找到的标题行: ('数据截止日期', '标的代码', '加自选人数')
2025-04-14 22:04:26,239 - INFO - 成功读取数据，形状: (1116, 3)
2025-04-14 22:04:26,239 - INFO - 标准化后列名: ['数据截止日期', '标的代码', '加自选人数']
2025-04-14 22:04:26,239 - INFO - 找到的代码列: ['标的代码']
2025-04-14 22:04:26,239 - INFO - 找到的自选列: ['加自选人数']
2025-04-14 22:04:26,241 - INFO - 处理后列名: ['数据截止日期', 'code', 'attention_count', 'date']
2025-04-14 22:04:26,244 - INFO - 处理后数据前5行:
     数据截止日期    code  attention_count        date
0  20250411  159001               99  2025-04-11
1      None  159003               98  2025-04-11
2      None  159005               43  2025-04-11
3      None  159150              248  2025-04-11
4      None  159201              880  2025-04-11
2025-04-14 22:04:26,282 - INFO - 成功导入ETF自选数据，共1116条记录
2025-04-14 22:04:26,283 - INFO - 开始导入ETF指数分类数据...
2025-04-14 22:04:26,283 - INFO - 使用文件: data/ETF-Index-Classification_20250325.xlsx
2025-04-14 22:04:26,332 - INFO - 成功导入ETF指数分类数据，共429条记录
2025-04-14 22:04:26,332 - INFO - 开始导入ETF商务协议数据...
2025-04-14 22:04:26,333 - INFO - 使用文件: data/ETF单产品商务协议20250328.xlsx
2025-04-14 22:04:26,432 - INFO - 成功导入ETF商务协议数据，共339条记录
2025-04-14 22:04:26,432 - INFO - === ETF数据导入完成 ===
2025-04-14 22:04:26,433 - INFO - ETF基本信息: 成功
2025-04-14 22:04:26,433 - INFO - ETF价格数据: 成功
2025-04-14 22:04:26,433 - INFO - ETF持有人数据: 成功
2025-04-14 22:04:26,433 - INFO - ETF自选数据: 成功
2025-04-14 22:04:26,433 - INFO - ETF指数分类数据: 成功
2025-04-14 22:04:26,433 - INFO - ETF商务协议数据: 成功
2025-04-14 22:04:26,433 - INFO - === 数据库记录统计 ===
2025-04-14 22:04:26,433 - INFO - ETF基本信息表: 1132条记录
2025-04-14 22:04:26,433 - INFO - ETF价格数据表: 1132条记录
2025-04-14 22:04:26,434 - INFO - ETF持有人数据表: 1102条记录
2025-04-14 22:04:26,434 - INFO - ETF自选数据表: 1116条记录
2025-04-14 22:04:26,434 - INFO - ETF商务协议数据表: 339条记录
2025-04-14 22:10:56,715 - INFO - === 开始导入所有ETF数据 ===
2025-04-14 22:10:56,718 - INFO - 列名映射已保存到: data/etf_column_names.json
2025-04-14 22:10:56,718 - INFO - 开始导入ETF基本信息...
2025-04-14 22:10:56,720 - INFO - 使用文件: data/ETF_DATA_20250411.xlsx
2025-04-14 22:10:56,721 - INFO - 从文件名中提取的日期: 2025-04-11
2025-04-14 22:10:57,630 - INFO - 成功导入ETF基本信息，共1132条记录
2025-04-14 22:10:57,630 - INFO - 开始导入ETF价格数据...
2025-04-14 22:10:57,630 - INFO - 使用文件: data/ETF_DATA_20250411.xlsx
2025-04-14 22:10:57,630 - INFO - 从文件名中提取的日期: 2025-04-11
2025-04-14 22:10:58,120 - INFO - 原始列名: ['证券代码', '证券简称', '业绩比较基准', '成立年限\n[单位] 年', '基金上市地点', '基金成立日', '基金管理人', '管理费率\n[单位] %', '托管费率\n[单位] %', '指数使用费率', '跟踪指数代码', '日均跟踪偏离度阈值(业绩基准)\n[单位] %', '年化跟踪误差阈值(业绩基准)\n[单位] %', '跟踪误差\n[起始交易日期] S_cal_date(enddate,-52,W,0)\n[截止交易日期] 最新收盘日\n[计算周期] 日\n[收益率计算方法] 普通收益率\n[标的指数] 上证综合指数\n[单位] %', '跟踪误差(跟踪指数)\n[起始交易日期] S_cal_date(enddate,-52,W,0)\n[截止交易日期] 最新收盘日\n[计算周期] 日\n[收益率计算方法] 普通收益率\n[单位] %', '信息比率(年化)\n[起始交易日期] S_cal_date(enddate,-52,W,0)\n[截止交易日期] 最新收盘日\n[计算周期] 日\n[收益率计算方法] 普通收益率\n[无风险收益率] 一年定存利率（税前）\n[标的指数] 上证综合指数', '跟踪误差(年化)\n[起始交易日期] S_cal_date(enddate,-52,W,0)\n[截止交易日期] 最新收盘日\n[计算周期] 日\n[收益率计算方法] 普通收益率\n[标的指数] 上证综合指数\n[单位] %', '基金规模(合计)\n[交易日期] S_cal_date(now(),0,D,0)\n[单位] 亿元', '基金份额持有人户数\n[报告期] 20240630\n[单位] 户', '基金份额持有人户数(合计)\n[报告期] 20240630\n[单位] 户', '区间日均成交额\n[起始交易日期] S_cal_date(enddate,-1,M,0)\n[截止交易日期] 最新收盘日\n[单位] 亿元', '基金管理人简称', '基金场内简称', '跟踪指数名称', '月成交额\n[交易日期] 最新收盘日\n[单位] 百万元', '涨跌幅\n[交易日期] 最新收盘日\n[单位] %', '换手率\n[交易日期] 最新收盘日\n[单位] %', '成交额\n[交易日期] 最新收盘日\n[单位] 亿元', '成交笔数\n[交易日期] 最新收盘日\n[单位] 笔', '总市值\n[交易日期] 最新收盘日\n[单位] 亿元', '开盘价\n[交易日期] 最新收盘日\n[复权方式] 不复权\n[单位] 元', '最高价\n[交易日期] 最新收盘日\n[复权方式] 不复权\n[单位] 元', '最低价\n[交易日期] 最新收盘日\n[复权方式] 不复权\n[单位] 元', '收盘价\n[交易日期] 最新收盘日\n[复权方式] 不复权\n[单位] 元', '振幅\n[交易日期] 最新收盘日\n[单位] %', '升贴水\n[交易日期] 最新收盘日\n[单位] 元', '升贴水率\n[交易日期] 最新收盘日\n[单位] %']
2025-04-14 22:10:58,120 - INFO - 匹配到的列映射: {'证券代码': 'code', '涨跌幅\n[交易日期] 最新收盘日\n[单位] %': 'change_rate', '换手率\n[交易日期] 最新收盘日\n[单位] %': 'turnover_rate', '成交额\n[交易日期] 最新收盘日\n[单位] 亿元': 'amount', '成交笔数\n[交易日期] 最新收盘日\n[单位] 笔': 'transaction_count', '总市值\n[交易日期] 最新收盘日\n[单位] 亿元': 'total_market_value', '开盘价\n[交易日期] 最新收盘日\n[复权方式] 不复权\n[单位] 元': 'open_price', '最高价\n[交易日期] 最新收盘日\n[复权方式] 不复权\n[单位] 元': 'high_price', '最低价\n[交易日期] 最新收盘日\n[复权方式] 不复权\n[单位] 元': 'low_price', '收盘价\n[交易日期] 最新收盘日\n[复权方式] 不复权\n[单位] 元': 'close_price', '振幅\n[交易日期] 最新收盘日\n[单位] %': 'amplitude', '升贴水\n[交易日期] 最新收盘日\n[单位] 元': 'premium_discount', '升贴水率\n[交易日期] 最新收盘日\n[单位] %': 'premium_discount_rate'}
2025-04-14 22:10:58,122 - INFO - 最终列名: ['code', '证券简称', '业绩比较基准', '成立年限\n[单位] 年', '基金上市地点', '基金成立日', '基金管理人', '管理费率\n[单位] %', '托管费率\n[单位] %', '指数使用费率', '跟踪指数代码', '日均跟踪偏离度阈值(业绩基准)\n[单位] %', '年化跟踪误差阈值(业绩基准)\n[单位] %', '跟踪误差\n[起始交易日期] S_cal_date(enddate,-52,W,0)\n[截止交易日期] 最新收盘日\n[计算周期] 日\n[收益率计算方法] 普通收益率\n[标的指数] 上证综合指数\n[单位] %', '跟踪误差(跟踪指数)\n[起始交易日期] S_cal_date(enddate,-52,W,0)\n[截止交易日期] 最新收盘日\n[计算周期] 日\n[收益率计算方法] 普通收益率\n[单位] %', '信息比率(年化)\n[起始交易日期] S_cal_date(enddate,-52,W,0)\n[截止交易日期] 最新收盘日\n[计算周期] 日\n[收益率计算方法] 普通收益率\n[无风险收益率] 一年定存利率（税前）\n[标的指数] 上证综合指数', '跟踪误差(年化)\n[起始交易日期] S_cal_date(enddate,-52,W,0)\n[截止交易日期] 最新收盘日\n[计算周期] 日\n[收益率计算方法] 普通收益率\n[标的指数] 上证综合指数\n[单位] %', '基金规模(合计)\n[交易日期] S_cal_date(now(),0,D,0)\n[单位] 亿元', '基金份额持有人户数\n[报告期] 20240630\n[单位] 户', '基金份额持有人户数(合计)\n[报告期] 20240630\n[单位] 户', '区间日均成交额\n[起始交易日期] S_cal_date(enddate,-1,M,0)\n[截止交易日期] 最新收盘日\n[单位] 亿元', '基金管理人简称', '基金场内简称', '跟踪指数名称', '月成交额\n[交易日期] 最新收盘日\n[单位] 百万元', 'change_rate', 'turnover_rate', 'amount', 'transaction_count', 'total_market_value', 'open_price', 'high_price', 'low_price', 'close_price', 'amplitude', 'premium_discount', 'premium_discount_rate', 'date', 'update_time']
2025-04-14 22:10:58,144 - INFO - 数据示例:
     code         证券简称                     业绩比较基准  成立年限\n[单位] 年  ... premium_discount premium_discount_rate        date          update_time
0  159005     汇添富快钱ETF                 活期存款利率(税后)       10.3151  ...          -0.0010               -0.0010  2025-04-11  2025-04-14 22:10:58
1  159321      黄金股票ETF           中证沪深港黄金产业股票指数收益率        0.9315  ...          -0.0009               -0.0874  2025-04-11  2025-04-14 22:10:58
2  159597  创业板成长ETF易方达                 创业板成长指数收益率        0.9342  ...           0.0010                0.0942  2025-04-11  2025-04-14 22:10:58
3  159788    港股通100ETF  中证港股通中国100指数收益率(使用估值汇率折算)        3.1425  ...           0.0111                0.9636  2025-04-11  2025-04-14 22:10:58
4  159797    医疗器械ETF基金              中证全指医疗器械指数收益率        2.9644  ...          -0.0015               -0.2099  2025-04-11  2025-04-14 22:10:58

[5 rows x 39 columns]
2025-04-14 22:10:58,180 - INFO - 成功导入ETF价格数据，共1132条记录
2025-04-14 22:10:58,181 - INFO - 开始导入ETF持有人数据...
2025-04-14 22:10:58,182 - INFO - 使用文件: data/客户ETF保有量20250411.xlsx
2025-04-14 22:10:58,182 - INFO - 从文件名中提取的日期: 2025-04-11
2025-04-14 22:10:58,240 - INFO - 文件中的工作表: ['客户ETF保有量', '仪表板']
2025-04-14 22:10:58,250 - INFO - 原始列名: ['数据截止日期']
2025-04-14 22:10:58,250 - INFO - 数据形状: (0, 1)
2025-04-14 22:10:58,251 - INFO - 数据前5行:
Empty DataFrame
Columns: [数据截止日期]
Index: []
2025-04-14 22:10:58,251 - WARNING - 标准读取方式返回空数据或只有单列，尝试读取所有单元格...
2025-04-14 22:10:58,354 - INFO - 尝试读取工作表: 客户ETF保有量
2025-04-14 22:10:58,359 - INFO - 找到的标题行: ('数据截止日期', '标的代码', '标的名称', '持仓份额', '持仓客户数', '持仓市值')
2025-04-14 22:10:58,361 - INFO - 成功读取数据，形状: (1102, 6)
2025-04-14 22:10:58,363 - INFO - 处理后列名: ['数据截止日期', 'code', '标的名称', 'holding_amount', 'holder_count', 'holding_value', 'date']
2025-04-14 22:10:58,368 - INFO - 处理后数据前5行:
     数据截止日期    code        标的名称  holding_amount  holder_count  holding_value        date
0  20250411  159001       货币ETF         54205.0            11     5420500.00  2025-04-11
1      None  159003     招商快线ETF           853.0             4       85300.00  2025-04-11
2      None  159005    汇添富快钱ETF          2100.0            13      209997.90  2025-04-11
3      None  159150  深证50ETF易方达       1769366.0            37     1946302.60  2025-04-11
4      None  159201    自由现金流ETF      28220532.0           576    26499079.57  2025-04-11
2025-04-14 22:10:58,438 - INFO - 成功导入ETF持有人数据，共1102条记录
2025-04-14 22:10:58,438 - INFO - 开始导入ETF自选数据...
2025-04-14 22:10:58,439 - INFO - 使用文件: data/客户ETF自选人数20250411.xlsx
2025-04-14 22:10:58,439 - INFO - 从文件名中提取的日期: 2025-04-11
2025-04-14 22:10:58,466 - INFO - 文件中的工作表: ['客户ETF自选人数', '仪表板']
2025-04-14 22:10:58,474 - INFO - 原始列名: ['数据截止日期']
2025-04-14 22:10:58,474 - INFO - 数据形状: (0, 1)
2025-04-14 22:10:58,474 - INFO - 数据前5行:
Empty DataFrame
Columns: [数据截止日期]
Index: []
2025-04-14 22:10:58,474 - WARNING - 标准读取方式返回空数据或只有单列，尝试读取所有单元格...
2025-04-14 22:10:58,550 - INFO - 尝试读取工作表: 客户ETF自选人数
2025-04-14 22:10:58,553 - INFO - 找到的标题行: ('数据截止日期', '标的代码', '加自选人数')
2025-04-14 22:10:58,554 - INFO - 成功读取数据，形状: (1116, 3)
2025-04-14 22:10:58,554 - INFO - 标准化后列名: ['数据截止日期', '标的代码', '加自选人数']
2025-04-14 22:10:58,554 - INFO - 找到的代码列: ['标的代码']
2025-04-14 22:10:58,554 - INFO - 找到的自选列: ['加自选人数']
2025-04-14 22:10:58,555 - INFO - 处理后列名: ['数据截止日期', 'code', 'attention_count', 'date']
2025-04-14 22:10:58,560 - INFO - 处理后数据前5行:
     数据截止日期    code  attention_count        date
0  20250411  159001               99  2025-04-11
1      None  159003               98  2025-04-11
2      None  159005               43  2025-04-11
3      None  159150              248  2025-04-11
4      None  159201              880  2025-04-11
2025-04-14 22:10:58,599 - INFO - 成功导入ETF自选数据，共1116条记录
2025-04-14 22:10:58,599 - INFO - 开始导入ETF指数分类数据...
2025-04-14 22:10:58,600 - INFO - 使用文件: data/ETF-Index-Classification_20250325.xlsx
2025-04-14 22:10:58,651 - INFO - 成功导入ETF指数分类数据，共429条记录
2025-04-14 22:10:58,651 - INFO - 开始导入ETF商务协议数据...
2025-04-14 22:10:58,652 - INFO - 使用文件: data/ETF单产品商务协议20250328.xlsx
2025-04-14 22:10:58,747 - INFO - 成功导入ETF商务协议数据，共339条记录
2025-04-14 22:10:58,747 - INFO - === ETF数据导入完成 ===
2025-04-14 22:10:58,747 - INFO - ETF基本信息: 成功
2025-04-14 22:10:58,747 - INFO - ETF价格数据: 成功
2025-04-14 22:10:58,747 - INFO - ETF持有人数据: 成功
2025-04-14 22:10:58,747 - INFO - ETF自选数据: 成功
2025-04-14 22:10:58,747 - INFO - ETF指数分类数据: 成功
2025-04-14 22:10:58,747 - INFO - ETF商务协议数据: 成功
2025-04-14 22:10:58,748 - INFO - === 数据库记录统计 ===
2025-04-14 22:10:58,748 - INFO - ETF基本信息表: 1132条记录
2025-04-14 22:10:58,748 - INFO - ETF价格数据表: 1132条记录
2025-04-14 22:10:58,748 - INFO - ETF持有人数据表: 1102条记录
2025-04-14 22:10:58,748 - INFO - ETF自选数据表: 1116条记录
2025-04-14 22:10:58,748 - INFO - ETF商务协议数据表: 339条记录
2025-04-15 10:12:16,050 - INFO - === 开始导入所有ETF数据 ===
2025-04-15 10:12:16,055 - INFO - 列名映射已保存到: data/etf_column_names.json
2025-04-15 10:12:16,056 - INFO - 开始导入ETF基本信息...
2025-04-15 10:12:16,059 - INFO - 使用文件: data/ETF_DATA_20250414.xlsx
2025-04-15 10:12:16,060 - INFO - 从文件名中提取的日期: 2025-04-14
2025-04-15 10:12:18,943 - ERROR - 导入ETF基本信息失败
2025-04-15 10:12:18,944 - INFO - 开始导入ETF价格数据...
2025-04-15 10:12:18,944 - INFO - 使用文件: data/ETF_DATA_20250414.xlsx
2025-04-15 10:12:18,945 - INFO - 从文件名中提取的日期: 2025-04-14
2025-04-15 10:12:19,513 - INFO - 原始列名: ['证券代码', '证券简称', '业绩比较基准', '成立年限\n[单位] 年', '基金上市地点', '基金成立日', '基金管理人', '管理费率\n[单位] %', '托管费率\n[单位] %', '指数使用费率', '跟踪指数代码', '日均跟踪偏离度阈值(业绩基准)\n[单位] %', '年化跟踪误差阈值(业绩基准)\n[单位] %', '跟踪误差\n[起始交易日期] S_cal_date(enddate,-52,W,0)\n[截止交易日期] 最新收盘日\n[计算周期] 日\n[收益率计算方法] 普通收益率\n[标的指数] 上证综合指数\n[单位] %', '跟踪误差(跟踪指数)\n[起始交易日期] S_cal_date(enddate,-52,W,0)\n[截止交易日期] 最新收盘日\n[计算周期] 日\n[收益率计算方法] 普通收益率\n[单位] %', '信息比率(年化)\n[起始交易日期] S_cal_date(enddate,-52,W,0)\n[截止交易日期] 最新收盘日\n[计算周期] 日\n[收益率计算方法] 普通收益率\n[无风险收益率] 一年定存利率（税前）\n[标的指数] 上证综合指数', '跟踪误差(年化)\n[起始交易日期] S_cal_date(enddate,-52,W,0)\n[截止交易日期] 最新收盘日\n[计算周期] 日\n[收益率计算方法] 普通收益率\n[标的指数] 上证综合指数\n[单位] %', '基金规模(合计)\n[交易日期] S_cal_date(now(),0,D,0)\n[单位] 亿元', '基金份额持有人户数\n[报告期] 20240630\n[单位] 户', '基金份额持有人户数(合计)\n[报告期] 20240630\n[单位] 户', '区间日均成交额\n[起始交易日期] S_cal_date(enddate,-1,M,0)\n[截止交易日期] 最新收盘日\n[单位] 亿元', '基金管理人简称', '基金场内简称', '跟踪指数名称', '月成交额\n[交易日期] 最新收盘日\n[单位] 百万元', '涨跌幅\n[交易日期] 最新收盘日\n[单位] %', '换手率\n[交易日期] 最新收盘日\n[单位] %', '成交额\n[交易日期] 最新收盘日\n[单位] 亿元', '成交笔数\n[交易日期] 最新收盘日\n[单位] 笔', '总市值\n[交易日期] 最新收盘日\n[单位] 亿元', '开盘价\n[交易日期] 最新收盘日\n[复权方式] 不复权\n[单位] 元', '最高价\n[交易日期] 最新收盘日\n[复权方式] 不复权\n[单位] 元', '最低价\n[交易日期] 最新收盘日\n[复权方式] 不复权\n[单位] 元', '收盘价\n[交易日期] 最新收盘日\n[复权方式] 不复权\n[单位] 元', '振幅\n[交易日期] 最新收盘日\n[单位] %', '升贴水\n[交易日期] 最新收盘日\n[单位] 元', '升贴水率\n[交易日期] 最新收盘日\n[单位] %']
2025-04-15 10:12:19,514 - INFO - 匹配到的列映射: {'证券代码': 'code', '涨跌幅\n[交易日期] 最新收盘日\n[单位] %': 'change_rate', '换手率\n[交易日期] 最新收盘日\n[单位] %': 'turnover_rate', '成交额\n[交易日期] 最新收盘日\n[单位] 亿元': 'amount', '成交笔数\n[交易日期] 最新收盘日\n[单位] 笔': 'transaction_count', '总市值\n[交易日期] 最新收盘日\n[单位] 亿元': 'total_market_value', '开盘价\n[交易日期] 最新收盘日\n[复权方式] 不复权\n[单位] 元': 'open_price', '最高价\n[交易日期] 最新收盘日\n[复权方式] 不复权\n[单位] 元': 'high_price', '最低价\n[交易日期] 最新收盘日\n[复权方式] 不复权\n[单位] 元': 'low_price', '收盘价\n[交易日期] 最新收盘日\n[复权方式] 不复权\n[单位] 元': 'close_price', '振幅\n[交易日期] 最新收盘日\n[单位] %': 'amplitude', '升贴水\n[交易日期] 最新收盘日\n[单位] 元': 'premium_discount', '升贴水率\n[交易日期] 最新收盘日\n[单位] %': 'premium_discount_rate'}
2025-04-15 10:12:19,516 - INFO - 最终列名: ['code', '证券简称', '业绩比较基准', '成立年限\n[单位] 年', '基金上市地点', '基金成立日', '基金管理人', '管理费率\n[单位] %', '托管费率\n[单位] %', '指数使用费率', '跟踪指数代码', '日均跟踪偏离度阈值(业绩基准)\n[单位] %', '年化跟踪误差阈值(业绩基准)\n[单位] %', '跟踪误差\n[起始交易日期] S_cal_date(enddate,-52,W,0)\n[截止交易日期] 最新收盘日\n[计算周期] 日\n[收益率计算方法] 普通收益率\n[标的指数] 上证综合指数\n[单位] %', '跟踪误差(跟踪指数)\n[起始交易日期] S_cal_date(enddate,-52,W,0)\n[截止交易日期] 最新收盘日\n[计算周期] 日\n[收益率计算方法] 普通收益率\n[单位] %', '信息比率(年化)\n[起始交易日期] S_cal_date(enddate,-52,W,0)\n[截止交易日期] 最新收盘日\n[计算周期] 日\n[收益率计算方法] 普通收益率\n[无风险收益率] 一年定存利率（税前）\n[标的指数] 上证综合指数', '跟踪误差(年化)\n[起始交易日期] S_cal_date(enddate,-52,W,0)\n[截止交易日期] 最新收盘日\n[计算周期] 日\n[收益率计算方法] 普通收益率\n[标的指数] 上证综合指数\n[单位] %', '基金规模(合计)\n[交易日期] S_cal_date(now(),0,D,0)\n[单位] 亿元', '基金份额持有人户数\n[报告期] 20240630\n[单位] 户', '基金份额持有人户数(合计)\n[报告期] 20240630\n[单位] 户', '区间日均成交额\n[起始交易日期] S_cal_date(enddate,-1,M,0)\n[截止交易日期] 最新收盘日\n[单位] 亿元', '基金管理人简称', '基金场内简称', '跟踪指数名称', '月成交额\n[交易日期] 最新收盘日\n[单位] 百万元', 'change_rate', 'turnover_rate', 'amount', 'transaction_count', 'total_market_value', 'open_price', 'high_price', 'low_price', 'close_price', 'amplitude', 'premium_discount', 'premium_discount_rate', 'date', 'update_time']
2025-04-15 10:12:19,540 - INFO - 数据示例:
     code         证券简称            业绩比较基准  成立年限\n[单位] 年   基金上市地点  ... amplitude premium_discount  premium_discount_rate        date          update_time
0  563010        电信ETF       中证电信主题指数收益率        1.7808  上海证券交易所  ...    0.9868          -0.0017                -0.1393  2025-04-14  2025-04-15 10:12:19
1  159005     汇添富快钱ETF        活期存款利率(税后)       10.3178  深圳证券交易所  ...    0.0020           0.0010                 0.0010  2025-04-14  2025-04-15 10:12:19
2  159321      黄金股票ETF  中证沪深港黄金产业股票指数收益率        0.9342  深圳证券交易所  ...    6.1224           0.0128                 1.1894  2025-04-14  2025-04-15 10:12:19
3  159531    中证2000ETF       中证2000指数收益率        1.6055  深圳证券交易所  ...    2.0916           0.0008                 0.0779  2025-04-14  2025-04-15 10:12:19
4  159597  创业板成长ETF易方达        创业板成长指数收益率        0.9370  深圳证券交易所  ...    1.4111          -0.0004                -0.0375  2025-04-14  2025-04-15 10:12:19

[5 rows x 39 columns]
2025-04-15 10:12:19,580 - INFO - 成功导入ETF价格数据，共1135条记录
2025-04-15 10:12:19,580 - INFO - 开始导入ETF持有人数据...
2025-04-15 10:12:19,581 - INFO - 使用文件: data/客户ETF保有量20250414.xlsx
2025-04-15 10:12:19,581 - INFO - 从文件名中提取的日期: 2025-04-14
2025-04-15 10:12:19,654 - INFO - 文件中的工作表: ['客户ETF保有量', '仪表板']
2025-04-15 10:12:19,664 - INFO - 原始列名: ['数据截止日期']
2025-04-15 10:12:19,664 - INFO - 数据形状: (0, 1)
2025-04-15 10:12:19,665 - INFO - 数据前5行:
Empty DataFrame
Columns: [数据截止日期]
Index: []
2025-04-15 10:12:19,665 - WARNING - 标准读取方式返回空数据或只有单列，尝试读取所有单元格...
2025-04-15 10:12:19,781 - INFO - 尝试读取工作表: 客户ETF保有量
2025-04-15 10:12:19,787 - INFO - 找到的标题行: ('数据截止日期', '标的代码', '标的名称', '持仓份额', '持仓客户数', '持仓市值')
2025-04-15 10:12:19,789 - INFO - 成功读取数据，形状: (1107, 6)
2025-04-15 10:12:19,792 - INFO - 处理后列名: ['数据截止日期', 'code', '标的名称', 'holding_amount', 'holder_count', 'holding_value', 'date']
2025-04-15 10:12:19,797 - INFO - 处理后数据前5行:
     数据截止日期    code        标的名称  holding_amount  holder_count  holding_value        date
0  20250414  159001       货币ETF         54406.0            12     5440600.00  2025-04-14
1      None  159003     招商快线ETF           853.0             4       85300.00  2025-04-14
2      None  159005    汇添富快钱ETF          1300.0            12      130001.30  2025-04-14
3      None  159150  深证50ETF易方达       1769366.0            37     1949841.33  2025-04-14
4      None  159201    自由现金流ETF      28125532.0           565    26663004.35  2025-04-14
2025-04-15 10:12:19,850 - INFO - 成功导入ETF持有人数据，共1107条记录
2025-04-15 10:12:19,850 - INFO - 开始导入ETF自选数据...
2025-04-15 10:12:19,851 - INFO - 使用文件: data/客户ETF自选人数20250414.xlsx
2025-04-15 10:12:19,851 - INFO - 从文件名中提取的日期: 2025-04-14
2025-04-15 10:12:19,880 - INFO - 文件中的工作表: ['客户ETF自选人数', '仪表板']
2025-04-15 10:12:19,889 - INFO - 原始列名: ['数据截止日期']
2025-04-15 10:12:19,889 - INFO - 数据形状: (0, 1)
2025-04-15 10:12:19,890 - INFO - 数据前5行:
Empty DataFrame
Columns: [数据截止日期]
Index: []
2025-04-15 10:12:19,890 - WARNING - 标准读取方式返回空数据或只有单列，尝试读取所有单元格...
2025-04-15 10:12:19,954 - INFO - 尝试读取工作表: 客户ETF自选人数
2025-04-15 10:12:19,958 - INFO - 找到的标题行: ('数据截止日期', '标的代码', '加自选人数')
2025-04-15 10:12:19,959 - INFO - 成功读取数据，形状: (1120, 3)
2025-04-15 10:12:19,959 - INFO - 标准化后列名: ['数据截止日期', '标的代码', '加自选人数']
2025-04-15 10:12:19,959 - INFO - 找到的代码列: ['标的代码']
2025-04-15 10:12:19,959 - INFO - 找到的自选列: ['加自选人数']
2025-04-15 10:12:19,961 - INFO - 处理后列名: ['数据截止日期', 'code', 'attention_count', 'date']
2025-04-15 10:12:19,964 - INFO - 处理后数据前5行:
     数据截止日期    code  attention_count        date
0  20250414  159001               99  2025-04-14
1      None  159003               98  2025-04-14
2      None  159005               43  2025-04-14
3      None  159150              248  2025-04-14
4      None  159201              885  2025-04-14
2025-04-15 10:12:20,004 - INFO - 成功导入ETF自选数据，共1120条记录
2025-04-15 10:12:20,004 - INFO - 开始导入ETF指数分类数据...
2025-04-15 10:12:20,005 - INFO - 使用文件: data/ETF-Index-Classification_20250325.xlsx
2025-04-15 10:12:20,059 - INFO - 成功导入ETF指数分类数据，共429条记录
2025-04-15 10:12:20,060 - INFO - 开始导入ETF商务协议数据...
2025-04-15 10:12:20,060 - INFO - 使用文件: data/ETF单产品商务协议20250328.xlsx
2025-04-15 10:12:20,185 - INFO - 成功导入ETF商务协议数据，共339条记录
2025-04-15 10:12:20,185 - INFO - === ETF数据导入完成 ===
2025-04-15 10:12:20,185 - INFO - ETF基本信息: 失败
2025-04-15 10:12:20,185 - INFO - ETF价格数据: 成功
2025-04-15 10:12:20,185 - INFO - ETF持有人数据: 成功
2025-04-15 10:12:20,185 - INFO - ETF自选数据: 成功
2025-04-15 10:12:20,185 - INFO - ETF指数分类数据: 成功
2025-04-15 10:12:20,185 - INFO - ETF商务协议数据: 成功
2025-04-15 10:12:20,186 - INFO - === 数据库记录统计 ===
2025-04-15 10:12:20,186 - INFO - ETF基本信息表: 0条记录
2025-04-15 10:12:20,186 - INFO - ETF价格数据表: 1135条记录
2025-04-15 10:12:20,186 - INFO - ETF持有人数据表: 1107条记录
2025-04-15 10:12:20,186 - INFO - ETF自选数据表: 1120条记录
2025-04-15 10:12:20,186 - INFO - ETF商务协议数据表: 339条记录
2025-04-15 10:18:31,257 - INFO - 开始导入ETF基本信息...
2025-04-15 10:18:31,259 - INFO - 使用文件: data/ETF_DATA_20250414.xlsx
2025-04-15 10:18:31,260 - INFO - 从文件名中提取的日期: 2025-04-14
2025-04-15 10:18:32,186 - INFO - 成功导入ETF基本信息，共1135条记录
2025-04-15 10:19:40,482 - INFO - === 开始导入所有ETF数据 ===
2025-04-15 10:19:40,483 - INFO - 列名映射已保存到: data/etf_column_names.json
2025-04-15 10:19:40,483 - INFO - 开始导入ETF基本信息...
2025-04-15 10:19:40,485 - INFO - 使用文件: data/ETF_DATA_20250414.xlsx
2025-04-15 10:19:40,485 - INFO - 从文件名中提取的日期: 2025-04-14
2025-04-15 10:19:41,321 - INFO - 成功导入ETF基本信息，共1135条记录
2025-04-15 10:19:41,321 - INFO - 开始导入ETF价格数据...
2025-04-15 10:19:41,322 - INFO - 使用文件: data/ETF_DATA_20250414.xlsx
2025-04-15 10:19:41,322 - INFO - 从文件名中提取的日期: 2025-04-14
2025-04-15 10:19:41,842 - INFO - 原始列名: ['证券代码', '证券简称', '业绩比较基准', '成立年限\n[单位] 年', '基金上市地点', '基金成立日', '基金管理人', '管理费率\n[单位] %', '托管费率\n[单位] %', '指数使用费率', '跟踪指数代码', '日均跟踪偏离度阈值(业绩基准)\n[单位] %', '年化跟踪误差阈值(业绩基准)\n[单位] %', '跟踪误差\n[起始交易日期] S_cal_date(enddate,-52,W,0)\n[截止交易日期] 最新收盘日\n[计算周期] 日\n[收益率计算方法] 普通收益率\n[标的指数] 上证综合指数\n[单位] %', '跟踪误差(跟踪指数)\n[起始交易日期] S_cal_date(enddate,-52,W,0)\n[截止交易日期] 最新收盘日\n[计算周期] 日\n[收益率计算方法] 普通收益率\n[单位] %', '信息比率(年化)\n[起始交易日期] S_cal_date(enddate,-52,W,0)\n[截止交易日期] 最新收盘日\n[计算周期] 日\n[收益率计算方法] 普通收益率\n[无风险收益率] 一年定存利率（税前）\n[标的指数] 上证综合指数', '跟踪误差(年化)\n[起始交易日期] S_cal_date(enddate,-52,W,0)\n[截止交易日期] 最新收盘日\n[计算周期] 日\n[收益率计算方法] 普通收益率\n[标的指数] 上证综合指数\n[单位] %', '基金规模(合计)\n[交易日期] S_cal_date(now(),0,D,0)\n[单位] 亿元', '基金份额持有人户数\n[报告期] 20240630\n[单位] 户', '基金份额持有人户数(合计)\n[报告期] 20240630\n[单位] 户', '区间日均成交额\n[起始交易日期] S_cal_date(enddate,-1,M,0)\n[截止交易日期] 最新收盘日\n[单位] 亿元', '基金管理人简称', '基金场内简称', '跟踪指数名称', '月成交额\n[交易日期] 最新收盘日\n[单位] 百万元', '涨跌幅\n[交易日期] 最新收盘日\n[单位] %', '换手率\n[交易日期] 最新收盘日\n[单位] %', '成交额\n[交易日期] 最新收盘日\n[单位] 亿元', '成交笔数\n[交易日期] 最新收盘日\n[单位] 笔', '总市值\n[交易日期] 最新收盘日\n[单位] 亿元', '开盘价\n[交易日期] 最新收盘日\n[复权方式] 不复权\n[单位] 元', '最高价\n[交易日期] 最新收盘日\n[复权方式] 不复权\n[单位] 元', '最低价\n[交易日期] 最新收盘日\n[复权方式] 不复权\n[单位] 元', '收盘价\n[交易日期] 最新收盘日\n[复权方式] 不复权\n[单位] 元', '振幅\n[交易日期] 最新收盘日\n[单位] %', '升贴水\n[交易日期] 最新收盘日\n[单位] 元', '升贴水率\n[交易日期] 最新收盘日\n[单位] %']
2025-04-15 10:19:41,852 - INFO - 匹配到的列映射: {'证券代码': 'code', '涨跌幅\n[交易日期] 最新收盘日\n[单位] %': 'change_rate', '换手率\n[交易日期] 最新收盘日\n[单位] %': 'turnover_rate', '成交额\n[交易日期] 最新收盘日\n[单位] 亿元': 'amount', '成交笔数\n[交易日期] 最新收盘日\n[单位] 笔': 'transaction_count', '总市值\n[交易日期] 最新收盘日\n[单位] 亿元': 'total_market_value', '开盘价\n[交易日期] 最新收盘日\n[复权方式] 不复权\n[单位] 元': 'open_price', '最高价\n[交易日期] 最新收盘日\n[复权方式] 不复权\n[单位] 元': 'high_price', '最低价\n[交易日期] 最新收盘日\n[复权方式] 不复权\n[单位] 元': 'low_price', '收盘价\n[交易日期] 最新收盘日\n[复权方式] 不复权\n[单位] 元': 'close_price', '振幅\n[交易日期] 最新收盘日\n[单位] %': 'amplitude', '升贴水\n[交易日期] 最新收盘日\n[单位] 元': 'premium_discount', '升贴水率\n[交易日期] 最新收盘日\n[单位] %': 'premium_discount_rate'}
2025-04-15 10:19:41,855 - INFO - 最终列名: ['code', '证券简称', '业绩比较基准', '成立年限\n[单位] 年', '基金上市地点', '基金成立日', '基金管理人', '管理费率\n[单位] %', '托管费率\n[单位] %', '指数使用费率', '跟踪指数代码', '日均跟踪偏离度阈值(业绩基准)\n[单位] %', '年化跟踪误差阈值(业绩基准)\n[单位] %', '跟踪误差\n[起始交易日期] S_cal_date(enddate,-52,W,0)\n[截止交易日期] 最新收盘日\n[计算周期] 日\n[收益率计算方法] 普通收益率\n[标的指数] 上证综合指数\n[单位] %', '跟踪误差(跟踪指数)\n[起始交易日期] S_cal_date(enddate,-52,W,0)\n[截止交易日期] 最新收盘日\n[计算周期] 日\n[收益率计算方法] 普通收益率\n[单位] %', '信息比率(年化)\n[起始交易日期] S_cal_date(enddate,-52,W,0)\n[截止交易日期] 最新收盘日\n[计算周期] 日\n[收益率计算方法] 普通收益率\n[无风险收益率] 一年定存利率（税前）\n[标的指数] 上证综合指数', '跟踪误差(年化)\n[起始交易日期] S_cal_date(enddate,-52,W,0)\n[截止交易日期] 最新收盘日\n[计算周期] 日\n[收益率计算方法] 普通收益率\n[标的指数] 上证综合指数\n[单位] %', '基金规模(合计)\n[交易日期] S_cal_date(now(),0,D,0)\n[单位] 亿元', '基金份额持有人户数\n[报告期] 20240630\n[单位] 户', '基金份额持有人户数(合计)\n[报告期] 20240630\n[单位] 户', '区间日均成交额\n[起始交易日期] S_cal_date(enddate,-1,M,0)\n[截止交易日期] 最新收盘日\n[单位] 亿元', '基金管理人简称', '基金场内简称', '跟踪指数名称', '月成交额\n[交易日期] 最新收盘日\n[单位] 百万元', 'change_rate', 'turnover_rate', 'amount', 'transaction_count', 'total_market_value', 'open_price', 'high_price', 'low_price', 'close_price', 'amplitude', 'premium_discount', 'premium_discount_rate', 'date', 'update_time']
2025-04-15 10:19:41,880 - INFO - 数据示例:
     code         证券简称            业绩比较基准  ...  premium_discount_rate        date          update_time
0  563010        电信ETF       中证电信主题指数收益率  ...                -0.1393  2025-04-14  2025-04-15 10:19:41
1  159005     汇添富快钱ETF        活期存款利率(税后)  ...                 0.0010  2025-04-14  2025-04-15 10:19:41
2  159321      黄金股票ETF  中证沪深港黄金产业股票指数收益率  ...                 1.1894  2025-04-14  2025-04-15 10:19:41
3  159531    中证2000ETF       中证2000指数收益率  ...                 0.0779  2025-04-14  2025-04-15 10:19:41
4  159597  创业板成长ETF易方达        创业板成长指数收益率  ...                -0.0375  2025-04-14  2025-04-15 10:19:41

[5 rows x 39 columns]
2025-04-15 10:19:41,915 - INFO - 成功导入ETF价格数据，共1135条记录
2025-04-15 10:19:41,915 - INFO - 开始导入ETF持有人数据...
2025-04-15 10:19:41,916 - INFO - 使用文件: data/客户ETF保有量20250414.xlsx
2025-04-15 10:19:41,916 - INFO - 从文件名中提取的日期: 2025-04-14
2025-04-15 10:19:41,980 - INFO - 文件中的工作表: ['客户ETF保有量', '仪表板']
2025-04-15 10:19:41,990 - INFO - 原始列名: ['数据截止日期']
2025-04-15 10:19:41,990 - INFO - 数据形状: (0, 1)
2025-04-15 10:19:41,991 - INFO - 数据前5行:
Empty DataFrame
Columns: [数据截止日期]
Index: []
2025-04-15 10:19:41,991 - WARNING - 标准读取方式返回空数据或只有单列，尝试读取所有单元格...
2025-04-15 10:19:42,119 - INFO - 尝试读取工作表: 客户ETF保有量
2025-04-15 10:19:42,126 - INFO - 找到的标题行: ('数据截止日期', '标的代码', '标的名称', '持仓份额', '持仓客户数', '持仓市值')
2025-04-15 10:19:42,128 - INFO - 成功读取数据，形状: (1107, 6)
2025-04-15 10:19:42,130 - INFO - 处理后列名: ['数据截止日期', 'code', '标的名称', 'holding_amount', 'holder_count', 'holding_value', 'date']
2025-04-15 10:19:42,137 - INFO - 处理后数据前5行:
     数据截止日期    code        标的名称  holding_amount  holder_count  holding_value        date
0  20250414  159001       货币ETF         54406.0            12     5440600.00  2025-04-14
1      None  159003     招商快线ETF           853.0             4       85300.00  2025-04-14
2      None  159005    汇添富快钱ETF          1300.0            12      130001.30  2025-04-14
3      None  159150  深证50ETF易方达       1769366.0            37     1949841.33  2025-04-14
4      None  159201    自由现金流ETF      28125532.0           565    26663004.35  2025-04-14
2025-04-15 10:19:42,201 - INFO - 成功导入ETF持有人数据，共1107条记录
2025-04-15 10:19:42,202 - INFO - 开始导入ETF自选数据...
2025-04-15 10:19:42,202 - INFO - 使用文件: data/客户ETF自选人数20250414.xlsx
2025-04-15 10:19:42,202 - INFO - 从文件名中提取的日期: 2025-04-14
2025-04-15 10:19:42,231 - INFO - 文件中的工作表: ['客户ETF自选人数', '仪表板']
2025-04-15 10:19:42,240 - INFO - 原始列名: ['数据截止日期']
2025-04-15 10:19:42,240 - INFO - 数据形状: (0, 1)
2025-04-15 10:19:42,240 - INFO - 数据前5行:
Empty DataFrame
Columns: [数据截止日期]
Index: []
2025-04-15 10:19:42,240 - WARNING - 标准读取方式返回空数据或只有单列，尝试读取所有单元格...
2025-04-15 10:19:42,299 - INFO - 尝试读取工作表: 客户ETF自选人数
2025-04-15 10:19:42,303 - INFO - 找到的标题行: ('数据截止日期', '标的代码', '加自选人数')
2025-04-15 10:19:42,304 - INFO - 成功读取数据，形状: (1120, 3)
2025-04-15 10:19:42,304 - INFO - 标准化后列名: ['数据截止日期', '标的代码', '加自选人数']
2025-04-15 10:19:42,304 - INFO - 找到的代码列: ['标的代码']
2025-04-15 10:19:42,304 - INFO - 找到的自选列: ['加自选人数']
2025-04-15 10:19:42,306 - INFO - 处理后列名: ['数据截止日期', 'code', 'attention_count', 'date']
2025-04-15 10:19:42,309 - INFO - 处理后数据前5行:
     数据截止日期    code  attention_count        date
0  20250414  159001               99  2025-04-14
1      None  159003               98  2025-04-14
2      None  159005               43  2025-04-14
3      None  159150              248  2025-04-14
4      None  159201              885  2025-04-14
2025-04-15 10:19:42,351 - INFO - 成功导入ETF自选数据，共1120条记录
2025-04-15 10:19:42,351 - INFO - 开始导入ETF指数分类数据...
2025-04-15 10:19:42,352 - INFO - 使用文件: data/ETF-Index-Classification_20250325.xlsx
2025-04-15 10:19:42,405 - INFO - 成功导入ETF指数分类数据，共429条记录
2025-04-15 10:19:42,405 - INFO - 开始导入ETF商务协议数据...
2025-04-15 10:19:42,406 - INFO - 使用文件: data/ETF单产品商务协议20250328.xlsx
2025-04-15 10:19:42,528 - INFO - 成功导入ETF商务协议数据，共339条记录
2025-04-15 10:19:42,528 - INFO - === ETF数据导入完成 ===
2025-04-15 10:19:42,528 - INFO - ETF基本信息: 成功
2025-04-15 10:19:42,528 - INFO - ETF价格数据: 成功
2025-04-15 10:19:42,528 - INFO - ETF持有人数据: 成功
2025-04-15 10:19:42,528 - INFO - ETF自选数据: 成功
2025-04-15 10:19:42,528 - INFO - ETF指数分类数据: 成功
2025-04-15 10:19:42,528 - INFO - ETF商务协议数据: 成功
2025-04-15 10:19:42,529 - INFO - === 数据库记录统计 ===
2025-04-15 10:19:42,529 - INFO - ETF基本信息表: 1135条记录
2025-04-15 10:19:42,529 - INFO - ETF价格数据表: 1135条记录
2025-04-15 10:19:42,529 - INFO - ETF持有人数据表: 1107条记录
2025-04-15 10:19:42,529 - INFO - ETF自选数据表: 1120条记录
2025-04-15 10:19:42,529 - INFO - ETF商务协议数据表: 339条记录
2025-04-15 10:20:17,754 - INFO - === 开始导入所有ETF数据 ===
2025-04-15 10:20:17,756 - INFO - 列名映射已保存到: data/etf_column_names.json
2025-04-15 10:20:17,756 - INFO - 开始导入ETF基本信息...
2025-04-15 10:20:17,759 - INFO - 使用文件: data/ETF_DATA_20250414.xlsx
2025-04-15 10:20:17,759 - INFO - 从文件名中提取的日期: 2025-04-14
2025-04-15 10:20:18,466 - INFO - 成功导入ETF基本信息，共1135条记录
2025-04-15 10:20:18,466 - INFO - 开始导入ETF价格数据...
2025-04-15 10:20:18,467 - INFO - 使用文件: data/ETF_DATA_20250414.xlsx
2025-04-15 10:20:18,467 - INFO - 从文件名中提取的日期: 2025-04-14
2025-04-15 10:20:18,969 - INFO - 原始列名: ['证券代码', '证券简称', '业绩比较基准', '成立年限\n[单位] 年', '基金上市地点', '基金成立日', '基金管理人', '管理费率\n[单位] %', '托管费率\n[单位] %', '指数使用费率', '跟踪指数代码', '日均跟踪偏离度阈值(业绩基准)\n[单位] %', '年化跟踪误差阈值(业绩基准)\n[单位] %', '跟踪误差\n[起始交易日期] S_cal_date(enddate,-52,W,0)\n[截止交易日期] 最新收盘日\n[计算周期] 日\n[收益率计算方法] 普通收益率\n[标的指数] 上证综合指数\n[单位] %', '跟踪误差(跟踪指数)\n[起始交易日期] S_cal_date(enddate,-52,W,0)\n[截止交易日期] 最新收盘日\n[计算周期] 日\n[收益率计算方法] 普通收益率\n[单位] %', '信息比率(年化)\n[起始交易日期] S_cal_date(enddate,-52,W,0)\n[截止交易日期] 最新收盘日\n[计算周期] 日\n[收益率计算方法] 普通收益率\n[无风险收益率] 一年定存利率（税前）\n[标的指数] 上证综合指数', '跟踪误差(年化)\n[起始交易日期] S_cal_date(enddate,-52,W,0)\n[截止交易日期] 最新收盘日\n[计算周期] 日\n[收益率计算方法] 普通收益率\n[标的指数] 上证综合指数\n[单位] %', '基金规模(合计)\n[交易日期] S_cal_date(now(),0,D,0)\n[单位] 亿元', '基金份额持有人户数\n[报告期] 20240630\n[单位] 户', '基金份额持有人户数(合计)\n[报告期] 20240630\n[单位] 户', '区间日均成交额\n[起始交易日期] S_cal_date(enddate,-1,M,0)\n[截止交易日期] 最新收盘日\n[单位] 亿元', '基金管理人简称', '基金场内简称', '跟踪指数名称', '月成交额\n[交易日期] 最新收盘日\n[单位] 百万元', '涨跌幅\n[交易日期] 最新收盘日\n[单位] %', '换手率\n[交易日期] 最新收盘日\n[单位] %', '成交额\n[交易日期] 最新收盘日\n[单位] 亿元', '成交笔数\n[交易日期] 最新收盘日\n[单位] 笔', '总市值\n[交易日期] 最新收盘日\n[单位] 亿元', '开盘价\n[交易日期] 最新收盘日\n[复权方式] 不复权\n[单位] 元', '最高价\n[交易日期] 最新收盘日\n[复权方式] 不复权\n[单位] 元', '最低价\n[交易日期] 最新收盘日\n[复权方式] 不复权\n[单位] 元', '收盘价\n[交易日期] 最新收盘日\n[复权方式] 不复权\n[单位] 元', '振幅\n[交易日期] 最新收盘日\n[单位] %', '升贴水\n[交易日期] 最新收盘日\n[单位] 元', '升贴水率\n[交易日期] 最新收盘日\n[单位] %']
2025-04-15 10:20:18,970 - INFO - 匹配到的列映射: {'证券代码': 'code', '涨跌幅\n[交易日期] 最新收盘日\n[单位] %': 'change_rate', '换手率\n[交易日期] 最新收盘日\n[单位] %': 'turnover_rate', '成交额\n[交易日期] 最新收盘日\n[单位] 亿元': 'amount', '成交笔数\n[交易日期] 最新收盘日\n[单位] 笔': 'transaction_count', '总市值\n[交易日期] 最新收盘日\n[单位] 亿元': 'total_market_value', '开盘价\n[交易日期] 最新收盘日\n[复权方式] 不复权\n[单位] 元': 'open_price', '最高价\n[交易日期] 最新收盘日\n[复权方式] 不复权\n[单位] 元': 'high_price', '最低价\n[交易日期] 最新收盘日\n[复权方式] 不复权\n[单位] 元': 'low_price', '收盘价\n[交易日期] 最新收盘日\n[复权方式] 不复权\n[单位] 元': 'close_price', '振幅\n[交易日期] 最新收盘日\n[单位] %': 'amplitude', '升贴水\n[交易日期] 最新收盘日\n[单位] 元': 'premium_discount', '升贴水率\n[交易日期] 最新收盘日\n[单位] %': 'premium_discount_rate'}
2025-04-15 10:20:18,972 - INFO - 最终列名: ['code', '证券简称', '业绩比较基准', '成立年限\n[单位] 年', '基金上市地点', '基金成立日', '基金管理人', '管理费率\n[单位] %', '托管费率\n[单位] %', '指数使用费率', '跟踪指数代码', '日均跟踪偏离度阈值(业绩基准)\n[单位] %', '年化跟踪误差阈值(业绩基准)\n[单位] %', '跟踪误差\n[起始交易日期] S_cal_date(enddate,-52,W,0)\n[截止交易日期] 最新收盘日\n[计算周期] 日\n[收益率计算方法] 普通收益率\n[标的指数] 上证综合指数\n[单位] %', '跟踪误差(跟踪指数)\n[起始交易日期] S_cal_date(enddate,-52,W,0)\n[截止交易日期] 最新收盘日\n[计算周期] 日\n[收益率计算方法] 普通收益率\n[单位] %', '信息比率(年化)\n[起始交易日期] S_cal_date(enddate,-52,W,0)\n[截止交易日期] 最新收盘日\n[计算周期] 日\n[收益率计算方法] 普通收益率\n[无风险收益率] 一年定存利率（税前）\n[标的指数] 上证综合指数', '跟踪误差(年化)\n[起始交易日期] S_cal_date(enddate,-52,W,0)\n[截止交易日期] 最新收盘日\n[计算周期] 日\n[收益率计算方法] 普通收益率\n[标的指数] 上证综合指数\n[单位] %', '基金规模(合计)\n[交易日期] S_cal_date(now(),0,D,0)\n[单位] 亿元', '基金份额持有人户数\n[报告期] 20240630\n[单位] 户', '基金份额持有人户数(合计)\n[报告期] 20240630\n[单位] 户', '区间日均成交额\n[起始交易日期] S_cal_date(enddate,-1,M,0)\n[截止交易日期] 最新收盘日\n[单位] 亿元', '基金管理人简称', '基金场内简称', '跟踪指数名称', '月成交额\n[交易日期] 最新收盘日\n[单位] 百万元', 'change_rate', 'turnover_rate', 'amount', 'transaction_count', 'total_market_value', 'open_price', 'high_price', 'low_price', 'close_price', 'amplitude', 'premium_discount', 'premium_discount_rate', 'date', 'update_time']
2025-04-15 10:20:18,994 - INFO - 数据示例:
     code         证券简称            业绩比较基准  成立年限\n[单位] 年   基金上市地点  ... amplitude premium_discount  premium_discount_rate        date          update_time
0  563010        电信ETF       中证电信主题指数收益率        1.7808  上海证券交易所  ...    0.9868          -0.0017                -0.1393  2025-04-14  2025-04-15 10:20:18
1  159005     汇添富快钱ETF        活期存款利率(税后)       10.3178  深圳证券交易所  ...    0.0020           0.0010                 0.0010  2025-04-14  2025-04-15 10:20:18
2  159321      黄金股票ETF  中证沪深港黄金产业股票指数收益率        0.9342  深圳证券交易所  ...    6.1224           0.0128                 1.1894  2025-04-14  2025-04-15 10:20:18
3  159531    中证2000ETF       中证2000指数收益率        1.6055  深圳证券交易所  ...    2.0916           0.0008                 0.0779  2025-04-14  2025-04-15 10:20:18
4  159597  创业板成长ETF易方达        创业板成长指数收益率        0.9370  深圳证券交易所  ...    1.4111          -0.0004                -0.0375  2025-04-14  2025-04-15 10:20:18

[5 rows x 39 columns]
2025-04-15 10:20:19,023 - INFO - 成功导入ETF价格数据，共1135条记录
2025-04-15 10:20:19,024 - INFO - 开始导入ETF持有人数据...
2025-04-15 10:20:19,024 - INFO - 使用文件: data/客户ETF保有量20250414.xlsx
2025-04-15 10:20:19,024 - INFO - 从文件名中提取的日期: 2025-04-14
2025-04-15 10:20:19,084 - INFO - 文件中的工作表: ['客户ETF保有量', '仪表板']
2025-04-15 10:20:19,094 - INFO - 原始列名: ['数据截止日期']
2025-04-15 10:20:19,094 - INFO - 数据形状: (0, 1)
2025-04-15 10:20:19,094 - INFO - 数据前5行:
Empty DataFrame
Columns: [数据截止日期]
Index: []
2025-04-15 10:20:19,094 - WARNING - 标准读取方式返回空数据或只有单列，尝试读取所有单元格...
2025-04-15 10:20:19,204 - INFO - 尝试读取工作表: 客户ETF保有量
2025-04-15 10:20:19,210 - INFO - 找到的标题行: ('数据截止日期', '标的代码', '标的名称', '持仓份额', '持仓客户数', '持仓市值')
2025-04-15 10:20:19,212 - INFO - 成功读取数据，形状: (1107, 6)
2025-04-15 10:20:19,214 - INFO - 处理后列名: ['数据截止日期', 'code', '标的名称', 'holding_amount', 'holder_count', 'holding_value', 'date']
2025-04-15 10:20:19,220 - INFO - 处理后数据前5行:
     数据截止日期    code        标的名称  holding_amount  holder_count  holding_value        date
0  20250414  159001       货币ETF         54406.0            12     5440600.00  2025-04-14
1      None  159003     招商快线ETF           853.0             4       85300.00  2025-04-14
2      None  159005    汇添富快钱ETF          1300.0            12      130001.30  2025-04-14
3      None  159150  深证50ETF易方达       1769366.0            37     1949841.33  2025-04-14
4      None  159201    自由现金流ETF      28125532.0           565    26663004.35  2025-04-14
2025-04-15 10:20:19,258 - INFO - 成功导入ETF持有人数据，共1107条记录
2025-04-15 10:20:19,259 - INFO - 开始导入ETF自选数据...
2025-04-15 10:20:19,259 - INFO - 使用文件: data/客户ETF自选人数20250414.xlsx
2025-04-15 10:20:19,259 - INFO - 从文件名中提取的日期: 2025-04-14
2025-04-15 10:20:19,288 - INFO - 文件中的工作表: ['客户ETF自选人数', '仪表板']
2025-04-15 10:20:19,298 - INFO - 原始列名: ['数据截止日期']
2025-04-15 10:20:19,298 - INFO - 数据形状: (0, 1)
2025-04-15 10:20:19,299 - INFO - 数据前5行:
Empty DataFrame
Columns: [数据截止日期]
Index: []
2025-04-15 10:20:19,299 - WARNING - 标准读取方式返回空数据或只有单列，尝试读取所有单元格...
2025-04-15 10:20:19,358 - INFO - 尝试读取工作表: 客户ETF自选人数
2025-04-15 10:20:19,361 - INFO - 找到的标题行: ('数据截止日期', '标的代码', '加自选人数')
2025-04-15 10:20:19,362 - INFO - 成功读取数据，形状: (1120, 3)
2025-04-15 10:20:19,362 - INFO - 标准化后列名: ['数据截止日期', '标的代码', '加自选人数']
2025-04-15 10:20:19,362 - INFO - 找到的代码列: ['标的代码']
2025-04-15 10:20:19,362 - INFO - 找到的自选列: ['加自选人数']
2025-04-15 10:20:19,364 - INFO - 处理后列名: ['数据截止日期', 'code', 'attention_count', 'date']
2025-04-15 10:20:19,367 - INFO - 处理后数据前5行:
     数据截止日期    code  attention_count        date
0  20250414  159001               99  2025-04-14
1      None  159003               98  2025-04-14
2      None  159005               43  2025-04-14
3      None  159150              248  2025-04-14
4      None  159201              885  2025-04-14
2025-04-15 10:20:19,397 - INFO - 成功导入ETF自选数据，共1120条记录
2025-04-15 10:20:19,398 - INFO - 开始导入ETF指数分类数据...
2025-04-15 10:20:19,399 - INFO - 使用文件: data/ETF-Index-Classification_20250325.xlsx
2025-04-15 10:20:19,449 - INFO - 成功导入ETF指数分类数据，共429条记录
2025-04-15 10:20:19,449 - INFO - 开始导入ETF商务协议数据...
2025-04-15 10:20:19,450 - INFO - 使用文件: data/ETF单产品商务协议20250328.xlsx
2025-04-15 10:20:19,567 - INFO - 成功导入ETF商务协议数据，共339条记录
2025-04-15 10:20:19,568 - INFO - === ETF数据导入完成 ===
2025-04-15 10:20:19,568 - INFO - ETF基本信息: 成功
2025-04-15 10:20:19,568 - INFO - ETF价格数据: 成功
2025-04-15 10:20:19,568 - INFO - ETF持有人数据: 成功
2025-04-15 10:20:19,568 - INFO - ETF自选数据: 成功
2025-04-15 10:20:19,568 - INFO - ETF指数分类数据: 成功
2025-04-15 10:20:19,568 - INFO - ETF商务协议数据: 成功
2025-04-15 10:20:19,568 - INFO - === 数据库记录统计 ===
2025-04-15 10:20:19,568 - INFO - ETF基本信息表: 1135条记录
2025-04-15 10:20:19,568 - INFO - ETF价格数据表: 1135条记录
2025-04-15 10:20:19,568 - INFO - ETF持有人数据表: 1107条记录
2025-04-15 10:20:19,569 - INFO - ETF自选数据表: 1120条记录
2025-04-15 10:20:19,569 - INFO - ETF商务协议数据表: 339条记录
2025-04-16 08:22:16,870 - INFO - === 开始导入所有ETF数据 ===
2025-04-16 08:22:16,872 - INFO - 列名映射已保存到: data/etf_column_names.json
2025-04-16 08:22:16,872 - INFO - 开始导入ETF基本信息...
2025-04-16 08:22:16,874 - INFO - 使用文件: data/ETF_DATA_20250415.xlsx
2025-04-16 08:22:16,875 - INFO - 从文件名中提取的日期: 2025-04-15
2025-04-16 08:22:17,744 - INFO - 成功导入ETF基本信息，共1136条记录
2025-04-16 08:22:17,745 - INFO - 开始导入ETF价格数据...
2025-04-16 08:22:17,745 - INFO - 使用文件: data/ETF_DATA_20250415.xlsx
2025-04-16 08:22:17,745 - INFO - 从文件名中提取的日期: 2025-04-15
2025-04-16 08:22:18,235 - INFO - 原始列名: ['证券代码', '证券简称', '业绩比较基准', '成立年限\n[单位] 年', '基金上市地点', '基金成立日', '基金管理人', '管理费率\n[单位] %', '托管费率\n[单位] %', '指数使用费率', '跟踪指数代码', '日均跟踪偏离度阈值(业绩基准)\n[单位] %', '年化跟踪误差阈值(业绩基准)\n[单位] %', '跟踪误差\n[起始交易日期] S_cal_date(enddate,-52,W,0)\n[截止交易日期] 最新收盘日\n[计算周期] 日\n[收益率计算方法] 普通收益率\n[标的指数] 上证综合指数\n[单位] %', '跟踪误差(跟踪指数)\n[起始交易日期] S_cal_date(enddate,-52,W,0)\n[截止交易日期] 最新收盘日\n[计算周期] 日\n[收益率计算方法] 普通收益率\n[单位] %', '信息比率(年化)\n[起始交易日期] S_cal_date(enddate,-52,W,0)\n[截止交易日期] 最新收盘日\n[计算周期] 日\n[收益率计算方法] 普通收益率\n[无风险收益率] 一年定存利率（税前）\n[标的指数] 上证综合指数', '跟踪误差(年化)\n[起始交易日期] S_cal_date(enddate,-52,W,0)\n[截止交易日期] 最新收盘日\n[计算周期] 日\n[收益率计算方法] 普通收益率\n[标的指数] 上证综合指数\n[单位] %', '基金规模(合计)\n[交易日期] S_cal_date(now(),0,D,0)\n[单位] 亿元', '基金份额持有人户数\n[报告期] 20240630\n[单位] 户', '基金份额持有人户数(合计)\n[报告期] 20240630\n[单位] 户', '区间日均成交额\n[起始交易日期] S_cal_date(enddate,-1,M,0)\n[截止交易日期] 最新收盘日\n[单位] 亿元', '基金管理人简称', '基金场内简称', '跟踪指数名称', '月成交额\n[交易日期] 最新收盘日\n[单位] 百万元', '涨跌幅\n[交易日期] 最新收盘日\n[单位] %', '换手率\n[交易日期] 最新收盘日\n[单位] %', '成交额\n[交易日期] 最新收盘日\n[单位] 亿元', '成交笔数\n[交易日期] 最新收盘日\n[单位] 笔', '总市值\n[交易日期] 最新收盘日\n[单位] 亿元', '开盘价\n[交易日期] 最新收盘日\n[复权方式] 不复权\n[单位] 元', '最高价\n[交易日期] 最新收盘日\n[复权方式] 不复权\n[单位] 元', '最低价\n[交易日期] 最新收盘日\n[复权方式] 不复权\n[单位] 元', '收盘价\n[交易日期] 最新收盘日\n[复权方式] 不复权\n[单位] 元', '振幅\n[交易日期] 最新收盘日\n[单位] %', '升贴水\n[交易日期] 最新收盘日\n[单位] 元', '升贴水率\n[交易日期] 最新收盘日\n[单位] %']
2025-04-16 08:22:18,236 - INFO - 匹配到的列映射: {'证券代码': 'code', '涨跌幅\n[交易日期] 最新收盘日\n[单位] %': 'change_rate', '换手率\n[交易日期] 最新收盘日\n[单位] %': 'turnover_rate', '成交额\n[交易日期] 最新收盘日\n[单位] 亿元': 'amount', '成交笔数\n[交易日期] 最新收盘日\n[单位] 笔': 'transaction_count', '总市值\n[交易日期] 最新收盘日\n[单位] 亿元': 'total_market_value', '开盘价\n[交易日期] 最新收盘日\n[复权方式] 不复权\n[单位] 元': 'open_price', '最高价\n[交易日期] 最新收盘日\n[复权方式] 不复权\n[单位] 元': 'high_price', '最低价\n[交易日期] 最新收盘日\n[复权方式] 不复权\n[单位] 元': 'low_price', '收盘价\n[交易日期] 最新收盘日\n[复权方式] 不复权\n[单位] 元': 'close_price', '振幅\n[交易日期] 最新收盘日\n[单位] %': 'amplitude', '升贴水\n[交易日期] 最新收盘日\n[单位] 元': 'premium_discount', '升贴水率\n[交易日期] 最新收盘日\n[单位] %': 'premium_discount_rate'}
2025-04-16 08:22:18,238 - INFO - 最终列名: ['code', '证券简称', '业绩比较基准', '成立年限\n[单位] 年', '基金上市地点', '基金成立日', '基金管理人', '管理费率\n[单位] %', '托管费率\n[单位] %', '指数使用费率', '跟踪指数代码', '日均跟踪偏离度阈值(业绩基准)\n[单位] %', '年化跟踪误差阈值(业绩基准)\n[单位] %', '跟踪误差\n[起始交易日期] S_cal_date(enddate,-52,W,0)\n[截止交易日期] 最新收盘日\n[计算周期] 日\n[收益率计算方法] 普通收益率\n[标的指数] 上证综合指数\n[单位] %', '跟踪误差(跟踪指数)\n[起始交易日期] S_cal_date(enddate,-52,W,0)\n[截止交易日期] 最新收盘日\n[计算周期] 日\n[收益率计算方法] 普通收益率\n[单位] %', '信息比率(年化)\n[起始交易日期] S_cal_date(enddate,-52,W,0)\n[截止交易日期] 最新收盘日\n[计算周期] 日\n[收益率计算方法] 普通收益率\n[无风险收益率] 一年定存利率（税前）\n[标的指数] 上证综合指数', '跟踪误差(年化)\n[起始交易日期] S_cal_date(enddate,-52,W,0)\n[截止交易日期] 最新收盘日\n[计算周期] 日\n[收益率计算方法] 普通收益率\n[标的指数] 上证综合指数\n[单位] %', '基金规模(合计)\n[交易日期] S_cal_date(now(),0,D,0)\n[单位] 亿元', '基金份额持有人户数\n[报告期] 20240630\n[单位] 户', '基金份额持有人户数(合计)\n[报告期] 20240630\n[单位] 户', '区间日均成交额\n[起始交易日期] S_cal_date(enddate,-1,M,0)\n[截止交易日期] 最新收盘日\n[单位] 亿元', '基金管理人简称', '基金场内简称', '跟踪指数名称', '月成交额\n[交易日期] 最新收盘日\n[单位] 百万元', 'change_rate', 'turnover_rate', 'amount', 'transaction_count', 'total_market_value', 'open_price', 'high_price', 'low_price', 'close_price', 'amplitude', 'premium_discount', 'premium_discount_rate', 'date', 'update_time']
2025-04-16 08:22:18,260 - INFO - 数据示例:
     code         证券简称                     业绩比较基准  成立年限\n[单位] 年   基金上市地点  ... amplitude premium_discount  premium_discount_rate        date          update_time
0  159005     汇添富快钱ETF                 活期存款利率(税后)       10.3205  深圳证券交易所  ...    0.0020           0.0010                 0.0010  2025-04-15  2025-04-16 08:22:18
1  159321      黄金股票ETF           中证沪深港黄金产业股票指数收益率        0.9370  深圳证券交易所  ...    3.8567           0.0027                 0.2506  2025-04-15  2025-04-16 08:22:18
2  159531    中证2000ETF                中证2000指数收益率        1.6082  深圳证券交易所  ...    1.4591           0.0004                 0.0390  2025-04-15  2025-04-16 08:22:18
3  159597  创业板成长ETF易方达                 创业板成长指数收益率        0.9397  深圳证券交易所  ...    1.4071          -0.0009                -0.0848  2025-04-15  2025-04-16 08:22:18
4  159788    港股通100ETF  中证港股通中国100指数收益率(使用估值汇率折算)        3.1479  深圳证券交易所  ...    1.0989           0.0058                 0.4910  2025-04-15  2025-04-16 08:22:18

[5 rows x 39 columns]
2025-04-16 08:22:18,292 - INFO - 成功导入ETF价格数据，共1136条记录
2025-04-16 08:22:18,292 - INFO - 开始导入ETF持有人数据...
2025-04-16 08:22:18,293 - INFO - 使用文件: data/客户ETF保有量20250415.xlsx
2025-04-16 08:22:18,293 - INFO - 从文件名中提取的日期: 2025-04-15
2025-04-16 08:22:18,352 - INFO - 文件中的工作表: ['客户ETF保有量', '仪表板']
2025-04-16 08:22:18,360 - INFO - 原始列名: ['数据截止日期']
2025-04-16 08:22:18,360 - INFO - 数据形状: (0, 1)
2025-04-16 08:22:18,361 - INFO - 数据前5行:
Empty DataFrame
Columns: [数据截止日期]
Index: []
2025-04-16 08:22:18,361 - WARNING - 标准读取方式返回空数据或只有单列，尝试读取所有单元格...
2025-04-16 08:22:18,463 - INFO - 尝试读取工作表: 客户ETF保有量
2025-04-16 08:22:18,469 - INFO - 找到的标题行: ('数据截止日期', '标的代码', '标的名称', '持仓份额', '持仓客户数', '持仓市值')
2025-04-16 08:22:18,471 - INFO - 成功读取数据，形状: (1109, 6)
2025-04-16 08:22:18,474 - INFO - 处理后列名: ['数据截止日期', 'code', '标的名称', 'holding_amount', 'holder_count', 'holding_value', 'date']
2025-04-16 08:22:18,479 - INFO - 处理后数据前5行:
     数据截止日期    code        标的名称  holding_amount  holder_count  holding_value        date
0  20250415  159001       货币ETF         54506.0            12   5.450655e+06  2025-04-15
1      None  159003     招商快线ETF          5953.0             5   5.953000e+05  2025-04-15
2      None  159005    汇添富快钱ETF          1300.0            12   1.300013e+05  2025-04-15
3      None  159150  深证50ETF易方达       1769366.0            37   1.949841e+06  2025-04-15
4      None  159201    自由现金流ETF      27759532.0           569   2.634380e+07  2025-04-15
2025-04-16 08:22:18,519 - INFO - 成功导入ETF持有人数据，共1109条记录
2025-04-16 08:22:18,520 - INFO - 开始导入ETF自选数据...
2025-04-16 08:22:18,520 - INFO - 使用文件: data/客户ETF自选人数20250415.xlsx
2025-04-16 08:22:18,520 - INFO - 从文件名中提取的日期: 2025-04-15
2025-04-16 08:22:18,546 - INFO - 文件中的工作表: ['客户ETF自选人数', '仪表板']
2025-04-16 08:22:18,555 - INFO - 原始列名: ['数据截止日期']
2025-04-16 08:22:18,555 - INFO - 数据形状: (0, 1)
2025-04-16 08:22:18,555 - INFO - 数据前5行:
Empty DataFrame
Columns: [数据截止日期]
Index: []
2025-04-16 08:22:18,555 - WARNING - 标准读取方式返回空数据或只有单列，尝试读取所有单元格...
2025-04-16 08:22:18,628 - INFO - 尝试读取工作表: 客户ETF自选人数
2025-04-16 08:22:18,632 - INFO - 找到的标题行: ('数据截止日期', '标的代码', '加自选人数')
2025-04-16 08:22:18,633 - INFO - 成功读取数据，形状: (1121, 3)
2025-04-16 08:22:18,633 - INFO - 标准化后列名: ['数据截止日期', '标的代码', '加自选人数']
2025-04-16 08:22:18,633 - INFO - 找到的代码列: ['标的代码']
2025-04-16 08:22:18,633 - INFO - 找到的自选列: ['加自选人数']
2025-04-16 08:22:18,635 - INFO - 处理后列名: ['数据截止日期', 'code', 'attention_count', 'date']
2025-04-16 08:22:18,638 - INFO - 处理后数据前5行:
     数据截止日期    code  attention_count        date
0  20250415  159001               99  2025-04-15
1      None  159003               98  2025-04-15
2      None  159005               43  2025-04-15
3      None  159150              249  2025-04-15
4      None  159201              892  2025-04-15
2025-04-16 08:22:18,671 - INFO - 成功导入ETF自选数据，共1121条记录
2025-04-16 08:22:18,671 - INFO - 开始导入ETF指数分类数据...
2025-04-16 08:22:18,672 - INFO - 使用文件: data/ETF-Index-Classification_20250325.xlsx
2025-04-16 08:22:18,720 - INFO - 成功导入ETF指数分类数据，共429条记录
2025-04-16 08:22:18,720 - INFO - 开始导入ETF商务协议数据...
2025-04-16 08:22:18,721 - INFO - 使用文件: data/ETF单产品商务协议20250328.xlsx
2025-04-16 08:22:18,819 - INFO - 成功导入ETF商务协议数据，共339条记录
2025-04-16 08:22:18,819 - INFO - === ETF数据导入完成 ===
2025-04-16 08:22:18,819 - INFO - ETF基本信息: 成功
2025-04-16 08:22:18,819 - INFO - ETF价格数据: 成功
2025-04-16 08:22:18,819 - INFO - ETF持有人数据: 成功
2025-04-16 08:22:18,819 - INFO - ETF自选数据: 成功
2025-04-16 08:22:18,819 - INFO - ETF指数分类数据: 成功
2025-04-16 08:22:18,819 - INFO - ETF商务协议数据: 成功
2025-04-16 08:22:18,820 - INFO - === 数据库记录统计 ===
2025-04-16 08:22:18,820 - INFO - ETF基本信息表: 1136条记录
2025-04-16 08:22:18,820 - INFO - ETF价格数据表: 1136条记录
2025-04-16 08:22:18,820 - INFO - ETF持有人数据表: 1109条记录
2025-04-16 08:22:18,820 - INFO - ETF自选数据表: 1121条记录
2025-04-16 08:22:18,820 - INFO - ETF商务协议数据表: 339条记录
